Log file open, 08/11/18 10:04:03
LogWindows: Failed to load 'aqProf.dll' (GetLastError=126)
LogWindows: File 'aqProf.dll' does not exist
LogWindows: Failed to load 'VtuneApi.dll' (GetLastError=126)
LogWindows: File 'VtuneApi.dll' does not exist
LogWindows: Failed to load 'VtuneApi32e.dll' (GetLastError=126)
LogWindows: File 'VtuneApi32e.dll' does not exist
LogInit: Display: Running engine for game: LudumDare
LogPlatformFile: Not using cached read wrapper
LogTaskGraph: Started task graph with 5 named threads and 11 total threads with 3 sets of task threads.
LogStats: Stats thread started at 0.153489
LogD3D11RHI: Loaded GFSDK_Aftermath_Lib.x64.dll
LogICUInternationalization: Display: ICU TimeZone Detection - Raw Offset: +3:00, Platform Override: ''
LogPluginManager: Mounting plugin Paper2D
LogPluginManager: Mounting plugin AISupport
LogPluginManager: Mounting plugin LightPropagationVolume
LogPluginManager: Mounting plugin CLionSourceCodeAccess
LogPluginManager: Mounting plugin CodeLiteSourceCodeAccess
LogPluginManager: Mounting plugin GitSourceControl
LogPluginManager: Mounting plugin KDevelopSourceCodeAccess
LogPluginManager: Mounting plugin NullSourceCodeAccess
LogPluginManager: Mounting plugin PerforceSourceControl
LogPluginManager: Mounting plugin SubversionSourceControl
LogPluginManager: Mounting plugin UObjectPlugin
LogPluginManager: Mounting plugin VisualStudioCodeSourceCodeAccess
LogPluginManager: Mounting plugin VisualStudioSourceCodeAccess
LogPluginManager: Mounting plugin XCodeSourceCodeAccess
LogPluginManager: Mounting plugin AssetManagerEditor
LogPluginManager: Mounting plugin CryptoKeys
LogPluginManager: Mounting plugin DataValidation
LogPluginManager: Mounting plugin FacialAnimation
LogPluginManager: Mounting plugin GameplayTagsEditor
LogPluginManager: Mounting plugin MacGraphicsSwitching
LogPluginManager: Mounting plugin MeshEditor
LogPluginManager: Mounting plugin MobileLauncherProfileWizard
LogPluginManager: Mounting plugin PluginBrowser
LogPluginManager: Mounting plugin SpeedTreeImporter
LogPluginManager: Mounting plugin DatasmithContent
LogPluginManager: Mounting plugin AlembicImporter
LogPluginManager: Mounting plugin AppleImageUtils
LogPluginManager: Mounting plugin AppleVision
LogPluginManager: Mounting plugin BackChannel
LogPluginManager: Mounting plugin CharacterAI
LogPluginManager: Mounting plugin GeometryCache
LogPluginManager: Mounting plugin HTML5Networking
LogPluginManager: Mounting plugin ProxyLODPlugin
LogPluginManager: Mounting plugin MagicLeap
LogPluginManager: Mounting plugin MagicLeapEmulator
LogPluginManager: Mounting plugin MagicLeapMedia
LogPluginManager: Mounting plugin AndroidMedia
LogPluginManager: Mounting plugin AvfMedia
LogPluginManager: Mounting plugin ImgMedia
LogPluginManager: Mounting plugin LinearTimecode
LogPluginManager: Mounting plugin MediaCompositing
LogPluginManager: Mounting plugin MediaPlayerEditor
LogPluginManager: Mounting plugin WmfMedia
LogPluginManager: Mounting plugin TcpMessaging
LogPluginManager: Mounting plugin UdpMessaging
LogPluginManager: Mounting plugin ActorSequence
LogPluginManager: Mounting plugin LevelSequenceEditor
LogPluginManager: Mounting plugin MatineeToLevelSequence
LogPluginManager: Mounting plugin NetcodeUnitTest
LogPluginManager: Mounting plugin NUTUnrealEngine4
LogPluginManager: Mounting plugin OnlineSubsystemGooglePlay
LogPluginManager: Mounting plugin OnlineSubsystemIOS
LogPluginManager: Mounting plugin OnlineSubsystem
LogPluginManager: Mounting plugin OnlineSubsystemNull
LogPluginManager: Mounting plugin OnlineSubsystemUtils
LogPluginManager: Mounting plugin LauncherChunkInstaller
LogPluginManager: Mounting plugin AndroidDeviceProfileSelector
LogPluginManager: Mounting plugin AndroidMoviePlayer
LogPluginManager: Mounting plugin AndroidPermission
LogPluginManager: Mounting plugin AppleMoviePlayer
LogPluginManager: Mounting plugin ArchVisCharacter
LogPluginManager: Mounting plugin AudioCapture
LogPluginManager: Mounting plugin CableComponent
LogPluginManager: Mounting plugin CustomMeshComponent
LogPluginManager: Mounting plugin EditableMesh
LogPluginManager: Mounting plugin ExampleDeviceProfileSelector
LogPluginManager: Mounting plugin GoogleCloudMessaging
LogPluginManager: Mounting plugin ImmediatePhysics
LogPluginManager: Mounting plugin IOSDeviceProfileSelector
LogPluginManager: Mounting plugin LinuxDeviceProfileSelector
LogPluginManager: Mounting plugin LocationServicesBPLibrary
LogPluginManager: Mounting plugin MobilePatchingUtils
LogPluginManager: Mounting plugin OculusVR
LogPluginManager: Plugin shader directory ../../../Engine/Plugins/Runtime/Oculus/OculusVR/Shaders found
LogPluginManager: Mapping shader source directory ../../../Engine/Plugins/Runtime/Oculus/OculusVR/Shaders to virtual directory /Plugin/OculusVR
LogPluginManager: Mounting plugin PhysXVehicles
LogPluginManager: Mounting plugin ProceduralMeshComponent
LogPluginManager: Mounting plugin RuntimePhysXCooking
LogPluginManager: Mounting plugin SteamVR
LogPluginManager: Mounting plugin WindowsMoviePlayer
LogStreaming: Display: Took  0.167s to configure plugins.
LogInit: Using libcurl 7.55.1-DEV
LogInit:  - built for x86_64-pc-win32
LogInit:  - supports SSL with OpenSSL/1.0.2h
LogInit:  - supports HTTP deflate (compression) using libz 1.2.8
LogInit:  - other features:
LogInit:      CURL_VERSION_SSL
LogInit:      CURL_VERSION_LIBZ
LogInit:      CURL_VERSION_IPV6
LogInit:      CURL_VERSION_ASYNCHDNS
LogInit:      CURL_VERSION_LARGEFILE
LogInit:      CURL_VERSION_IDN
LogInit:  CurlRequestOptions (configurable via config and command line):
LogInit:  - bVerifyPeer = false  - Libcurl will NOT verify peer certificate
LogInit:  - bUseHttpProxy = false  - Libcurl will NOT use HTTP proxy
LogInit:  - bDontReuseConnections = false  - Libcurl will reuse connections
LogInit:  - CertBundlePath = nullptr  - Libcurl will use whatever was configured at build time.
LogInit:  - MaxHostConnections = 16  - Libcurl will limit the number of connections to a host
LogInit:  - LocalHostAddr = Default
LogInit:  - BufferSize = 65536
LogInit: WinSock: version 1.1 (2.2), MaxSocks=32767, MaxUdp=65467
LogInit: Build: ++UE4+Release-4.20-CL-4233996
LogInit: Engine Version: 4.20.1-4233996+++UE4+Release-4.20
LogInit: Compatible Engine Version: 4.20.0-4212847+++UE4+Release-4.20
LogInit: Net CL: 4212847
LogInit: OS: Windows 10 (), CPU: Intel(R) Core(TM) i5-7200U CPU @ 2.50GHz, GPU: Intel(R) HD Graphics 620
LogInit: Compiled (64-bit): Jul 26 2018 10:07:30
LogInit: Compiled with Visual C++: 19.13.26129.00
LogInit: Build Configuration: Development
LogInit: Branch Name: ++UE4+Release-4.20
LogInit: Command Line: 
LogInit: Base Directory: E:/UnrealEngine/UE_4.20/Engine/Binaries/Win64/
LogInit: Installed Engine Build: 1
LogDevObjectVersion: Number of dev versions registered: 20
LogDevObjectVersion:   Dev-Blueprints (B0D832E4-1F89-4F0D-ACCF-7EB736FD4AA2): 10
LogDevObjectVersion:   Dev-Build (E1C64328-A22C-4D53-A36C-8E866417BD8C): 0
LogDevObjectVersion:   Dev-Core (375EC13C-06E4-48FB-B500-84F0262A717E): 2
LogDevObjectVersion:   Dev-Editor (E4B068ED-F494-42E9-A231-DA0B2E46BB41): 24
LogDevObjectVersion:   Dev-Framework (CFFC743F-43B0-4480-9391-14DF171D2073): 34
LogDevObjectVersion:   Dev-Mobile (B02B49B5-BB20-44E9-A304-32B752E40360): 2
LogDevObjectVersion:   Dev-Networking (A4E4105C-59A1-49B5-A7C5-40C4547EDFEE): 0
LogDevObjectVersion:   Dev-Online (39C831C9-5AE6-47DC-9A44-9C173E1C8E7C): 0
LogDevObjectVersion:   Dev-Physics (78F01B33-EBEA-4F98-B9B4-84EACCB95AA2): 0
LogDevObjectVersion:   Dev-Platform (6631380F-2D4D-43E0-8009-CF276956A95A): 0
LogDevObjectVersion:   Dev-Rendering (12F88B9F-8875-4AFC-A67C-D90C383ABD29): 26
LogDevObjectVersion:   Dev-Sequencer (7B5AE74C-D270-4C10-A958-57980B212A5A): 9
LogDevObjectVersion:   Dev-VR (D7296918-1DD6-4BDD-9DE2-64A83CC13884): 2
LogDevObjectVersion:   Dev-LoadTimes (C2A15278-BFE7-4AFE-6C17-90FF531DF755): 1
LogDevObjectVersion:   Private-Geometry (6EACA3D4-40EC-4CC1-B786-8BED09428FC5): 3
LogDevObjectVersion:   Dev-AnimPhys (29E575DD-E0A3-4627-9D10-D276232CDCEA): 17
LogDevObjectVersion:   Dev-ReflectionCapture (6B266CEC-1EC7-4B8F-A30B-E4D90942FC07): 1
LogDevObjectVersion:   Dev-Automation (0DF73D61-A23F-47EA-B727-89E90C41499A): 1
LogDevObjectVersion:   FortniteMain (601D1886-AC64-4F84-AA16-D3DE0DEAC7D6): 12
LogDevObjectVersion:   Dev-Enterprise (9DFFBCD6-494F-0158-E221-12823C92A888): 1
LogStreaming: Display: Took  0.000s to delete old logs.
LogInit: Presizing for max 8388607 objects, including 0 objects not considered by GC, pre-allocating 0 bytes for permanent pool.
LogInit: Object subsystem initialized
[2018.08.11-07.04.04:175][  0]LogInit: Selected Device Profile: [Windows]
[2018.08.11-07.04.04:175][  0]LogInit: Applying CVar settings loaded from the selected device profile: [Windows]
[2018.08.11-07.04.04:192][  0]LogHAL: Display: Platform has ~ 8 GB [8485310464 / 8589934592 / 8], which maps to Default [LargestMinGB=32, LargerMinGB=12, DefaultMinGB=8, SmallerMinGB=6, SmallestMinGB=0)
[2018.08.11-07.04.04:192][  0]LogInit: Setting Device Profile CVar: [[r.Vulkan.UseRealUBs:1]]
[2018.08.11-07.04.04:192][  0]LogInit: Going up to parent DeviceProfile []
[2018.08.11-07.04.04:192][  0]LogInit: Computer: DESKTOP-VRO2AJ2
[2018.08.11-07.04.04:192][  0]LogInit: User: Kirill
[2018.08.11-07.04.04:192][  0]LogInit: CPU Page size=4096, Cores=2
[2018.08.11-07.04.04:192][  0]LogInit: High frequency timer resolution =2.648437 MHz
[2018.08.11-07.04.04:193][  0]LogMemory: Memory total: Physical=7.9GB (8GB approx)
[2018.08.11-07.04.04:193][  0]LogMemory: Platform Memory Stats for Windows
[2018.08.11-07.04.04:193][  0]LogMemory: Process Physical Memory: 100.24 MB used, 100.24 MB peak
[2018.08.11-07.04.04:193][  0]LogMemory: Process Virtual Memory: 90.69 MB used, 90.69 MB peak
[2018.08.11-07.04.04:193][  0]LogMemory: Physical Memory: 4879.47 MB used,  3212.75 MB free, 8092.22 MB total
[2018.08.11-07.04.04:193][  0]LogMemory: Virtual Memory: 530.36 MB used,  3212.75 MB free, 134217728.00 MB total
[2018.08.11-07.04.04:628][  0]LogInit: Using OS detected language (ru-RU).
[2018.08.11-07.04.04:628][  0]LogInit: Using OS detected locale (ru-RU).
[2018.08.11-07.04.04:629][  0]LogTextLocalizationManager: No specific localization for 'ru-RU' exists, so the 'ru' localization will be used.
[2018.08.11-07.04.04:631][  0]LogStreaming: Display: Took  0.003s to InitEngineTextLocalization.
[2018.08.11-07.04.04:631][  0]LogInit: Setting process to per monitor DPI aware
[2018.08.11-07.04.04:686][  0]LogSlate: New Slate User Created.  User Index 0, Is Virtual User: 0
[2018.08.11-07.04.04:686][  0]LogSlate: Slate User Registered.  User Index 0, Is Virtual User: 0
[2018.08.11-07.04.04:965][  0]LogHMD: Failed to initialize OpenVR with code 110
[2018.08.11-07.04.04:965][  0]LogD3D11RHI: D3D11 adapters:
[2018.08.11-07.04.05:005][  0]LogD3D11RHI:    1. 'Intel(R) HD Graphics 620' (Feature Level 11_0)
[2018.08.11-07.04.05:006][  0]LogD3D11RHI:       128/0/4046 MB DedicatedVideo/DedicatedSystem/SharedSystem, Outputs:0, VendorId:0x8086
[2018.08.11-07.04.05:009][  0]LogD3D11RHI:    2. 'Microsoft Basic Render Driver' (Feature Level 11_0)
[2018.08.11-07.04.05:009][  0]LogD3D11RHI:       0/0/4046 MB DedicatedVideo/DedicatedSystem/SharedSystem, Outputs:0, VendorId:0x1414
[2018.08.11-07.04.05:009][  0]LogD3D11RHI: Chosen D3D11 Adapter: 1
[2018.08.11-07.04.05:015][  0]LogD3D11RHI: Creating new Direct3DDevice
[2018.08.11-07.04.05:015][  0]LogD3D11RHI:     GPU DeviceId: 0x5916 (for the marketing name, search the web for "GPU Device Id")
[2018.08.11-07.04.05:016][  0]LogWindows: EnumDisplayDevices:
[2018.08.11-07.04.05:016][  0]LogWindows:    0. 'Intel(R) HD Graphics 620' (P:1 D:1)
[2018.08.11-07.04.05:016][  0]LogWindows:    1. 'Intel(R) HD Graphics 620' (P:0 D:0)
[2018.08.11-07.04.05:016][  0]LogWindows:    2. 'Intel(R) HD Graphics 620' (P:0 D:0)
[2018.08.11-07.04.05:017][  0]LogWindows: DebugString: FoundDriverCount:3 
[2018.08.11-07.04.05:017][  0]LogD3D11RHI:     Adapter Name: Intel(R) HD Graphics 620
[2018.08.11-07.04.05:017][  0]LogD3D11RHI:   Driver Version: 23.20.16.4849 (internal:23.20.16.4849, unified:23.20.16.4849)
[2018.08.11-07.04.05:017][  0]LogD3D11RHI:      Driver Date: 10-27-2017
[2018.08.11-07.04.05:017][  0]LogRHI: Texture pool is 1505 MB (70% of 2151 MB)
[2018.08.11-07.04.05:027][  0]LogD3D11RHI: Async texture creation enabled
[2018.08.11-07.04.05:043][  0]LogD3D11RHI: GPU Timing Frequency: 12.000048 (Debug: 2 0)
[2018.08.11-07.04.05:044][  0]LogShaderCompilers: Guid format shader working directory is 5 characters bigger than the processId version (../../../../../LudumDareProject/LudumDare/Intermediate/Shaders/WorkingDirectory/7892/).
[2018.08.11-07.04.05:045][  0]LogShaderCompilers: Cleaned the shader compiler working directory 'C:/Users/0311s/AppData/Local/Temp/UnrealShaderWorkingDir/A6B19428404795185EA9FBB276951ABA/'.
[2018.08.11-07.04.05:516][  0]LogTemp: Display: Loaded TP AllDesktopTargetPlatform
[2018.08.11-07.04.05:529][  0]LogTemp: Display: Loaded TP MacClientTargetPlatform
[2018.08.11-07.04.05:543][  0]LogTemp: Display: Loaded TP MacNoEditorTargetPlatform
[2018.08.11-07.04.05:556][  0]LogTemp: Display: Loaded TP MacServerTargetPlatform
[2018.08.11-07.04.05:570][  0]LogTemp: Display: Loaded TP MacTargetPlatform
[2018.08.11-07.04.05:583][  0]LogTemp: Display: Loaded TP WindowsClientTargetPlatform
[2018.08.11-07.04.05:597][  0]LogTemp: Display: Loaded TP WindowsNoEditorTargetPlatform
[2018.08.11-07.04.05:610][  0]LogTemp: Display: Loaded TP WindowsServerTargetPlatform
[2018.08.11-07.04.05:616][  0]LogTemp: Display: Loaded TP WindowsTargetPlatform
[2018.08.11-07.04.05:715][  0]LogTemp: Display: Loaded TP AndroidTargetPlatform
[2018.08.11-07.04.05:715][  0]LogTemp: Display: Loaded TP AndroidTargetPlatform
[2018.08.11-07.04.05:715][  0]LogTemp: Display: Loaded TP AndroidTargetPlatform
[2018.08.11-07.04.05:715][  0]LogTemp: Display: Loaded TP AndroidTargetPlatform
[2018.08.11-07.04.05:715][  0]LogTemp: Display: Loaded TP AndroidTargetPlatform
[2018.08.11-07.04.05:715][  0]LogTemp: Display: Loaded TP AndroidTargetPlatform
[2018.08.11-07.04.05:715][  0]LogTemp: Display: Loaded TP AndroidTargetPlatform
[2018.08.11-07.04.05:715][  0]LogTemp: Display: Loaded TP AndroidTargetPlatform
[2018.08.11-07.04.05:715][  0]LogTemp: Display: Loaded TP AndroidTargetPlatform
[2018.08.11-07.04.05:715][  0]LogTemp: Display: Loaded TP AndroidTargetPlatform
[2018.08.11-07.04.05:715][  0]LogTemp: Display: Loaded TP AndroidTargetPlatform
[2018.08.11-07.04.05:715][  0]LogTemp: Display: Loaded TP AndroidTargetPlatform
[2018.08.11-07.04.05:715][  0]LogTemp: Display: Loaded TP AndroidTargetPlatform
[2018.08.11-07.04.05:715][  0]LogTemp: Display: Loaded TP AndroidTargetPlatform
[2018.08.11-07.04.05:715][  0]LogTemp: Display: Loaded TP AndroidTargetPlatform
[2018.08.11-07.04.05:715][  0]LogTemp: Display: Loaded TP AndroidTargetPlatform
[2018.08.11-07.04.05:715][  0]LogTemp: Display: Loaded TP AndroidTargetPlatform
[2018.08.11-07.04.05:715][  0]LogTemp: Display: Loaded TP AndroidTargetPlatform
[2018.08.11-07.04.05:717][  0]LogTemp: Display: Loaded TP HTML5TargetPlatform
[2018.08.11-07.04.05:784][  0]LogTemp: Display: Loaded TP IOSTargetPlatform
[2018.08.11-07.04.05:784][  0]LogTemp: Display: Loaded TP IOSTargetPlatform
[2018.08.11-07.04.05:807][  0]LogTemp: Display: Loaded TP TVOSTargetPlatform
[2018.08.11-07.04.05:807][  0]LogTemp: Display: Loaded TP TVOSTargetPlatform
[2018.08.11-07.04.05:819][  0]LogTemp: Display: Loaded TP LinuxClientTargetPlatform
[2018.08.11-07.04.05:831][  0]LogTemp: Display: Loaded TP LinuxNoEditorTargetPlatform
[2018.08.11-07.04.05:843][  0]LogTemp: Display: Loaded TP LinuxServerTargetPlatform
[2018.08.11-07.04.05:855][  0]LogTemp: Display: Loaded TP LinuxTargetPlatform
[2018.08.11-07.04.05:864][  0]LogTemp: Display: Loaded TP LuminTargetPlatform
[2018.08.11-07.04.05:864][  0]LogTargetPlatformManager: Display: Building Assets For Windows
[2018.08.11-07.04.05:917][  0]LogXGEController: Cannot use XGE Controller as Incredibuild is not installed on this machine.
[2018.08.11-07.04.05:917][  0]LogShaderCompilers: Cannot use XGE Shader Compiler as Incredibuild is not installed on this machine.
[2018.08.11-07.04.05:917][  0]LogShaderCompilers: Display: Using Local Shader Compiler.
[2018.08.11-07.04.06:674][  0]LogDerivedDataCache: Display: Max Cache Size: 512 MB
[2018.08.11-07.04.06:744][  0]LogDerivedDataCache: Loaded boot cache 0.07s 87MB C:/Users/0311s/AppData/Local/UnrealEngine/4.20/DerivedDataCache/Boot.ddc.
[2018.08.11-07.04.06:744][  0]LogDerivedDataCache: Display: Loaded Boot cache: C:/Users/0311s/AppData/Local/UnrealEngine/4.20/DerivedDataCache/Boot.ddc
[2018.08.11-07.04.06:744][  0]LogDerivedDataCache: FDerivedDataBackendGraph:  Pak pak cache file ../../../../../LudumDareProject/LudumDare/DerivedDataCache/DDC.ddp not found, will not use a pak cache.
[2018.08.11-07.04.06:744][  0]LogDerivedDataCache: Unable to find inner node Pak for hierarchical cache Hierarchy.
[2018.08.11-07.04.06:744][  0]LogDerivedDataCache: FDerivedDataBackendGraph:  CompressedPak pak cache file ../../../../../LudumDareProject/LudumDare/DerivedDataCache/Compressed.ddp not found, will not use a pak cache.
[2018.08.11-07.04.06:745][  0]LogDerivedDataCache: Unable to find inner node CompressedPak for hierarchical cache Hierarchy.
[2018.08.11-07.04.06:759][  0]LogDerivedDataCache: Display: Pak cache opened for reading ../../../Engine/DerivedDataCache/Compressed.ddp.
[2018.08.11-07.04.06:772][  0]LogDerivedDataCache: Using Local data cache path C:/Users/0311s/AppData/Local/UnrealEngine/Common/DerivedDataCache: Writable
[2018.08.11-07.04.06:772][  0]LogDerivedDataCache: Shared data cache path not found in *engine.ini, will not use an Shared cache.
[2018.08.11-07.04.06:772][  0]LogDerivedDataCache: Unable to find inner node Shared for hierarchical cache Hierarchy.
[2018.08.11-07.04.06:790][  0]LogMaterial: Verifying Global Shaders for PCD3D_SM5
[2018.08.11-07.04.06:792][  0]LogSlate: Using FreeType 2.6.0
[2018.08.11-07.04.06:792][  0]LogSlate: SlateFontServices - WITH_FREETYPE: 1, WITH_HARFBUZZ: 1
[2018.08.11-07.04.06:867][  0]LogAssetRegistry: FAssetRegistry took 0.0265 seconds to start up
[2018.08.11-07.04.07:189][  0]LogInit: Selected Device Profile: [Windows]
[2018.08.11-07.04.07:334][  0]LogSimplygon: Simplygon DLL not present - disabling.
[2018.08.11-07.04.07:338][  0]LogMeshReduction: Using SimplygonSwarm for distributed automatic mesh merging
[2018.08.11-07.04.07:338][  0]LogMeshReduction: Using ProxyLODMeshReduction for automatic mesh merging
[2018.08.11-07.04.07:338][  0]LogMeshReduction: Using QuadricMeshReduction for automatic static mesh reduction
[2018.08.11-07.04.07:338][  0]LogMeshReduction: No automatic skeletal mesh reduction module available
[2018.08.11-07.04.07:357][  0]LogNetVersion: LudumDare 1.0.0, NetCL: 4212847, EngineNetVer: 5, GameNetVer: 0 (Checksum: 2823323506)
[2018.08.11-07.04.08:020][  0]LogPackageLocalizationCache: Processed 11 localized package path(s) for 2 prioritized culture(s) in 0.120844 seconds
[2018.08.11-07.04.08:027][  0]LogUObjectArray: 38425 objects as part of root set at end of initial load.
[2018.08.11-07.04.08:027][  0]LogUObjectAllocator: 6690872 out of 0 bytes used by permanent object pool.
[2018.08.11-07.04.08:027][  0]LogUObjectArray: CloseDisregardForGC: 0/0 objects in disregard for GC pool
[2018.08.11-07.04.08:979][  0]LogTcpMessaging: Initializing TcpMessaging bridge
[2018.08.11-07.04.09:009][  0]LogUdpMessaging: Initializing bridge on interface 0.0.0.0:0 to multicast group 230.0.0.1:6666.
[2018.08.11-07.04.09:160][  0]SourceControl: Source control is disabled
[2018.08.11-07.04.09:160][  0]SourceControl: Source control is disabled
[2018.08.11-07.04.09:162][  0]SourceControl: Source control is disabled
[2018.08.11-07.04.09:163][  0]SourceControl: Source control is disabled
[2018.08.11-07.04.09:333][  0]LogAndroidPermission: UAndroidPermissionCallbackProxy::GetInstance
[2018.08.11-07.04.09:379][  0]LogOcInput: OculusInput pre-init called
[2018.08.11-07.04.09:442][  0]LogEngine: Initializing Engine...
[2018.08.11-07.04.09:443][  0]LogHMD: Failed to initialize OpenVR with code 110
[2018.08.11-07.04.09:444][  0]LogStats: UGameplayTagsManager::ConstructGameplayTagTree: ImportINI prefixes -  0.000 s
[2018.08.11-07.04.09:444][  0]LogStats: UGameplayTagsManager::ConstructGameplayTagTree: Construct from data asset -  0.000 s
[2018.08.11-07.04.09:444][  0]LogStats: UGameplayTagsManager::ConstructGameplayTagTree: ImportINI -  0.000 s
[2018.08.11-07.04.09:444][  0]LogStats: UGameplayTagsManager::ConstructGameplayTagTree: GameplayTagTreeChangedEvent.Broadcast -  0.000 s
[2018.08.11-07.04.09:906][  0]LogInit: Initializing FReadOnlyCVARCache
[2018.08.11-07.04.09:923][  0]LogAIModule: Creating AISystem for world Untitled
[2018.08.11-07.04.09:932][  0]LogInit: XAudio2 using 'Динамики (Conexant SmartAudio HD)' : 2 channels at 48 kHz using 32 bits per sample (channel mask 0x3)
[2018.08.11-07.04.10:983][  0]LogInit: FAudioDevice initialized.
[2018.08.11-07.04.10:984][  0]LogNetVersion: Set ProjectVersion to 1.0.0.0. Version Checksum will be recalculated on next use.
[2018.08.11-07.04.11:381][  0]LogDerivedDataCache: Saved boot cache 0.40s 87MB C:/Users/0311s/AppData/Local/UnrealEngine/4.20/DerivedDataCache/Boot.ddc.
[2018.08.11-07.04.11:390][  0]LogInit: Texture streaming: Enabled
[2018.08.11-07.04.11:408][  0]LogEngineSessionManager: EngineSessionManager initialized
[2018.08.11-07.04.11:422][  0]LogWindowsTextInputMethodSystem: Display: IME system now deactivated.
[2018.08.11-07.04.11:774][  0]LogInit: Transaction tracking system initialized
[2018.08.11-07.04.11:797][  0]BlueprintLog: New page: Editor Load
[2018.08.11-07.04.11:998][  0]LocalizationService: Localization service is disabled
[2018.08.11-07.04.12:336][  0]LogFileCache: Scanning file cache for directory 'E:/LudumDareProject/LudumDare/Content/' took 0.01s
[2018.08.11-07.04.12:336][  0]LogCook: Display: Max memory allowance for cook 16384mb min free memory 0mb
[2018.08.11-07.04.12:337][  0]LogCook: Display: Mobile HDR setting 1
[2018.08.11-07.04.12:337][  0]LogGameplayTags: Display: UGameplayTagsManager::DoneAddingNativeTags. DelegateIsBound: 0
[2018.08.11-07.04.12:337][  0]LogStats: UGameplayTagsManager::ConstructGameplayTagTree: ImportINI prefixes -  0.000 s
[2018.08.11-07.04.12:337][  0]LogStats: UGameplayTagsManager::ConstructGameplayTagTree: Construct from data asset -  0.000 s
[2018.08.11-07.04.12:337][  0]LogStats: UGameplayTagsManager::ConstructGameplayTagTree: ImportINI -  0.000 s
[2018.08.11-07.04.12:337][  0]LogStats: UGameplayTagsManager::ConstructGameplayTagTree: GameplayTagTreeChangedEvent.Broadcast -  0.000 s
[2018.08.11-07.04.12:468][  0]SourceControl: Source control is disabled
[2018.08.11-07.04.12:931][  0]LogFactory: FactoryCreateFile: PackFactory with PackFactory (0 0 E:/UnrealEngine/UE_4.20/FeaturePacks/StarterContent.upack)
[2018.08.11-07.04.12:999][  0]LogPackFactory: Finished extracting 8 files (including 0 errors).
[2018.08.11-07.04.13:080][  0]LogPackFactory: Copied "../../../Samples/StarterContent/Content/StarterContent/Architecture/Floor_400x400.uasset" to "../../../../../LudumDareProject/LudumDare/Content/StarterContent/Architecture/Floor_400x400.uasset"
[2018.08.11-07.04.13:126][  0]LogPackFactory: Copied "../../../Samples/StarterContent/Content/StarterContent/Architecture/Pillar_50x500.uasset" to "../../../../../LudumDareProject/LudumDare/Content/StarterContent/Architecture/Pillar_50x500.uasset"
[2018.08.11-07.04.13:196][  0]LogPackFactory: Copied "../../../Samples/StarterContent/Content/StarterContent/Architecture/SM_AssetPlatform.uasset" to "../../../../../LudumDareProject/LudumDare/Content/StarterContent/Architecture/SM_AssetPlatform.uasset"
[2018.08.11-07.04.13:259][  0]LogPackFactory: Copied "../../../Samples/StarterContent/Content/StarterContent/Architecture/Wall_400x200.uasset" to "../../../../../LudumDareProject/LudumDare/Content/StarterContent/Architecture/Wall_400x200.uasset"
[2018.08.11-07.04.13:287][  0]LogPackFactory: Copied "../../../Samples/StarterContent/Content/StarterContent/Architecture/Wall_400x300.uasset" to "../../../../../LudumDareProject/LudumDare/Content/StarterContent/Architecture/Wall_400x300.uasset"
[2018.08.11-07.04.13:331][  0]LogPackFactory: Copied "../../../Samples/StarterContent/Content/StarterContent/Architecture/Wall_400x400.uasset" to "../../../../../LudumDareProject/LudumDare/Content/StarterContent/Architecture/Wall_400x400.uasset"
[2018.08.11-07.04.13:341][  0]LogPackFactory: Copied "../../../Samples/StarterContent/Content/StarterContent/Architecture/Wall_500x500.uasset" to "../../../../../LudumDareProject/LudumDare/Content/StarterContent/Architecture/Wall_500x500.uasset"
[2018.08.11-07.04.13:398][  0]LogPackFactory: Copied "../../../Samples/StarterContent/Content/StarterContent/Architecture/Wall_Door_400x300.uasset" to "../../../../../LudumDareProject/LudumDare/Content/StarterContent/Architecture/Wall_Door_400x300.uasset"
[2018.08.11-07.04.13:407][  0]LogPackFactory: Copied "../../../Samples/StarterContent/Content/StarterContent/Architecture/Wall_Door_400x400.uasset" to "../../../../../LudumDareProject/LudumDare/Content/StarterContent/Architecture/Wall_Door_400x400.uasset"
[2018.08.11-07.04.13:526][  0]LogPackFactory: Copied "../../../Samples/StarterContent/Content/StarterContent/Architecture/Wall_Window_400x300.uasset" to "../../../../../LudumDareProject/LudumDare/Content/StarterContent/Architecture/Wall_Window_400x300.uasset"
[2018.08.11-07.04.13:538][  0]LogPackFactory: Copied "../../../Samples/StarterContent/Content/StarterContent/Architecture/Wall_Window_400x400.uasset" to "../../../../../LudumDareProject/LudumDare/Content/StarterContent/Architecture/Wall_Window_400x400.uasset"
[2018.08.11-07.04.13:570][  0]LogPackFactory: Copied "../../../Samples/StarterContent/Content/StarterContent/Audio/Collapse01.uasset" to "../../../../../LudumDareProject/LudumDare/Content/StarterContent/Audio/Collapse01.uasset"
[2018.08.11-07.04.13:600][  0]LogPackFactory: Copied "../../../Samples/StarterContent/Content/StarterContent/Audio/Collapse02.uasset" to "../../../../../LudumDareProject/LudumDare/Content/StarterContent/Audio/Collapse02.uasset"
[2018.08.11-07.04.13:704][  0]LogPackFactory: Copied "../../../Samples/StarterContent/Content/StarterContent/Audio/Collapse_Cue.uasset" to "../../../../../LudumDareProject/LudumDare/Content/StarterContent/Audio/Collapse_Cue.uasset"
[2018.08.11-07.04.13:790][  0]LogPackFactory: Copied "../../../Samples/StarterContent/Content/StarterContent/Audio/Explosion01.uasset" to "../../../../../LudumDareProject/LudumDare/Content/StarterContent/Audio/Explosion01.uasset"
[2018.08.11-07.04.13:804][  0]LogPackFactory: Copied "../../../Samples/StarterContent/Content/StarterContent/Audio/Explosion02.uasset" to "../../../../../LudumDareProject/LudumDare/Content/StarterContent/Audio/Explosion02.uasset"
[2018.08.11-07.04.13:868][  0]LogPackFactory: Copied "../../../Samples/StarterContent/Content/StarterContent/Audio/Explosion_Cue.uasset" to "../../../../../LudumDareProject/LudumDare/Content/StarterContent/Audio/Explosion_Cue.uasset"
[2018.08.11-07.04.14:002][  0]LogPackFactory: Copied "../../../Samples/StarterContent/Content/StarterContent/Audio/Fire01.uasset" to "../../../../../LudumDareProject/LudumDare/Content/StarterContent/Audio/Fire01.uasset"
[2018.08.11-07.04.14:029][  0]LogPackFactory: Copied "../../../Samples/StarterContent/Content/StarterContent/Audio/Fire01_Cue.uasset" to "../../../../../LudumDareProject/LudumDare/Content/StarterContent/Audio/Fire01_Cue.uasset"
[2018.08.11-07.04.14:250][  0]LogPackFactory: Copied "../../../Samples/StarterContent/Content/StarterContent/Audio/Fire_Sparks01.uasset" to "../../../../../LudumDareProject/LudumDare/Content/StarterContent/Audio/Fire_Sparks01.uasset"
[2018.08.11-07.04.14:284][  0]LogPackFactory: Copied "../../../Samples/StarterContent/Content/StarterContent/Audio/Fire_Sparks01_Cue.uasset" to "../../../../../LudumDareProject/LudumDare/Content/StarterContent/Audio/Fire_Sparks01_Cue.uasset"
[2018.08.11-07.04.14:343][  0]LogPackFactory: Copied "../../../Samples/StarterContent/Content/StarterContent/Audio/Light01.uasset" to "../../../../../LudumDareProject/LudumDare/Content/StarterContent/Audio/Light01.uasset"
[2018.08.11-07.04.14:500][  0]LogPackFactory: Copied "../../../Samples/StarterContent/Content/StarterContent/Audio/Light01_Cue.uasset" to "../../../../../LudumDareProject/LudumDare/Content/StarterContent/Audio/Light01_Cue.uasset"
[2018.08.11-07.04.14:511][  0]LogPackFactory: Copied "../../../Samples/StarterContent/Content/StarterContent/Audio/Light02.uasset" to "../../../../../LudumDareProject/LudumDare/Content/StarterContent/Audio/Light02.uasset"
[2018.08.11-07.04.14:517][  0]LogPackFactory: Copied "../../../Samples/StarterContent/Content/StarterContent/Audio/Light02_Cue.uasset" to "../../../../../LudumDareProject/LudumDare/Content/StarterContent/Audio/Light02_Cue.uasset"
[2018.08.11-07.04.14:546][  0]LogPackFactory: Copied "../../../Samples/StarterContent/Content/StarterContent/Audio/Smoke01.uasset" to "../../../../../LudumDareProject/LudumDare/Content/StarterContent/Audio/Smoke01.uasset"
[2018.08.11-07.04.14:572][  0]LogPackFactory: Copied "../../../Samples/StarterContent/Content/StarterContent/Audio/Smoke01_Cue.uasset" to "../../../../../LudumDareProject/LudumDare/Content/StarterContent/Audio/Smoke01_Cue.uasset"
[2018.08.11-07.04.14:641][  0]LogPackFactory: Copied "../../../Samples/StarterContent/Content/StarterContent/Audio/Starter_Background_Cue.uasset" to "../../../../../LudumDareProject/LudumDare/Content/StarterContent/Audio/Starter_Background_Cue.uasset"
[2018.08.11-07.04.14:829][  0]LogPackFactory: Copied "../../../Samples/StarterContent/Content/StarterContent/Audio/Starter_Birds01.uasset" to "../../../../../LudumDareProject/LudumDare/Content/StarterContent/Audio/Starter_Birds01.uasset"
[2018.08.11-07.04.14:958][  0]LogPackFactory: Copied "../../../Samples/StarterContent/Content/StarterContent/Audio/Starter_Music01.uasset" to "../../../../../LudumDareProject/LudumDare/Content/StarterContent/Audio/Starter_Music01.uasset"
[2018.08.11-07.04.14:983][  0]LogPackFactory: Copied "../../../Samples/StarterContent/Content/StarterContent/Audio/Starter_Music_Cue.uasset" to "../../../../../LudumDareProject/LudumDare/Content/StarterContent/Audio/Starter_Music_Cue.uasset"
[2018.08.11-07.04.15:042][  0]LogPackFactory: Copied "../../../Samples/StarterContent/Content/StarterContent/Audio/Starter_Wind05.uasset" to "../../../../../LudumDareProject/LudumDare/Content/StarterContent/Audio/Starter_Wind05.uasset"
[2018.08.11-07.04.15:093][  0]LogPackFactory: Copied "../../../Samples/StarterContent/Content/StarterContent/Audio/Starter_Wind06.uasset" to "../../../../../LudumDareProject/LudumDare/Content/StarterContent/Audio/Starter_Wind06.uasset"
[2018.08.11-07.04.15:177][  0]LogPackFactory: Copied "../../../Samples/StarterContent/Content/StarterContent/Audio/Steam01.uasset" to "../../../../../LudumDareProject/LudumDare/Content/StarterContent/Audio/Steam01.uasset"
[2018.08.11-07.04.15:338][  0]LogPackFactory: Copied "../../../Samples/StarterContent/Content/StarterContent/Audio/Steam01_Cue.uasset" to "../../../../../LudumDareProject/LudumDare/Content/StarterContent/Audio/Steam01_Cue.uasset"
[2018.08.11-07.04.15:438][  0]LogPackFactory: Copied "../../../Samples/StarterContent/Content/StarterContent/Blueprints/Blueprint_CeilingLight.uasset" to "../../../../../LudumDareProject/LudumDare/Content/StarterContent/Blueprints/Blueprint_CeilingLight.uasset"
[2018.08.11-07.04.15:481][  0]LogPackFactory: Copied "../../../Samples/StarterContent/Content/StarterContent/Blueprints/Blueprint_Effect_Explosion.uasset" to "../../../../../LudumDareProject/LudumDare/Content/StarterContent/Blueprints/Blueprint_Effect_Explosion.uasset"
[2018.08.11-07.04.15:532][  0]LogPackFactory: Copied "../../../Samples/StarterContent/Content/StarterContent/Blueprints/Blueprint_Effect_Fire.uasset" to "../../../../../LudumDareProject/LudumDare/Content/StarterContent/Blueprints/Blueprint_Effect_Fire.uasset"
[2018.08.11-07.04.15:575][  0]LogPackFactory: Copied "../../../Samples/StarterContent/Content/StarterContent/Blueprints/Blueprint_Effect_Smoke.uasset" to "../../../../../LudumDareProject/LudumDare/Content/StarterContent/Blueprints/Blueprint_Effect_Smoke.uasset"
[2018.08.11-07.04.15:615][  0]LogPackFactory: Copied "../../../Samples/StarterContent/Content/StarterContent/Blueprints/Blueprint_Effect_Sparks.uasset" to "../../../../../LudumDareProject/LudumDare/Content/StarterContent/Blueprints/Blueprint_Effect_Sparks.uasset"
[2018.08.11-07.04.15:639][  0]LogPackFactory: Copied "../../../Samples/StarterContent/Content/StarterContent/Blueprints/Blueprint_Effect_Steam.uasset" to "../../../../../LudumDareProject/LudumDare/Content/StarterContent/Blueprints/Blueprint_Effect_Steam.uasset"
[2018.08.11-07.04.15:652][  0]LogPackFactory: Copied "../../../Samples/StarterContent/Content/StarterContent/Blueprints/Blueprint_WallSconce.uasset" to "../../../../../LudumDareProject/LudumDare/Content/StarterContent/Blueprints/Blueprint_WallSconce.uasset"
[2018.08.11-07.04.15:713][  0]LogPackFactory: Copied "../../../Samples/StarterContent/Content/StarterContent/Blueprints/BP_LightStudio.uasset" to "../../../../../LudumDareProject/LudumDare/Content/StarterContent/Blueprints/BP_LightStudio.uasset"
[2018.08.11-07.04.15:733][  0]LogPackFactory: Copied "../../../Samples/StarterContent/Content/StarterContent/Blueprints/Assets/FogBrightnessLUT.uasset" to "../../../../../LudumDareProject/LudumDare/Content/StarterContent/Blueprints/Assets/FogBrightnessLUT.uasset"
[2018.08.11-07.04.15:761][  0]LogPackFactory: Copied "../../../Samples/StarterContent/Content/StarterContent/Blueprints/Assets/M_LightStage_Arrows.uasset" to "../../../../../LudumDareProject/LudumDare/Content/StarterContent/Blueprints/Assets/M_LightStage_Arrows.uasset"
[2018.08.11-07.04.15:772][  0]LogPackFactory: Copied "../../../Samples/StarterContent/Content/StarterContent/Blueprints/Assets/M_LightStage_Skybox_Black.uasset" to "../../../../../LudumDareProject/LudumDare/Content/StarterContent/Blueprints/Assets/M_LightStage_Skybox_Black.uasset"
[2018.08.11-07.04.15:795][  0]LogPackFactory: Copied "../../../Samples/StarterContent/Content/StarterContent/Blueprints/Assets/M_LightStage_Skybox_HDRI.uasset" to "../../../../../LudumDareProject/LudumDare/Content/StarterContent/Blueprints/Assets/M_LightStage_Skybox_HDRI.uasset"
[2018.08.11-07.04.15:805][  0]LogPackFactory: Copied "../../../Samples/StarterContent/Content/StarterContent/Blueprints/Assets/M_LightStage_Skybox_Master.uasset" to "../../../../../LudumDareProject/LudumDare/Content/StarterContent/Blueprints/Assets/M_LightStage_Skybox_Master.uasset"
[2018.08.11-07.04.15:851][  0]LogPackFactory: Copied "../../../Samples/StarterContent/Content/StarterContent/Blueprints/Assets/Skybox.uasset" to "../../../../../LudumDareProject/LudumDare/Content/StarterContent/Blueprints/Assets/Skybox.uasset"
[2018.08.11-07.04.15:902][  0]LogPackFactory: Copied "../../../Samples/StarterContent/Content/StarterContent/Blueprints/Assets/SM_Arrows.uasset" to "../../../../../LudumDareProject/LudumDare/Content/StarterContent/Blueprints/Assets/SM_Arrows.uasset"
[2018.08.11-07.04.15:940][  0]LogPackFactory: Copied "../../../Samples/StarterContent/Content/StarterContent/Blueprints/Assets/SunlightColorLUT.uasset" to "../../../../../LudumDareProject/LudumDare/Content/StarterContent/Blueprints/Assets/SunlightColorLUT.uasset"
[2018.08.11-07.04.21:798][  0]LogPackFactory: Copied "../../../Samples/StarterContent/Content/StarterContent/HDRI/HDRI_Epic_Courtyard_Daylight.uasset" to "../../../../../LudumDareProject/LudumDare/Content/StarterContent/HDRI/HDRI_Epic_Courtyard_Daylight.uasset"
[2018.08.11-07.04.21:868][  0]LogPackFactory: Copied "../../../Samples/StarterContent/Content/StarterContent/Maps/Advanced_Lighting.umap" to "../../../../../LudumDareProject/LudumDare/Content/StarterContent/Maps/Advanced_Lighting.umap"
[2018.08.11-07.04.22:208][  0]LogPackFactory: Copied "../../../Samples/StarterContent/Content/StarterContent/Maps/Advanced_Lighting_BuiltData.uasset" to "../../../../../LudumDareProject/LudumDare/Content/StarterContent/Maps/Advanced_Lighting_BuiltData.uasset"
[2018.08.11-07.04.22:644][  0]LogPackFactory: Copied "../../../Samples/StarterContent/Content/StarterContent/Maps/Minimal_Default.umap" to "../../../../../LudumDareProject/LudumDare/Content/StarterContent/Maps/Minimal_Default.umap"
[2018.08.11-07.04.22:751][  0]LogPackFactory: Copied "../../../Samples/StarterContent/Content/StarterContent/Maps/Minimal_Default_BuiltData.uasset" to "../../../../../LudumDareProject/LudumDare/Content/StarterContent/Maps/Minimal_Default_BuiltData.uasset"
[2018.08.11-07.04.22:835][  0]LogPackFactory: Copied "../../../Samples/StarterContent/Content/StarterContent/Maps/StarterMap.umap" to "../../../../../LudumDareProject/LudumDare/Content/StarterContent/Maps/StarterMap.umap"
[2018.08.11-07.04.26:446][  0]LogPackFactory: Copied "../../../Samples/StarterContent/Content/StarterContent/Maps/StarterMap_BuiltData.uasset" to "../../../../../LudumDareProject/LudumDare/Content/StarterContent/Maps/StarterMap_BuiltData.uasset"
[2018.08.11-07.04.26:514][  0]LogPackFactory: Copied "../../../Samples/StarterContent/Content/StarterContent/Materials/M_AssetPlatform.uasset" to "../../../../../LudumDareProject/LudumDare/Content/StarterContent/Materials/M_AssetPlatform.uasset"
[2018.08.11-07.04.26:526][  0]LogPackFactory: Copied "../../../Samples/StarterContent/Content/StarterContent/Materials/M_Basic_Floor.uasset" to "../../../../../LudumDareProject/LudumDare/Content/StarterContent/Materials/M_Basic_Floor.uasset"
[2018.08.11-07.04.26:596][  0]LogPackFactory: Copied "../../../Samples/StarterContent/Content/StarterContent/Materials/M_Basic_Wall.uasset" to "../../../../../LudumDareProject/LudumDare/Content/StarterContent/Materials/M_Basic_Wall.uasset"
[2018.08.11-07.04.26:612][  0]LogPackFactory: Copied "../../../Samples/StarterContent/Content/StarterContent/Materials/M_Brick_Clay_Beveled.uasset" to "../../../../../LudumDareProject/LudumDare/Content/StarterContent/Materials/M_Brick_Clay_Beveled.uasset"
[2018.08.11-07.04.26:662][  0]LogPackFactory: Copied "../../../Samples/StarterContent/Content/StarterContent/Materials/M_Brick_Clay_New.uasset" to "../../../../../LudumDareProject/LudumDare/Content/StarterContent/Materials/M_Brick_Clay_New.uasset"
[2018.08.11-07.04.26:673][  0]LogPackFactory: Copied "../../../Samples/StarterContent/Content/StarterContent/Materials/M_Brick_Clay_Old.uasset" to "../../../../../LudumDareProject/LudumDare/Content/StarterContent/Materials/M_Brick_Clay_Old.uasset"
[2018.08.11-07.04.26:702][  0]LogPackFactory: Copied "../../../Samples/StarterContent/Content/StarterContent/Materials/M_Brick_Cut_Stone.uasset" to "../../../../../LudumDareProject/LudumDare/Content/StarterContent/Materials/M_Brick_Cut_Stone.uasset"
[2018.08.11-07.04.26:714][  0]LogPackFactory: Copied "../../../Samples/StarterContent/Content/StarterContent/Materials/M_Brick_Hewn_Stone.uasset" to "../../../../../LudumDareProject/LudumDare/Content/StarterContent/Materials/M_Brick_Hewn_Stone.uasset"
[2018.08.11-07.04.26:725][  0]LogPackFactory: Copied "../../../Samples/StarterContent/Content/StarterContent/Materials/M_Ceramic_Tile_Checker.uasset" to "../../../../../LudumDareProject/LudumDare/Content/StarterContent/Materials/M_Ceramic_Tile_Checker.uasset"
[2018.08.11-07.04.26:803][  0]LogPackFactory: Copied "../../../Samples/StarterContent/Content/StarterContent/Materials/M_CobbleStone_Pebble.uasset" to "../../../../../LudumDareProject/LudumDare/Content/StarterContent/Materials/M_CobbleStone_Pebble.uasset"
[2018.08.11-07.04.26:838][  0]LogPackFactory: Copied "../../../Samples/StarterContent/Content/StarterContent/Materials/M_CobbleStone_Rough.uasset" to "../../../../../LudumDareProject/LudumDare/Content/StarterContent/Materials/M_CobbleStone_Rough.uasset"
[2018.08.11-07.04.26:891][  0]LogPackFactory: Copied "../../../Samples/StarterContent/Content/StarterContent/Materials/M_CobbleStone_Smooth.uasset" to "../../../../../LudumDareProject/LudumDare/Content/StarterContent/Materials/M_CobbleStone_Smooth.uasset"
[2018.08.11-07.04.26:915][  0]LogPackFactory: Copied "../../../Samples/StarterContent/Content/StarterContent/Materials/M_ColorGrid_LowSpec.uasset" to "../../../../../LudumDareProject/LudumDare/Content/StarterContent/Materials/M_ColorGrid_LowSpec.uasset"
[2018.08.11-07.04.26:938][  0]LogPackFactory: Copied "../../../Samples/StarterContent/Content/StarterContent/Materials/M_Concrete_Grime.uasset" to "../../../../../LudumDareProject/LudumDare/Content/StarterContent/Materials/M_Concrete_Grime.uasset"
[2018.08.11-07.04.26:963][  0]LogPackFactory: Copied "../../../Samples/StarterContent/Content/StarterContent/Materials/M_Concrete_Panels.uasset" to "../../../../../LudumDareProject/LudumDare/Content/StarterContent/Materials/M_Concrete_Panels.uasset"
[2018.08.11-07.04.27:022][  0]LogPackFactory: Copied "../../../Samples/StarterContent/Content/StarterContent/Materials/M_Concrete_Poured.uasset" to "../../../../../LudumDareProject/LudumDare/Content/StarterContent/Materials/M_Concrete_Poured.uasset"
[2018.08.11-07.04.27:104][  0]LogPackFactory: Copied "../../../Samples/StarterContent/Content/StarterContent/Materials/M_Concrete_Tiles.uasset" to "../../../../../LudumDareProject/LudumDare/Content/StarterContent/Materials/M_Concrete_Tiles.uasset"
[2018.08.11-07.04.27:114][  0]LogPackFactory: Copied "../../../Samples/StarterContent/Content/StarterContent/Materials/M_Glass.uasset" to "../../../../../LudumDareProject/LudumDare/Content/StarterContent/Materials/M_Glass.uasset"
[2018.08.11-07.04.27:150][  0]LogPackFactory: Copied "../../../Samples/StarterContent/Content/StarterContent/Materials/M_Ground_Grass.uasset" to "../../../../../LudumDareProject/LudumDare/Content/StarterContent/Materials/M_Ground_Grass.uasset"
[2018.08.11-07.04.27:160][  0]LogPackFactory: Copied "../../../Samples/StarterContent/Content/StarterContent/Materials/M_Ground_Gravel.uasset" to "../../../../../LudumDareProject/LudumDare/Content/StarterContent/Materials/M_Ground_Gravel.uasset"
[2018.08.11-07.04.27:192][  0]LogPackFactory: Copied "../../../Samples/StarterContent/Content/StarterContent/Materials/M_Ground_Moss.uasset" to "../../../../../LudumDareProject/LudumDare/Content/StarterContent/Materials/M_Ground_Moss.uasset"
[2018.08.11-07.04.27:229][  0]LogPackFactory: Copied "../../../Samples/StarterContent/Content/StarterContent/Materials/M_Metal_Brushed_Nickel.uasset" to "../../../../../LudumDareProject/LudumDare/Content/StarterContent/Materials/M_Metal_Brushed_Nickel.uasset"
[2018.08.11-07.04.27:240][  0]LogPackFactory: Copied "../../../Samples/StarterContent/Content/StarterContent/Materials/M_Metal_Burnished_Steel.uasset" to "../../../../../LudumDareProject/LudumDare/Content/StarterContent/Materials/M_Metal_Burnished_Steel.uasset"
[2018.08.11-07.04.27:276][  0]LogPackFactory: Copied "../../../Samples/StarterContent/Content/StarterContent/Materials/M_Metal_Chrome.uasset" to "../../../../../LudumDareProject/LudumDare/Content/StarterContent/Materials/M_Metal_Chrome.uasset"
[2018.08.11-07.04.27:305][  0]LogPackFactory: Copied "../../../Samples/StarterContent/Content/StarterContent/Materials/M_Metal_Copper.uasset" to "../../../../../LudumDareProject/LudumDare/Content/StarterContent/Materials/M_Metal_Copper.uasset"
[2018.08.11-07.04.27:316][  0]LogPackFactory: Copied "../../../Samples/StarterContent/Content/StarterContent/Materials/M_Metal_Gold.uasset" to "../../../../../LudumDareProject/LudumDare/Content/StarterContent/Materials/M_Metal_Gold.uasset"
[2018.08.11-07.04.27:372][  0]LogPackFactory: Copied "../../../Samples/StarterContent/Content/StarterContent/Materials/M_Metal_Rust.uasset" to "../../../../../LudumDareProject/LudumDare/Content/StarterContent/Materials/M_Metal_Rust.uasset"
[2018.08.11-07.04.27:426][  0]LogPackFactory: Copied "../../../Samples/StarterContent/Content/StarterContent/Materials/M_Metal_Steel.uasset" to "../../../../../LudumDareProject/LudumDare/Content/StarterContent/Materials/M_Metal_Steel.uasset"
[2018.08.11-07.04.27:541][  0]LogPackFactory: Copied "../../../Samples/StarterContent/Content/StarterContent/Materials/M_Rock_Basalt.uasset" to "../../../../../LudumDareProject/LudumDare/Content/StarterContent/Materials/M_Rock_Basalt.uasset"
[2018.08.11-07.04.27:565][  0]LogPackFactory: Copied "../../../Samples/StarterContent/Content/StarterContent/Materials/M_Rock_Marble_Polished.uasset" to "../../../../../LudumDareProject/LudumDare/Content/StarterContent/Materials/M_Rock_Marble_Polished.uasset"
[2018.08.11-07.04.27:601][  0]LogPackFactory: Copied "../../../Samples/StarterContent/Content/StarterContent/Materials/M_Rock_Sandstone.uasset" to "../../../../../LudumDareProject/LudumDare/Content/StarterContent/Materials/M_Rock_Sandstone.uasset"
[2018.08.11-07.04.27:611][  0]LogPackFactory: Copied "../../../Samples/StarterContent/Content/StarterContent/Materials/M_Rock_Slate.uasset" to "../../../../../LudumDareProject/LudumDare/Content/StarterContent/Materials/M_Rock_Slate.uasset"
[2018.08.11-07.04.27:659][  0]LogPackFactory: Copied "../../../Samples/StarterContent/Content/StarterContent/Materials/M_Tech_Checker_Dot.uasset" to "../../../../../LudumDareProject/LudumDare/Content/StarterContent/Materials/M_Tech_Checker_Dot.uasset"
[2018.08.11-07.04.27:669][  0]LogPackFactory: Copied "../../../Samples/StarterContent/Content/StarterContent/Materials/M_Tech_Hex_Tile.uasset" to "../../../../../LudumDareProject/LudumDare/Content/StarterContent/Materials/M_Tech_Hex_Tile.uasset"
[2018.08.11-07.04.27:680][  0]LogPackFactory: Copied "../../../Samples/StarterContent/Content/StarterContent/Materials/M_Tech_Hex_Tile_Pulse.uasset" to "../../../../../LudumDareProject/LudumDare/Content/StarterContent/Materials/M_Tech_Hex_Tile_Pulse.uasset"
[2018.08.11-07.04.27:691][  0]LogPackFactory: Copied "../../../Samples/StarterContent/Content/StarterContent/Materials/M_Tech_Panel.uasset" to "../../../../../LudumDareProject/LudumDare/Content/StarterContent/Materials/M_Tech_Panel.uasset"
[2018.08.11-07.04.27:703][  0]LogPackFactory: Copied "../../../Samples/StarterContent/Content/StarterContent/Materials/M_Water_Lake.uasset" to "../../../../../LudumDareProject/LudumDare/Content/StarterContent/Materials/M_Water_Lake.uasset"
[2018.08.11-07.04.27:724][  0]LogPackFactory: Copied "../../../Samples/StarterContent/Content/StarterContent/Materials/M_Water_Ocean.uasset" to "../../../../../LudumDareProject/LudumDare/Content/StarterContent/Materials/M_Water_Ocean.uasset"
[2018.08.11-07.04.27:751][  0]LogPackFactory: Copied "../../../Samples/StarterContent/Content/StarterContent/Materials/M_Wood_Floor_Walnut_Polished.uasset" to "../../../../../LudumDareProject/LudumDare/Content/StarterContent/Materials/M_Wood_Floor_Walnut_Polished.uasset"
[2018.08.11-07.04.27:762][  0]LogPackFactory: Copied "../../../Samples/StarterContent/Content/StarterContent/Materials/M_Wood_Floor_Walnut_Worn.uasset" to "../../../../../LudumDareProject/LudumDare/Content/StarterContent/Materials/M_Wood_Floor_Walnut_Worn.uasset"
[2018.08.11-07.04.27:800][  0]LogPackFactory: Copied "../../../Samples/StarterContent/Content/StarterContent/Materials/M_Wood_Oak.uasset" to "../../../../../LudumDareProject/LudumDare/Content/StarterContent/Materials/M_Wood_Oak.uasset"
[2018.08.11-07.04.27:823][  0]LogPackFactory: Copied "../../../Samples/StarterContent/Content/StarterContent/Materials/M_Wood_Pine.uasset" to "../../../../../LudumDareProject/LudumDare/Content/StarterContent/Materials/M_Wood_Pine.uasset"
[2018.08.11-07.04.27:906][  0]LogPackFactory: Copied "../../../Samples/StarterContent/Content/StarterContent/Materials/M_Wood_Walnut.uasset" to "../../../../../LudumDareProject/LudumDare/Content/StarterContent/Materials/M_Wood_Walnut.uasset"
[2018.08.11-07.04.27:935][  0]LogPackFactory: Copied "../../../Samples/StarterContent/Content/StarterContent/Particles/P_Ambient_Dust.uasset" to "../../../../../LudumDareProject/LudumDare/Content/StarterContent/Particles/P_Ambient_Dust.uasset"
[2018.08.11-07.04.27:945][  0]LogPackFactory: Copied "../../../Samples/StarterContent/Content/StarterContent/Particles/P_Explosion.uasset" to "../../../../../LudumDareProject/LudumDare/Content/StarterContent/Particles/P_Explosion.uasset"
[2018.08.11-07.04.27:995][  0]LogPackFactory: Copied "../../../Samples/StarterContent/Content/StarterContent/Particles/P_Fire.uasset" to "../../../../../LudumDareProject/LudumDare/Content/StarterContent/Particles/P_Fire.uasset"
[2018.08.11-07.04.28:007][  0]LogPackFactory: Copied "../../../Samples/StarterContent/Content/StarterContent/Particles/P_Smoke.uasset" to "../../../../../LudumDareProject/LudumDare/Content/StarterContent/Particles/P_Smoke.uasset"
[2018.08.11-07.04.28:023][  0]LogPackFactory: Copied "../../../Samples/StarterContent/Content/StarterContent/Particles/P_Sparks.uasset" to "../../../../../LudumDareProject/LudumDare/Content/StarterContent/Particles/P_Sparks.uasset"
[2018.08.11-07.04.28:082][  0]LogPackFactory: Copied "../../../Samples/StarterContent/Content/StarterContent/Particles/P_Steam_Lit.uasset" to "../../../../../LudumDareProject/LudumDare/Content/StarterContent/Particles/P_Steam_Lit.uasset"
[2018.08.11-07.04.28:091][  0]LogPackFactory: Copied "../../../Samples/StarterContent/Content/StarterContent/Particles/Materials/M_Burst.uasset" to "../../../../../LudumDareProject/LudumDare/Content/StarterContent/Particles/Materials/M_Burst.uasset"
[2018.08.11-07.04.28:102][  0]LogPackFactory: Copied "../../../Samples/StarterContent/Content/StarterContent/Particles/Materials/M_Dust_Particle.uasset" to "../../../../../LudumDareProject/LudumDare/Content/StarterContent/Particles/Materials/M_Dust_Particle.uasset"
[2018.08.11-07.04.28:112][  0]LogPackFactory: Copied "../../../Samples/StarterContent/Content/StarterContent/Particles/Materials/M_explosion_subUV.uasset" to "../../../../../LudumDareProject/LudumDare/Content/StarterContent/Particles/Materials/M_explosion_subUV.uasset"
[2018.08.11-07.04.28:122][  0]LogPackFactory: Copied "../../../Samples/StarterContent/Content/StarterContent/Particles/Materials/M_Fire_SubUV.uasset" to "../../../../../LudumDareProject/LudumDare/Content/StarterContent/Particles/Materials/M_Fire_SubUV.uasset"
[2018.08.11-07.04.28:131][  0]LogPackFactory: Copied "../../../Samples/StarterContent/Content/StarterContent/Particles/Materials/m_flare_01.uasset" to "../../../../../LudumDareProject/LudumDare/Content/StarterContent/Particles/Materials/m_flare_01.uasset"
[2018.08.11-07.04.28:172][  0]LogPackFactory: Copied "../../../Samples/StarterContent/Content/StarterContent/Particles/Materials/M_Heat_Distortion.uasset" to "../../../../../LudumDareProject/LudumDare/Content/StarterContent/Particles/Materials/M_Heat_Distortion.uasset"
[2018.08.11-07.04.28:195][  0]LogPackFactory: Copied "../../../Samples/StarterContent/Content/StarterContent/Particles/Materials/M_Radial_Gradient.uasset" to "../../../../../LudumDareProject/LudumDare/Content/StarterContent/Particles/Materials/M_Radial_Gradient.uasset"
[2018.08.11-07.04.28:222][  0]LogPackFactory: Copied "../../../Samples/StarterContent/Content/StarterContent/Particles/Materials/M_radial_ramp.uasset" to "../../../../../LudumDareProject/LudumDare/Content/StarterContent/Particles/Materials/M_radial_ramp.uasset"
[2018.08.11-07.04.28:265][  0]LogPackFactory: Copied "../../../Samples/StarterContent/Content/StarterContent/Particles/Materials/M_smoke_subUV.uasset" to "../../../../../LudumDareProject/LudumDare/Content/StarterContent/Particles/Materials/M_smoke_subUV.uasset"
[2018.08.11-07.04.28:274][  0]LogPackFactory: Copied "../../../Samples/StarterContent/Content/StarterContent/Particles/Materials/M_Spark.uasset" to "../../../../../LudumDareProject/LudumDare/Content/StarterContent/Particles/Materials/M_Spark.uasset"
[2018.08.11-07.04.28:306][  0]LogPackFactory: Copied "../../../Samples/StarterContent/Content/StarterContent/Props/MaterialSphere.uasset" to "../../../../../LudumDareProject/LudumDare/Content/StarterContent/Props/MaterialSphere.uasset"
[2018.08.11-07.04.28:375][  0]LogPackFactory: Copied "../../../Samples/StarterContent/Content/StarterContent/Props/SM_Bush.uasset" to "../../../../../LudumDareProject/LudumDare/Content/StarterContent/Props/SM_Bush.uasset"
[2018.08.11-07.04.28:386][  0]LogPackFactory: Copied "../../../Samples/StarterContent/Content/StarterContent/Props/SM_Chair.uasset" to "../../../../../LudumDareProject/LudumDare/Content/StarterContent/Props/SM_Chair.uasset"
[2018.08.11-07.04.28:397][  0]LogPackFactory: Copied "../../../Samples/StarterContent/Content/StarterContent/Props/SM_CornerFrame.uasset" to "../../../../../LudumDareProject/LudumDare/Content/StarterContent/Props/SM_CornerFrame.uasset"
[2018.08.11-07.04.28:407][  0]LogPackFactory: Copied "../../../Samples/StarterContent/Content/StarterContent/Props/SM_Couch.uasset" to "../../../../../LudumDareProject/LudumDare/Content/StarterContent/Props/SM_Couch.uasset"
[2018.08.11-07.04.28:433][  0]LogPackFactory: Copied "../../../Samples/StarterContent/Content/StarterContent/Props/SM_Door.uasset" to "../../../../../LudumDareProject/LudumDare/Content/StarterContent/Props/SM_Door.uasset"
[2018.08.11-07.04.28:448][  0]LogPackFactory: Copied "../../../Samples/StarterContent/Content/StarterContent/Props/SM_DoorFrame.uasset" to "../../../../../LudumDareProject/LudumDare/Content/StarterContent/Props/SM_DoorFrame.uasset"
[2018.08.11-07.04.28:474][  0]LogPackFactory: Copied "../../../Samples/StarterContent/Content/StarterContent/Props/SM_GlassWindow.uasset" to "../../../../../LudumDareProject/LudumDare/Content/StarterContent/Props/SM_GlassWindow.uasset"
[2018.08.11-07.04.28:486][  0]LogPackFactory: Copied "../../../Samples/StarterContent/Content/StarterContent/Props/SM_Lamp_Ceiling.uasset" to "../../../../../LudumDareProject/LudumDare/Content/StarterContent/Props/SM_Lamp_Ceiling.uasset"
[2018.08.11-07.04.28:521][  0]LogPackFactory: Copied "../../../Samples/StarterContent/Content/StarterContent/Props/SM_Lamp_Wall.uasset" to "../../../../../LudumDareProject/LudumDare/Content/StarterContent/Props/SM_Lamp_Wall.uasset"
[2018.08.11-07.04.28:585][  0]LogPackFactory: Copied "../../../Samples/StarterContent/Content/StarterContent/Props/SM_MatPreviewMesh_02.uasset" to "../../../../../LudumDareProject/LudumDare/Content/StarterContent/Props/SM_MatPreviewMesh_02.uasset"
[2018.08.11-07.04.28:596][  0]LogPackFactory: Copied "../../../Samples/StarterContent/Content/StarterContent/Props/SM_PillarFrame.uasset" to "../../../../../LudumDareProject/LudumDare/Content/StarterContent/Props/SM_PillarFrame.uasset"
[2018.08.11-07.04.28:624][  0]LogPackFactory: Copied "../../../Samples/StarterContent/Content/StarterContent/Props/SM_PillarFrame300.uasset" to "../../../../../LudumDareProject/LudumDare/Content/StarterContent/Props/SM_PillarFrame300.uasset"
[2018.08.11-07.04.28:678][  0]LogPackFactory: Copied "../../../Samples/StarterContent/Content/StarterContent/Props/SM_Rock.uasset" to "../../../../../LudumDareProject/LudumDare/Content/StarterContent/Props/SM_Rock.uasset"
[2018.08.11-07.04.28:727][  0]LogPackFactory: Copied "../../../Samples/StarterContent/Content/StarterContent/Props/SM_Shelf.uasset" to "../../../../../LudumDareProject/LudumDare/Content/StarterContent/Props/SM_Shelf.uasset"
[2018.08.11-07.04.28:973][  0]LogPackFactory: Copied "../../../Samples/StarterContent/Content/StarterContent/Props/SM_Stairs.uasset" to "../../../../../LudumDareProject/LudumDare/Content/StarterContent/Props/SM_Stairs.uasset"
[2018.08.11-07.04.29:002][  0]LogPackFactory: Copied "../../../Samples/StarterContent/Content/StarterContent/Props/SM_Statue.uasset" to "../../../../../LudumDareProject/LudumDare/Content/StarterContent/Props/SM_Statue.uasset"
[2018.08.11-07.04.29:097][  0]LogPackFactory: Copied "../../../Samples/StarterContent/Content/StarterContent/Props/SM_TableRound.uasset" to "../../../../../LudumDareProject/LudumDare/Content/StarterContent/Props/SM_TableRound.uasset"
[2018.08.11-07.04.29:165][  0]LogPackFactory: Copied "../../../Samples/StarterContent/Content/StarterContent/Props/SM_WindowFrame.uasset" to "../../../../../LudumDareProject/LudumDare/Content/StarterContent/Props/SM_WindowFrame.uasset"
[2018.08.11-07.04.29:205][  0]LogPackFactory: Copied "../../../Samples/StarterContent/Content/StarterContent/Props/Materials/M_Bush.uasset" to "../../../../../LudumDareProject/LudumDare/Content/StarterContent/Props/Materials/M_Bush.uasset"
[2018.08.11-07.04.29:216][  0]LogPackFactory: Copied "../../../Samples/StarterContent/Content/StarterContent/Props/Materials/M_Chair.uasset" to "../../../../../LudumDareProject/LudumDare/Content/StarterContent/Props/Materials/M_Chair.uasset"
[2018.08.11-07.04.29:228][  0]LogPackFactory: Copied "../../../Samples/StarterContent/Content/StarterContent/Props/Materials/M_Door.uasset" to "../../../../../LudumDareProject/LudumDare/Content/StarterContent/Props/Materials/M_Door.uasset"
[2018.08.11-07.04.29:240][  0]LogPackFactory: Copied "../../../Samples/StarterContent/Content/StarterContent/Props/Materials/M_Frame.uasset" to "../../../../../LudumDareProject/LudumDare/Content/StarterContent/Props/Materials/M_Frame.uasset"
[2018.08.11-07.04.29:250][  0]LogPackFactory: Copied "../../../Samples/StarterContent/Content/StarterContent/Props/Materials/M_Lamp.uasset" to "../../../../../LudumDareProject/LudumDare/Content/StarterContent/Props/Materials/M_Lamp.uasset"
[2018.08.11-07.04.29:285][  0]LogPackFactory: Copied "../../../Samples/StarterContent/Content/StarterContent/Props/Materials/M_MaterialSphere.uasset" to "../../../../../LudumDareProject/LudumDare/Content/StarterContent/Props/Materials/M_MaterialSphere.uasset"
[2018.08.11-07.04.29:296][  0]LogPackFactory: Copied "../../../Samples/StarterContent/Content/StarterContent/Props/Materials/M_MaterialSphere_Plain.uasset" to "../../../../../LudumDareProject/LudumDare/Content/StarterContent/Props/Materials/M_MaterialSphere_Plain.uasset"
[2018.08.11-07.04.29:353][  0]LogPackFactory: Copied "../../../Samples/StarterContent/Content/StarterContent/Props/Materials/M_Rock.uasset" to "../../../../../LudumDareProject/LudumDare/Content/StarterContent/Props/Materials/M_Rock.uasset"
[2018.08.11-07.04.29:385][  0]LogPackFactory: Copied "../../../Samples/StarterContent/Content/StarterContent/Props/Materials/M_Shelf.uasset" to "../../../../../LudumDareProject/LudumDare/Content/StarterContent/Props/Materials/M_Shelf.uasset"
[2018.08.11-07.04.29:394][  0]LogPackFactory: Copied "../../../Samples/StarterContent/Content/StarterContent/Props/Materials/M_Statue.uasset" to "../../../../../LudumDareProject/LudumDare/Content/StarterContent/Props/Materials/M_Statue.uasset"
[2018.08.11-07.04.29:421][  0]LogPackFactory: Copied "../../../Samples/StarterContent/Content/StarterContent/Props/Materials/M_StatueGlass.uasset" to "../../../../../LudumDareProject/LudumDare/Content/StarterContent/Props/Materials/M_StatueGlass.uasset"
[2018.08.11-07.04.29:431][  0]LogPackFactory: Copied "../../../Samples/StarterContent/Content/StarterContent/Props/Materials/M_TableRound.uasset" to "../../../../../LudumDareProject/LudumDare/Content/StarterContent/Props/Materials/M_TableRound.uasset"
[2018.08.11-07.04.29:467][  0]LogPackFactory: Copied "../../../Samples/StarterContent/Content/StarterContent/Shapes/Shape_Cone.uasset" to "../../../../../LudumDareProject/LudumDare/Content/StarterContent/Shapes/Shape_Cone.uasset"
[2018.08.11-07.04.29:489][  0]LogPackFactory: Copied "../../../Samples/StarterContent/Content/StarterContent/Shapes/Shape_Cube.uasset" to "../../../../../LudumDareProject/LudumDare/Content/StarterContent/Shapes/Shape_Cube.uasset"
[2018.08.11-07.04.29:518][  0]LogPackFactory: Copied "../../../Samples/StarterContent/Content/StarterContent/Shapes/Shape_Cylinder.uasset" to "../../../../../LudumDareProject/LudumDare/Content/StarterContent/Shapes/Shape_Cylinder.uasset"
[2018.08.11-07.04.29:585][  0]LogPackFactory: Copied "../../../Samples/StarterContent/Content/StarterContent/Shapes/Shape_NarrowCapsule.uasset" to "../../../../../LudumDareProject/LudumDare/Content/StarterContent/Shapes/Shape_NarrowCapsule.uasset"
[2018.08.11-07.04.29:606][  0]LogPackFactory: Copied "../../../Samples/StarterContent/Content/StarterContent/Shapes/Shape_Pipe.uasset" to "../../../../../LudumDareProject/LudumDare/Content/StarterContent/Shapes/Shape_Pipe.uasset"
[2018.08.11-07.04.29:630][  0]LogPackFactory: Copied "../../../Samples/StarterContent/Content/StarterContent/Shapes/Shape_Pipe_180.uasset" to "../../../../../LudumDareProject/LudumDare/Content/StarterContent/Shapes/Shape_Pipe_180.uasset"
[2018.08.11-07.04.29:641][  0]LogPackFactory: Copied "../../../Samples/StarterContent/Content/StarterContent/Shapes/Shape_Pipe_90.uasset" to "../../../../../LudumDareProject/LudumDare/Content/StarterContent/Shapes/Shape_Pipe_90.uasset"
[2018.08.11-07.04.29:650][  0]LogPackFactory: Copied "../../../Samples/StarterContent/Content/StarterContent/Shapes/Shape_Plane.uasset" to "../../../../../LudumDareProject/LudumDare/Content/StarterContent/Shapes/Shape_Plane.uasset"
[2018.08.11-07.04.29:660][  0]LogPackFactory: Copied "../../../Samples/StarterContent/Content/StarterContent/Shapes/Shape_QuadPyramid.uasset" to "../../../../../LudumDareProject/LudumDare/Content/StarterContent/Shapes/Shape_QuadPyramid.uasset"
[2018.08.11-07.04.29:738][  0]LogPackFactory: Copied "../../../Samples/StarterContent/Content/StarterContent/Shapes/Shape_Sphere.uasset" to "../../../../../LudumDareProject/LudumDare/Content/StarterContent/Shapes/Shape_Sphere.uasset"
[2018.08.11-07.04.29:776][  0]LogPackFactory: Copied "../../../Samples/StarterContent/Content/StarterContent/Shapes/Shape_Torus.uasset" to "../../../../../LudumDareProject/LudumDare/Content/StarterContent/Shapes/Shape_Torus.uasset"
[2018.08.11-07.04.29:787][  0]LogPackFactory: Copied "../../../Samples/StarterContent/Content/StarterContent/Shapes/Shape_Trim.uasset" to "../../../../../LudumDareProject/LudumDare/Content/StarterContent/Shapes/Shape_Trim.uasset"
[2018.08.11-07.04.29:796][  0]LogPackFactory: Copied "../../../Samples/StarterContent/Content/StarterContent/Shapes/Shape_Trim_90_In.uasset" to "../../../../../LudumDareProject/LudumDare/Content/StarterContent/Shapes/Shape_Trim_90_In.uasset"
[2018.08.11-07.04.29:827][  0]LogPackFactory: Copied "../../../Samples/StarterContent/Content/StarterContent/Shapes/Shape_Trim_90_Out.uasset" to "../../../../../LudumDareProject/LudumDare/Content/StarterContent/Shapes/Shape_Trim_90_Out.uasset"
[2018.08.11-07.04.29:838][  0]LogPackFactory: Copied "../../../Samples/StarterContent/Content/StarterContent/Shapes/Shape_TriPyramid.uasset" to "../../../../../LudumDareProject/LudumDare/Content/StarterContent/Shapes/Shape_TriPyramid.uasset"
[2018.08.11-07.04.29:849][  0]LogPackFactory: Copied "../../../Samples/StarterContent/Content/StarterContent/Shapes/Shape_Tube.uasset" to "../../../../../LudumDareProject/LudumDare/Content/StarterContent/Shapes/Shape_Tube.uasset"
[2018.08.11-07.04.29:869][  0]LogPackFactory: Copied "../../../Samples/StarterContent/Content/StarterContent/Shapes/Shape_Wedge_A.uasset" to "../../../../../LudumDareProject/LudumDare/Content/StarterContent/Shapes/Shape_Wedge_A.uasset"
[2018.08.11-07.04.29:879][  0]LogPackFactory: Copied "../../../Samples/StarterContent/Content/StarterContent/Shapes/Shape_Wedge_B.uasset" to "../../../../../LudumDareProject/LudumDare/Content/StarterContent/Shapes/Shape_Wedge_B.uasset"
[2018.08.11-07.04.29:890][  0]LogPackFactory: Copied "../../../Samples/StarterContent/Content/StarterContent/Shapes/Shape_WideCapsule.uasset" to "../../../../../LudumDareProject/LudumDare/Content/StarterContent/Shapes/Shape_WideCapsule.uasset"
[2018.08.11-07.04.29:994][  0]LogPackFactory: Copied "../../../Samples/StarterContent/Content/StarterContent/Textures/T_Brick_Clay_Beveled_D.uasset" to "../../../../../LudumDareProject/LudumDare/Content/StarterContent/Textures/T_Brick_Clay_Beveled_D.uasset"
[2018.08.11-07.04.30:215][  0]LogPackFactory: Copied "../../../Samples/StarterContent/Content/StarterContent/Textures/T_Brick_Clay_Beveled_M.uasset" to "../../../../../LudumDareProject/LudumDare/Content/StarterContent/Textures/T_Brick_Clay_Beveled_M.uasset"
[2018.08.11-07.04.30:576][  0]LogPackFactory: Copied "../../../Samples/StarterContent/Content/StarterContent/Textures/T_Brick_Clay_Beveled_N.uasset" to "../../../../../LudumDareProject/LudumDare/Content/StarterContent/Textures/T_Brick_Clay_Beveled_N.uasset"
[2018.08.11-07.04.30:686][  0]LogPackFactory: Copied "../../../Samples/StarterContent/Content/StarterContent/Textures/T_Brick_Clay_New_D.uasset" to "../../../../../LudumDareProject/LudumDare/Content/StarterContent/Textures/T_Brick_Clay_New_D.uasset"
[2018.08.11-07.04.30:841][  0]LogPackFactory: Copied "../../../Samples/StarterContent/Content/StarterContent/Textures/T_Brick_Clay_New_M.uasset" to "../../../../../LudumDareProject/LudumDare/Content/StarterContent/Textures/T_Brick_Clay_New_M.uasset"
[2018.08.11-07.04.30:941][  0]LogPackFactory: Copied "../../../Samples/StarterContent/Content/StarterContent/Textures/T_Brick_Clay_New_N.uasset" to "../../../../../LudumDareProject/LudumDare/Content/StarterContent/Textures/T_Brick_Clay_New_N.uasset"
[2018.08.11-07.04.31:089][  0]LogPackFactory: Copied "../../../Samples/StarterContent/Content/StarterContent/Textures/T_Brick_Clay_Old_D.uasset" to "../../../../../LudumDareProject/LudumDare/Content/StarterContent/Textures/T_Brick_Clay_Old_D.uasset"
[2018.08.11-07.04.31:198][  0]LogPackFactory: Copied "../../../Samples/StarterContent/Content/StarterContent/Textures/T_Brick_Clay_Old_N.uasset" to "../../../../../LudumDareProject/LudumDare/Content/StarterContent/Textures/T_Brick_Clay_Old_N.uasset"
[2018.08.11-07.04.31:395][  0]LogPackFactory: Copied "../../../Samples/StarterContent/Content/StarterContent/Textures/T_Brick_Cut_Stone_D.uasset" to "../../../../../LudumDareProject/LudumDare/Content/StarterContent/Textures/T_Brick_Cut_Stone_D.uasset"
[2018.08.11-07.04.31:633][  0]LogPackFactory: Copied "../../../Samples/StarterContent/Content/StarterContent/Textures/T_Brick_Cut_Stone_N.uasset" to "../../../../../LudumDareProject/LudumDare/Content/StarterContent/Textures/T_Brick_Cut_Stone_N.uasset"
[2018.08.11-07.04.32:334][  0]LogPackFactory: Copied "../../../Samples/StarterContent/Content/StarterContent/Textures/T_Brick_Hewn_Stone_D.uasset" to "../../../../../LudumDareProject/LudumDare/Content/StarterContent/Textures/T_Brick_Hewn_Stone_D.uasset"
[2018.08.11-07.04.32:494][  0]LogPackFactory: Copied "../../../Samples/StarterContent/Content/StarterContent/Textures/T_Brick_Hewn_Stone_M.uasset" to "../../../../../LudumDareProject/LudumDare/Content/StarterContent/Textures/T_Brick_Hewn_Stone_M.uasset"
[2018.08.11-07.04.32:680][  0]LogPackFactory: Copied "../../../Samples/StarterContent/Content/StarterContent/Textures/T_Brick_Hewn_Stone_N.uasset" to "../../../../../LudumDareProject/LudumDare/Content/StarterContent/Textures/T_Brick_Hewn_Stone_N.uasset"
[2018.08.11-07.04.32:711][  0]LogPackFactory: Copied "../../../Samples/StarterContent/Content/StarterContent/Textures/T_Burst_M.uasset" to "../../../../../LudumDareProject/LudumDare/Content/StarterContent/Textures/T_Burst_M.uasset"
[2018.08.11-07.04.32:747][  0]LogPackFactory: Copied "../../../Samples/StarterContent/Content/StarterContent/Textures/T_Bush_D.uasset" to "../../../../../LudumDareProject/LudumDare/Content/StarterContent/Textures/T_Bush_D.uasset"
[2018.08.11-07.04.32:794][  0]LogPackFactory: Copied "../../../Samples/StarterContent/Content/StarterContent/Textures/T_Bush_N.uasset" to "../../../../../LudumDareProject/LudumDare/Content/StarterContent/Textures/T_Bush_N.uasset"
[2018.08.11-07.04.33:125][  0]LogPackFactory: Copied "../../../Samples/StarterContent/Content/StarterContent/Textures/T_Ceramic_Tile_M.uasset" to "../../../../../LudumDareProject/LudumDare/Content/StarterContent/Textures/T_Ceramic_Tile_M.uasset"
[2018.08.11-07.04.33:289][  0]LogPackFactory: Copied "../../../Samples/StarterContent/Content/StarterContent/Textures/T_Ceramic_Tile_N.uasset" to "../../../../../LudumDareProject/LudumDare/Content/StarterContent/Textures/T_Ceramic_Tile_N.uasset"
[2018.08.11-07.04.33:404][  0]LogPackFactory: Copied "../../../Samples/StarterContent/Content/StarterContent/Textures/T_Chair_M.uasset" to "../../../../../LudumDareProject/LudumDare/Content/StarterContent/Textures/T_Chair_M.uasset"
[2018.08.11-07.04.33:466][  0]LogPackFactory: Copied "../../../Samples/StarterContent/Content/StarterContent/Textures/T_Chair_N.uasset" to "../../../../../LudumDareProject/LudumDare/Content/StarterContent/Textures/T_Chair_N.uasset"
[2018.08.11-07.04.33:499][  0]LogPackFactory: Copied "../../../Samples/StarterContent/Content/StarterContent/Textures/T_Checker_Noise_M.uasset" to "../../../../../LudumDareProject/LudumDare/Content/StarterContent/Textures/T_Checker_Noise_M.uasset"
[2018.08.11-07.04.33:704][  0]LogPackFactory: Copied "../../../Samples/StarterContent/Content/StarterContent/Textures/T_CobbleStone_Pebble_D.uasset" to "../../../../../LudumDareProject/LudumDare/Content/StarterContent/Textures/T_CobbleStone_Pebble_D.uasset"
[2018.08.11-07.04.33:751][  0]LogPackFactory: Copied "../../../Samples/StarterContent/Content/StarterContent/Textures/T_CobbleStone_Pebble_M.uasset" to "../../../../../LudumDareProject/LudumDare/Content/StarterContent/Textures/T_CobbleStone_Pebble_M.uasset"
[2018.08.11-07.04.33:937][  0]LogPackFactory: Copied "../../../Samples/StarterContent/Content/StarterContent/Textures/T_CobbleStone_Pebble_N.uasset" to "../../../../../LudumDareProject/LudumDare/Content/StarterContent/Textures/T_CobbleStone_Pebble_N.uasset"
[2018.08.11-07.04.34:015][  0]LogPackFactory: Copied "../../../Samples/StarterContent/Content/StarterContent/Textures/T_CobbleStone_Rough_D.uasset" to "../../../../../LudumDareProject/LudumDare/Content/StarterContent/Textures/T_CobbleStone_Rough_D.uasset"
[2018.08.11-07.04.34:069][  0]LogPackFactory: Copied "../../../Samples/StarterContent/Content/StarterContent/Textures/T_CobbleStone_Rough_N.uasset" to "../../../../../LudumDareProject/LudumDare/Content/StarterContent/Textures/T_CobbleStone_Rough_N.uasset"
[2018.08.11-07.04.34:227][  0]LogPackFactory: Copied "../../../Samples/StarterContent/Content/StarterContent/Textures/T_CobbleStone_Smooth_D.uasset" to "../../../../../LudumDareProject/LudumDare/Content/StarterContent/Textures/T_CobbleStone_Smooth_D.uasset"
[2018.08.11-07.04.34:500][  0]LogPackFactory: Copied "../../../Samples/StarterContent/Content/StarterContent/Textures/T_CobbleStone_Smooth_M.uasset" to "../../../../../LudumDareProject/LudumDare/Content/StarterContent/Textures/T_CobbleStone_Smooth_M.uasset"
[2018.08.11-07.04.34:697][  0]LogPackFactory: Copied "../../../Samples/StarterContent/Content/StarterContent/Textures/T_CobbleStone_Smooth_N.uasset" to "../../../../../LudumDareProject/LudumDare/Content/StarterContent/Textures/T_CobbleStone_Smooth_N.uasset"
[2018.08.11-07.04.35:045][  0]LogPackFactory: Copied "../../../Samples/StarterContent/Content/StarterContent/Textures/T_Concrete_Grime_D.uasset" to "../../../../../LudumDareProject/LudumDare/Content/StarterContent/Textures/T_Concrete_Grime_D.uasset"
[2018.08.11-07.04.35:319][  0]LogPackFactory: Copied "../../../Samples/StarterContent/Content/StarterContent/Textures/T_Concrete_Panels_D.uasset" to "../../../../../LudumDareProject/LudumDare/Content/StarterContent/Textures/T_Concrete_Panels_D.uasset"
[2018.08.11-07.04.36:054][  0]LogPackFactory: Copied "../../../Samples/StarterContent/Content/StarterContent/Textures/T_Concrete_Panels_N.uasset" to "../../../../../LudumDareProject/LudumDare/Content/StarterContent/Textures/T_Concrete_Panels_N.uasset"
[2018.08.11-07.04.37:284][  0]LogPackFactory: Copied "../../../Samples/StarterContent/Content/StarterContent/Textures/T_Concrete_Poured_D.uasset" to "../../../../../LudumDareProject/LudumDare/Content/StarterContent/Textures/T_Concrete_Poured_D.uasset"
[2018.08.11-07.04.37:565][  0]LogPackFactory: Copied "../../../Samples/StarterContent/Content/StarterContent/Textures/T_Concrete_Poured_N.uasset" to "../../../../../LudumDareProject/LudumDare/Content/StarterContent/Textures/T_Concrete_Poured_N.uasset"
[2018.08.11-07.04.38:291][  0]LogPackFactory: Copied "../../../Samples/StarterContent/Content/StarterContent/Textures/T_Concrete_Tiles_D.uasset" to "../../../../../LudumDareProject/LudumDare/Content/StarterContent/Textures/T_Concrete_Tiles_D.uasset"
[2018.08.11-07.04.39:089][  0]LogPackFactory: Copied "../../../Samples/StarterContent/Content/StarterContent/Textures/T_Concrete_Tiles_M.uasset" to "../../../../../LudumDareProject/LudumDare/Content/StarterContent/Textures/T_Concrete_Tiles_M.uasset"
[2018.08.11-07.04.39:290][  0]LogPackFactory: Copied "../../../Samples/StarterContent/Content/StarterContent/Textures/T_Concrete_Tiles_N.uasset" to "../../../../../LudumDareProject/LudumDare/Content/StarterContent/Textures/T_Concrete_Tiles_N.uasset"
[2018.08.11-07.04.39:430][  0]LogPackFactory: Copied "../../../Samples/StarterContent/Content/StarterContent/Textures/T_Concrete_Tiles_Variation_M.uasset" to "../../../../../LudumDareProject/LudumDare/Content/StarterContent/Textures/T_Concrete_Tiles_Variation_M.uasset"
[2018.08.11-07.04.39:624][  0]LogPackFactory: Copied "../../../Samples/StarterContent/Content/StarterContent/Textures/T_Detail_Rocky_N.uasset" to "../../../../../LudumDareProject/LudumDare/Content/StarterContent/Textures/T_Detail_Rocky_N.uasset"
[2018.08.11-07.04.40:362][  0]LogPackFactory: Copied "../../../Samples/StarterContent/Content/StarterContent/Textures/T_Door_M.uasset" to "../../../../../LudumDareProject/LudumDare/Content/StarterContent/Textures/T_Door_M.uasset"
[2018.08.11-07.04.40:434][  0]LogPackFactory: Copied "../../../Samples/StarterContent/Content/StarterContent/Textures/T_Door_N.uasset" to "../../../../../LudumDareProject/LudumDare/Content/StarterContent/Textures/T_Door_N.uasset"
[2018.08.11-07.04.40:473][  0]LogPackFactory: Copied "../../../Samples/StarterContent/Content/StarterContent/Textures/T_Dust_Particle_D.uasset" to "../../../../../LudumDareProject/LudumDare/Content/StarterContent/Textures/T_Dust_Particle_D.uasset"
[2018.08.11-07.04.40:537][  0]LogPackFactory: Copied "../../../Samples/StarterContent/Content/StarterContent/Textures/T_Explosion_SubUV.uasset" to "../../../../../LudumDareProject/LudumDare/Content/StarterContent/Textures/T_Explosion_SubUV.uasset"
[2018.08.11-07.04.40:580][  0]LogPackFactory: Copied "../../../Samples/StarterContent/Content/StarterContent/Textures/T_Fire_SubUV.uasset" to "../../../../../LudumDareProject/LudumDare/Content/StarterContent/Textures/T_Fire_SubUV.uasset"
[2018.08.11-07.04.40:649][  0]LogPackFactory: Copied "../../../Samples/StarterContent/Content/StarterContent/Textures/T_Fire_Tiled_D.uasset" to "../../../../../LudumDareProject/LudumDare/Content/StarterContent/Textures/T_Fire_Tiled_D.uasset"
[2018.08.11-07.04.40:702][  0]LogPackFactory: Copied "../../../Samples/StarterContent/Content/StarterContent/Textures/T_Frame_M.uasset" to "../../../../../LudumDareProject/LudumDare/Content/StarterContent/Textures/T_Frame_M.uasset"
[2018.08.11-07.04.40:739][  0]LogPackFactory: Copied "../../../Samples/StarterContent/Content/StarterContent/Textures/T_Frame_N.uasset" to "../../../../../LudumDareProject/LudumDare/Content/StarterContent/Textures/T_Frame_N.uasset"
[2018.08.11-07.04.40:785][  0]LogPackFactory: Copied "../../../Samples/StarterContent/Content/StarterContent/Textures/T_Gradinet_01.uasset" to "../../../../../LudumDareProject/LudumDare/Content/StarterContent/Textures/T_Gradinet_01.uasset"
[2018.08.11-07.04.40:962][  0]LogPackFactory: Copied "../../../Samples/StarterContent/Content/StarterContent/Textures/T_Ground_Grass_D.uasset" to "../../../../../LudumDareProject/LudumDare/Content/StarterContent/Textures/T_Ground_Grass_D.uasset"
[2018.08.11-07.04.41:302][  0]LogPackFactory: Copied "../../../Samples/StarterContent/Content/StarterContent/Textures/T_Ground_Grass_N.uasset" to "../../../../../LudumDareProject/LudumDare/Content/StarterContent/Textures/T_Ground_Grass_N.uasset"
[2018.08.11-07.04.41:862][  0]LogPackFactory: Copied "../../../Samples/StarterContent/Content/StarterContent/Textures/T_Ground_Gravel_D.uasset" to "../../../../../LudumDareProject/LudumDare/Content/StarterContent/Textures/T_Ground_Gravel_D.uasset"
[2018.08.11-07.04.42:291][  0]LogPackFactory: Copied "../../../Samples/StarterContent/Content/StarterContent/Textures/T_Ground_Gravel_N.uasset" to "../../../../../LudumDareProject/LudumDare/Content/StarterContent/Textures/T_Ground_Gravel_N.uasset"
[2018.08.11-07.04.42:540][  0]LogPackFactory: Copied "../../../Samples/StarterContent/Content/StarterContent/Textures/T_ground_Moss_D.uasset" to "../../../../../LudumDareProject/LudumDare/Content/StarterContent/Textures/T_ground_Moss_D.uasset"
[2018.08.11-07.04.43:146][  0]LogPackFactory: Copied "../../../Samples/StarterContent/Content/StarterContent/Textures/T_Ground_Moss_N.uasset" to "../../../../../LudumDareProject/LudumDare/Content/StarterContent/Textures/T_Ground_Moss_N.uasset"
[2018.08.11-07.04.43:183][  0]LogPackFactory: Copied "../../../Samples/StarterContent/Content/StarterContent/Textures/T_Lamp_M.uasset" to "../../../../../LudumDareProject/LudumDare/Content/StarterContent/Textures/T_Lamp_M.uasset"
[2018.08.11-07.04.43:288][  0]LogPackFactory: Copied "../../../Samples/StarterContent/Content/StarterContent/Textures/T_Lamp_N.uasset" to "../../../../../LudumDareProject/LudumDare/Content/StarterContent/Textures/T_Lamp_N.uasset"
[2018.08.11-07.04.43:450][  0]LogPackFactory: Copied "../../../Samples/StarterContent/Content/StarterContent/Textures/T_MacroVariation.uasset" to "../../../../../LudumDareProject/LudumDare/Content/StarterContent/Textures/T_MacroVariation.uasset"
[2018.08.11-07.04.43:595][  0]LogPackFactory: Copied "../../../Samples/StarterContent/Content/StarterContent/Textures/T_Metal_Aluminum_D.uasset" to "../../../../../LudumDareProject/LudumDare/Content/StarterContent/Textures/T_Metal_Aluminum_D.uasset"
[2018.08.11-07.04.43:958][  0]LogPackFactory: Copied "../../../Samples/StarterContent/Content/StarterContent/Textures/T_Metal_Copper_D.uasset" to "../../../../../LudumDareProject/LudumDare/Content/StarterContent/Textures/T_Metal_Copper_D.uasset"
[2018.08.11-07.04.44:462][  0]LogPackFactory: Copied "../../../Samples/StarterContent/Content/StarterContent/Textures/T_Metal_Gold_D.uasset" to "../../../../../LudumDareProject/LudumDare/Content/StarterContent/Textures/T_Metal_Gold_D.uasset"
[2018.08.11-07.04.44:529][  0]LogPackFactory: Copied "../../../Samples/StarterContent/Content/StarterContent/Textures/T_Metal_Gold_N.uasset" to "../../../../../LudumDareProject/LudumDare/Content/StarterContent/Textures/T_Metal_Gold_N.uasset"
[2018.08.11-07.04.44:718][  0]LogPackFactory: Copied "../../../Samples/StarterContent/Content/StarterContent/Textures/T_Metal_Rust_D.uasset" to "../../../../../LudumDareProject/LudumDare/Content/StarterContent/Textures/T_Metal_Rust_D.uasset"
[2018.08.11-07.04.44:857][  0]LogPackFactory: Copied "../../../Samples/StarterContent/Content/StarterContent/Textures/T_Metal_Rust_N.uasset" to "../../../../../LudumDareProject/LudumDare/Content/StarterContent/Textures/T_Metal_Rust_N.uasset"
[2018.08.11-07.04.44:919][  0]LogPackFactory: Copied "../../../Samples/StarterContent/Content/StarterContent/Textures/T_Metal_Steel_D.uasset" to "../../../../../LudumDareProject/LudumDare/Content/StarterContent/Textures/T_Metal_Steel_D.uasset"
[2018.08.11-07.04.45:035][  0]LogPackFactory: Copied "../../../Samples/StarterContent/Content/StarterContent/Textures/T_Metal_Steel_N.uasset" to "../../../../../LudumDareProject/LudumDare/Content/StarterContent/Textures/T_Metal_Steel_N.uasset"
[2018.08.11-07.04.45:348][  0]LogPackFactory: Copied "../../../Samples/StarterContent/Content/StarterContent/Textures/T_Perlin_Noise_M.uasset" to "../../../../../LudumDareProject/LudumDare/Content/StarterContent/Textures/T_Perlin_Noise_M.uasset"
[2018.08.11-07.04.46:052][  0]LogPackFactory: Copied "../../../Samples/StarterContent/Content/StarterContent/Textures/T_RockMesh_M.uasset" to "../../../../../LudumDareProject/LudumDare/Content/StarterContent/Textures/T_RockMesh_M.uasset"
[2018.08.11-07.04.46:200][  0]LogPackFactory: Copied "../../../Samples/StarterContent/Content/StarterContent/Textures/T_RockMesh_N.uasset" to "../../../../../LudumDareProject/LudumDare/Content/StarterContent/Textures/T_RockMesh_N.uasset"
[2018.08.11-07.04.46:385][  0]LogPackFactory: Copied "../../../Samples/StarterContent/Content/StarterContent/Textures/T_Rock_Basalt_D.uasset" to "../../../../../LudumDareProject/LudumDare/Content/StarterContent/Textures/T_Rock_Basalt_D.uasset"
[2018.08.11-07.04.46:896][  0]LogPackFactory: Copied "../../../Samples/StarterContent/Content/StarterContent/Textures/T_Rock_Basalt_N.uasset" to "../../../../../LudumDareProject/LudumDare/Content/StarterContent/Textures/T_Rock_Basalt_N.uasset"
[2018.08.11-07.04.47:882][  0]LogPackFactory: Copied "../../../Samples/StarterContent/Content/StarterContent/Textures/T_Rock_Marble_Polished_D.uasset" to "../../../../../LudumDareProject/LudumDare/Content/StarterContent/Textures/T_Rock_Marble_Polished_D.uasset"
[2018.08.11-07.04.48:250][  0]LogPackFactory: Copied "../../../Samples/StarterContent/Content/StarterContent/Textures/T_Rock_Sandstone_D.uasset" to "../../../../../LudumDareProject/LudumDare/Content/StarterContent/Textures/T_Rock_Sandstone_D.uasset"
[2018.08.11-07.04.48:546][  0]LogPackFactory: Copied "../../../Samples/StarterContent/Content/StarterContent/Textures/T_Rock_Sandstone_N.uasset" to "../../../../../LudumDareProject/LudumDare/Content/StarterContent/Textures/T_Rock_Sandstone_N.uasset"
[2018.08.11-07.04.48:860][  0]LogPackFactory: Copied "../../../Samples/StarterContent/Content/StarterContent/Textures/T_Rock_Slate_D.uasset" to "../../../../../LudumDareProject/LudumDare/Content/StarterContent/Textures/T_Rock_Slate_D.uasset"
[2018.08.11-07.04.49:449][  0]LogPackFactory: Copied "../../../Samples/StarterContent/Content/StarterContent/Textures/T_Rock_Slate_N.uasset" to "../../../../../LudumDareProject/LudumDare/Content/StarterContent/Textures/T_Rock_Slate_N.uasset"
[2018.08.11-07.04.49:744][  0]LogPackFactory: Copied "../../../Samples/StarterContent/Content/StarterContent/Textures/T_Rock_Smooth_Granite_D.uasset" to "../../../../../LudumDareProject/LudumDare/Content/StarterContent/Textures/T_Rock_Smooth_Granite_D.uasset"
[2018.08.11-07.04.49:864][  0]LogPackFactory: Copied "../../../Samples/StarterContent/Content/StarterContent/Textures/T_Shelf_M.uasset" to "../../../../../LudumDareProject/LudumDare/Content/StarterContent/Textures/T_Shelf_M.uasset"
[2018.08.11-07.04.50:429][  0]LogPackFactory: Copied "../../../Samples/StarterContent/Content/StarterContent/Textures/T_Shelf_N.uasset" to "../../../../../LudumDareProject/LudumDare/Content/StarterContent/Textures/T_Shelf_N.uasset"
[2018.08.11-07.04.50:510][  0]LogPackFactory: Copied "../../../Samples/StarterContent/Content/StarterContent/Textures/T_Single_Tile_N.uasset" to "../../../../../LudumDareProject/LudumDare/Content/StarterContent/Textures/T_Single_Tile_N.uasset"
[2018.08.11-07.04.51:198][  0]LogPackFactory: Copied "../../../Samples/StarterContent/Content/StarterContent/Textures/T_Smoke_SubUV.uasset" to "../../../../../LudumDareProject/LudumDare/Content/StarterContent/Textures/T_Smoke_SubUV.uasset"
[2018.08.11-07.04.51:392][  0]LogPackFactory: Copied "../../../Samples/StarterContent/Content/StarterContent/Textures/T_Smoke_Tiled_D.uasset" to "../../../../../LudumDareProject/LudumDare/Content/StarterContent/Textures/T_Smoke_Tiled_D.uasset"
[2018.08.11-07.04.51:506][  0]LogPackFactory: Copied "../../../Samples/StarterContent/Content/StarterContent/Textures/T_Spark_Core.uasset" to "../../../../../LudumDareProject/LudumDare/Content/StarterContent/Textures/T_Spark_Core.uasset"
[2018.08.11-07.04.51:536][  0]LogPackFactory: Copied "../../../Samples/StarterContent/Content/StarterContent/Textures/T_Statue_M.uasset" to "../../../../../LudumDareProject/LudumDare/Content/StarterContent/Textures/T_Statue_M.uasset"
[2018.08.11-07.04.51:586][  0]LogPackFactory: Copied "../../../Samples/StarterContent/Content/StarterContent/Textures/T_Statue_N.uasset" to "../../../../../LudumDareProject/LudumDare/Content/StarterContent/Textures/T_Statue_N.uasset"
[2018.08.11-07.04.51:736][  0]LogPackFactory: Copied "../../../Samples/StarterContent/Content/StarterContent/Textures/T_TableRound_M.uasset" to "../../../../../LudumDareProject/LudumDare/Content/StarterContent/Textures/T_TableRound_M.uasset"
[2018.08.11-07.04.51:805][  0]LogPackFactory: Copied "../../../Samples/StarterContent/Content/StarterContent/Textures/T_TableRound_N.uasset" to "../../../../../LudumDareProject/LudumDare/Content/StarterContent/Textures/T_TableRound_N.uasset"
[2018.08.11-07.04.51:845][  0]LogPackFactory: Copied "../../../Samples/StarterContent/Content/StarterContent/Textures/T_Tech_Dot_M.uasset" to "../../../../../LudumDareProject/LudumDare/Content/StarterContent/Textures/T_Tech_Dot_M.uasset"
[2018.08.11-07.04.51:861][  0]LogPackFactory: Copied "../../../Samples/StarterContent/Content/StarterContent/Textures/T_Tech_Dot_N.uasset" to "../../../../../LudumDareProject/LudumDare/Content/StarterContent/Textures/T_Tech_Dot_N.uasset"
[2018.08.11-07.04.51:920][  0]LogPackFactory: Copied "../../../Samples/StarterContent/Content/StarterContent/Textures/T_Tech_Hex_Tile_M.uasset" to "../../../../../LudumDareProject/LudumDare/Content/StarterContent/Textures/T_Tech_Hex_Tile_M.uasset"
[2018.08.11-07.04.52:501][  0]LogPackFactory: Copied "../../../Samples/StarterContent/Content/StarterContent/Textures/T_Tech_Hex_Tile_N.uasset" to "../../../../../LudumDareProject/LudumDare/Content/StarterContent/Textures/T_Tech_Hex_Tile_N.uasset"
[2018.08.11-07.04.52:545][  0]LogPackFactory: Copied "../../../Samples/StarterContent/Content/StarterContent/Textures/T_Tech_Panel_M.uasset" to "../../../../../LudumDareProject/LudumDare/Content/StarterContent/Textures/T_Tech_Panel_M.uasset"
[2018.08.11-07.04.52:618][  0]LogPackFactory: Copied "../../../Samples/StarterContent/Content/StarterContent/Textures/T_Tech_Panel_N.uasset" to "../../../../../LudumDareProject/LudumDare/Content/StarterContent/Textures/T_Tech_Panel_N.uasset"
[2018.08.11-07.04.52:668][  0]LogPackFactory: Copied "../../../Samples/StarterContent/Content/StarterContent/Textures/T_Water_M.uasset" to "../../../../../LudumDareProject/LudumDare/Content/StarterContent/Textures/T_Water_M.uasset"
[2018.08.11-07.04.52:747][  0]LogPackFactory: Copied "../../../Samples/StarterContent/Content/StarterContent/Textures/T_Water_N.uasset" to "../../../../../LudumDareProject/LudumDare/Content/StarterContent/Textures/T_Water_N.uasset"
[2018.08.11-07.04.52:864][  0]LogPackFactory: Copied "../../../Samples/StarterContent/Content/StarterContent/Textures/T_Wood_Floor_Walnut_D.uasset" to "../../../../../LudumDareProject/LudumDare/Content/StarterContent/Textures/T_Wood_Floor_Walnut_D.uasset"
[2018.08.11-07.04.52:953][  0]LogPackFactory: Copied "../../../Samples/StarterContent/Content/StarterContent/Textures/T_Wood_Floor_Walnut_M.uasset" to "../../../../../LudumDareProject/LudumDare/Content/StarterContent/Textures/T_Wood_Floor_Walnut_M.uasset"
[2018.08.11-07.04.53:062][  0]LogPackFactory: Copied "../../../Samples/StarterContent/Content/StarterContent/Textures/T_Wood_Floor_Walnut_N.uasset" to "../../../../../LudumDareProject/LudumDare/Content/StarterContent/Textures/T_Wood_Floor_Walnut_N.uasset"
[2018.08.11-07.04.53:434][  0]LogPackFactory: Copied "../../../Samples/StarterContent/Content/StarterContent/Textures/T_Wood_Oak_D.uasset" to "../../../../../LudumDareProject/LudumDare/Content/StarterContent/Textures/T_Wood_Oak_D.uasset"
[2018.08.11-07.04.53:654][  0]LogPackFactory: Copied "../../../Samples/StarterContent/Content/StarterContent/Textures/T_Wood_Oak_N.uasset" to "../../../../../LudumDareProject/LudumDare/Content/StarterContent/Textures/T_Wood_Oak_N.uasset"
[2018.08.11-07.04.54:006][  0]LogPackFactory: Copied "../../../Samples/StarterContent/Content/StarterContent/Textures/T_Wood_Pine_D.uasset" to "../../../../../LudumDareProject/LudumDare/Content/StarterContent/Textures/T_Wood_Pine_D.uasset"
[2018.08.11-07.04.54:122][  0]LogPackFactory: Copied "../../../Samples/StarterContent/Content/StarterContent/Textures/T_Wood_Pine_N.uasset" to "../../../../../LudumDareProject/LudumDare/Content/StarterContent/Textures/T_Wood_Pine_N.uasset"
[2018.08.11-07.04.54:214][  0]LogPackFactory: Copied "../../../Samples/StarterContent/Content/StarterContent/Textures/T_Wood_Walnut_D.uasset" to "../../../../../LudumDareProject/LudumDare/Content/StarterContent/Textures/T_Wood_Walnut_D.uasset"
[2018.08.11-07.04.54:275][  0]LogPackFactory: Copied "../../../Samples/StarterContent/Content/StarterContent/Textures/T_Wood_Walnut_N.uasset" to "../../../../../LudumDareProject/LudumDare/Content/StarterContent/Textures/T_Wood_Walnut_N.uasset"
[2018.08.11-07.04.54:476][  0]LogStaticMesh: Building static mesh Floor_400x400...
[2018.08.11-07.04.54:488][  0]LogStaticMesh: Built static mesh [0.01s] /Game/StarterContent/Architecture/Floor_400x400.Floor_400x400
[2018.08.11-07.04.55:477][  0]LogRenderer: Reallocating scene render targets to support 256x256 Format 10 NumSamples 1 (Frame:1).
[2018.08.11-07.05.06:054][  0]Cmd: OBJ SAVEPACKAGE PACKAGE="/Game/StarterContent/Architecture/Floor_400x400" FILE="../../../../../LudumDareProject/LudumDare/Content/StarterContent/Architecture/Floor_400x400.uasset" SILENT=true
[2018.08.11-07.05.06:155][  0]LogSavePackage: Moving '../../../../../LudumDareProject/LudumDare/Saved/Floor_400x4009BE17C7743A5A93ED77268A317D9DC6D.tmp' to '../../../../../LudumDareProject/LudumDare/Content/StarterContent/Architecture/Floor_400x400.uasset'
[2018.08.11-07.05.06:242][  0]LogFeaturePack: Warning: Inserted 1 feature packs
[2018.08.11-07.05.06:247][  0]Cmd: MAP LOAD FILE="../../../../../LudumDareProject/LudumDare/Content/StarterContent/Maps/Minimal_Default.umap" TEMPLATE=0 SHOWPROGRESS=1 FEATURELEVEL=3
[2018.08.11-07.05.06:259][  0]LightingResults: New page: Lighting Build
[2018.08.11-07.05.06:261][  0]MapCheck: New page: Map Check
[2018.08.11-07.05.06:262][  0]LightingResults: New page: Lighting Build
[2018.08.11-07.05.07:741][  0]LogAIModule: Creating AISystem for world Minimal_Default
[2018.08.11-07.05.07:836][  0]LogEditorServer: Finished looking for orphan Actors (0.000 secs)
[2018.08.11-07.05.07:875][  0]Cmd: MAP CHECKDEP NOCLEARLOG
[2018.08.11-07.05.07:930][  0]MapCheck: Map check complete: 0 Error(s), 0 Warning(s), took 55,48ms to complete.
[2018.08.11-07.05.07:930][  0]LogFileHelpers: Loading map 'Minimal_Default' took 1.683
[2018.08.11-07.05.09:034][  0]LogSlate: Updating window title bar state: overlay mode, drag disabled, window buttons hidden, title bar hidden
[2018.08.11-07.05.09:067][  0]LogSlate: Updating window title bar state: overlay mode, drag disabled, window buttons hidden, title bar hidden
[2018.08.11-07.05.09:079][  0]LogSlate: Updating window title bar state: overlay mode, drag disabled, window buttons hidden, title bar hidden
[2018.08.11-07.05.09:089][  0]LogSlate: Updating window title bar state: overlay mode, drag disabled, window buttons hidden, title bar hidden
[2018.08.11-07.05.09:236][  0]LogCollectionManager: Loaded 0 collections in 0.001309 seconds
[2018.08.11-07.05.09:830][  0]LogFileCache: Scanning file cache for directory 'E:/LudumDareProject/LudumDare/Saved/Collections/' took 0.01s
[2018.08.11-07.05.09:830][  0]LogFileCache: Scanning file cache for directory 'E:/LudumDareProject/LudumDare/Content/Developers/Kirill/Collections/' took 0.01s
[2018.08.11-07.05.09:830][  0]LogFileCache: Scanning file cache for directory 'E:/LudumDareProject/LudumDare/Content/Collections/' took 0.01s
[2018.08.11-07.05.09:830][  0]LogCollectionManager: Rebuilt the GUID cache for 0 collections in 0.000000 seconds
[2018.08.11-07.05.09:845][  0]LogContentBrowser: Native class hierarchy populated in 0.0143 seconds. Added 2572 classes and 603 folders.
[2018.08.11-07.05.10:101][  0]LogContentBrowser: Native class hierarchy updated for 'WidgetCarousel' in 0.0003 seconds. Added 0 classes and 0 folders.
[2018.08.11-07.05.12:007][  0]LogContentBrowser: Native class hierarchy updated for 'AddContentDialog' in 0.0003 seconds. Added 0 classes and 0 folders.
[2018.08.11-07.05.12:092][  0]LogContentBrowser: Native class hierarchy updated for 'SceneOutliner' in 0.0004 seconds. Added 1 classes and 2 folders.
[2018.08.11-07.05.13:608][  0]LogSlate: Took 0.024844 seconds to synchronously load lazily loaded font '../../../Engine/Content/Slate/Fonts/Roboto-Regular.ttf' (155K)
[2018.08.11-07.05.13:620][  0]LogSlate: Took 0.009046 seconds to synchronously load lazily loaded font '../../../Engine/Content/Slate/Fonts/Roboto-Bold.ttf' (160K)
[2018.08.11-07.05.13:710][  0]LogSlate: Took 0.021898 seconds to synchronously load lazily loaded font '../../../Engine/Content/Editor/Slate/Fonts/FontAwesome.ttf' (139K)
[2018.08.11-07.05.14:153][  0]LogRenderer: Reallocating scene render targets to support 964x436 Format 10 NumSamples 1 (Frame:1).
[2018.08.11-07.05.15:352][  0]LogSlate: Took 0.032933 seconds to synchronously load lazily loaded font '../../../Engine/Content/Slate/Fonts/Roboto-Light.ttf' (167K)
[2018.08.11-07.05.15:573][  0]LogSlate: FSceneViewport::OnFocusLost() reason 2
[2018.08.11-07.05.15:849][  0]LogSlate: Window 'Tutorials' being destroyed
[2018.08.11-07.05.15:882][  0]LogContentBrowser: Native class hierarchy updated for 'HierarchicalLODOutliner' in 0.0003 seconds. Added 0 classes and 0 folders.
[2018.08.11-07.05.15:882][  0]LogLoad: (Engine Initialization) Total time: 73.01 seconds
[2018.08.11-07.05.15:882][  0]LogLoad: (Engine Initialization) Total Blueprint compile time: 0.00 seconds
[2018.08.11-07.05.15:917][  0]LogEditorViewport: Clicking on Actor (LMB): BP_Sky_Sphere_C (BP_Sky_Sphere)
[2018.08.11-07.05.16:755][  0]LogEditorViewport: Clicking on Actor (LMB): StaticMeshActor (Table)
[2018.08.11-07.05.17:259][  0]LogContentStreaming: Texture pool size now 3000 MB
[2018.08.11-07.05.17:885][  1]LogAssetRegistry: Asset discovery search completed in 71.0405 seconds
[2018.08.11-07.05.17:888][  1]LogCollectionManager: Rebuilt the object cache for 0 collections in 0.000000 seconds (found 0 objects)
[2018.08.11-07.05.17:888][  1]LogCollectionManager: Fixed up redirectors for 0 collections in 0.000113 seconds (updated 0 objects)
[2018.08.11-07.05.25:776][141]LogSlate: FSceneViewport::OnFocusLost() reason 2
[2018.08.11-07.05.28:393][369]LogSlate: FSceneViewport::OnFocusLost() reason 2
[2018.08.11-07.05.31:474][369]LogSlate: Window 'New Level' being destroyed
[2018.08.11-07.05.31:505][369]LightingResults: New page: Lighting Build
[2018.08.11-07.05.31:520][369]MapCheck: New page: Map Check
[2018.08.11-07.05.31:520][369]LightingResults: New page: Lighting Build
[2018.08.11-07.05.31:560][369]LogAIModule: Creating AISystem for world Untitled
[2018.08.11-07.05.31:572][369]LoadErrors: New page: New Map
[2018.08.11-07.24.11:453][328]LogD3D11RHI: Timed out while waiting for GPU to catch up. (0.5 s)
[2018.08.11-07.42.26:289][598]LogWindowsTextInputMethodSystem: Display: IME system now deactivated.
[2018.08.11-07.42.26:289][598]LogWindowsTextInputMethodSystem: Display: IME system now deactivated.
