Log file open, 08/11/18 13:24:17
LogWindows: Failed to load 'aqProf.dll' (GetLastError=126)
LogWindows: File 'aqProf.dll' does not exist
LogWindows: Failed to load 'VtuneApi.dll' (GetLastError=126)
LogWindows: File 'VtuneApi.dll' does not exist
LogWindows: Failed to load 'VtuneApi32e.dll' (GetLastError=126)
LogWindows: File 'VtuneApi32e.dll' does not exist
LogInit: Display: Running engine for game: LudumDare
LogPlatformFile: Not using cached read wrapper
LogTaskGraph: Started task graph with 5 named threads and 11 total threads with 3 sets of task threads.
LogStats: Stats thread started at 0.156266
LogD3D11RHI: Loaded GFSDK_Aftermath_Lib.x64.dll
LogICUInternationalization: Display: ICU TimeZone Detection - Raw Offset: +3:00, Platform Override: ''
LogPluginManager: Mounting plugin Paper2D
LogPluginManager: Mounting plugin AISupport
LogPluginManager: Mounting plugin LightPropagationVolume
LogPluginManager: Mounting plugin CLionSourceCodeAccess
LogPluginManager: Mounting plugin CodeLiteSourceCodeAccess
LogPluginManager: Mounting plugin GitSourceControl
LogPluginManager: Mounting plugin KDevelopSourceCodeAccess
LogPluginManager: Mounting plugin NullSourceCodeAccess
LogPluginManager: Mounting plugin PerforceSourceControl
LogPluginManager: Mounting plugin SubversionSourceControl
LogPluginManager: Mounting plugin UObjectPlugin
LogPluginManager: Mounting plugin VisualStudioCodeSourceCodeAccess
LogPluginManager: Mounting plugin VisualStudioSourceCodeAccess
LogPluginManager: Mounting plugin XCodeSourceCodeAccess
LogPluginManager: Mounting plugin AssetManagerEditor
LogPluginManager: Mounting plugin CryptoKeys
LogPluginManager: Mounting plugin DataValidation
LogPluginManager: Mounting plugin FacialAnimation
LogPluginManager: Mounting plugin GameplayTagsEditor
LogPluginManager: Mounting plugin MacGraphicsSwitching
LogPluginManager: Mounting plugin MeshEditor
LogPluginManager: Mounting plugin MobileLauncherProfileWizard
LogPluginManager: Mounting plugin PluginBrowser
LogPluginManager: Mounting plugin SpeedTreeImporter
LogPluginManager: Mounting plugin DatasmithContent
LogPluginManager: Mounting plugin AlembicImporter
LogPluginManager: Mounting plugin AppleImageUtils
LogPluginManager: Mounting plugin AppleVision
LogPluginManager: Mounting plugin BackChannel
LogPluginManager: Mounting plugin CharacterAI
LogPluginManager: Mounting plugin GeometryCache
LogPluginManager: Mounting plugin HTML5Networking
LogPluginManager: Mounting plugin ProxyLODPlugin
LogPluginManager: Mounting plugin MagicLeap
LogPluginManager: Mounting plugin MagicLeapEmulator
LogPluginManager: Mounting plugin MagicLeapMedia
LogPluginManager: Mounting plugin AndroidMedia
LogPluginManager: Mounting plugin AvfMedia
LogPluginManager: Mounting plugin ImgMedia
LogPluginManager: Mounting plugin LinearTimecode
LogPluginManager: Mounting plugin MediaCompositing
LogPluginManager: Mounting plugin MediaPlayerEditor
LogPluginManager: Mounting plugin WmfMedia
LogPluginManager: Mounting plugin TcpMessaging
LogPluginManager: Mounting plugin UdpMessaging
LogPluginManager: Mounting plugin ActorSequence
LogPluginManager: Mounting plugin LevelSequenceEditor
LogPluginManager: Mounting plugin MatineeToLevelSequence
LogPluginManager: Mounting plugin NetcodeUnitTest
LogPluginManager: Mounting plugin NUTUnrealEngine4
LogPluginManager: Mounting plugin OnlineSubsystemGooglePlay
LogPluginManager: Mounting plugin OnlineSubsystemIOS
LogPluginManager: Mounting plugin OnlineSubsystem
LogPluginManager: Mounting plugin OnlineSubsystemNull
LogPluginManager: Mounting plugin OnlineSubsystemUtils
LogPluginManager: Mounting plugin LauncherChunkInstaller
LogPluginManager: Mounting plugin AndroidDeviceProfileSelector
LogPluginManager: Mounting plugin AndroidMoviePlayer
LogPluginManager: Mounting plugin AndroidPermission
LogPluginManager: Mounting plugin AppleMoviePlayer
LogPluginManager: Mounting plugin ArchVisCharacter
LogPluginManager: Mounting plugin AudioCapture
LogPluginManager: Mounting plugin CableComponent
LogPluginManager: Mounting plugin CustomMeshComponent
LogPluginManager: Mounting plugin EditableMesh
LogPluginManager: Mounting plugin ExampleDeviceProfileSelector
LogPluginManager: Mounting plugin GoogleCloudMessaging
LogPluginManager: Mounting plugin ImmediatePhysics
LogPluginManager: Mounting plugin IOSDeviceProfileSelector
LogPluginManager: Mounting plugin LinuxDeviceProfileSelector
LogPluginManager: Mounting plugin LocationServicesBPLibrary
LogPluginManager: Mounting plugin MobilePatchingUtils
LogPluginManager: Mounting plugin OculusVR
LogPluginManager: Plugin shader directory ../../../Engine/Plugins/Runtime/Oculus/OculusVR/Shaders found
LogPluginManager: Mapping shader source directory ../../../Engine/Plugins/Runtime/Oculus/OculusVR/Shaders to virtual directory /Plugin/OculusVR
LogPluginManager: Mounting plugin PhysXVehicles
LogPluginManager: Mounting plugin ProceduralMeshComponent
LogPluginManager: Mounting plugin RuntimePhysXCooking
LogPluginManager: Mounting plugin SteamVR
LogPluginManager: Mounting plugin WindowsMoviePlayer
LogStreaming: Display: Took  0.135s to configure plugins.
LogInit: Using libcurl 7.55.1-DEV
LogInit:  - built for x86_64-pc-win32
LogInit:  - supports SSL with OpenSSL/1.0.2h
LogInit:  - supports HTTP deflate (compression) using libz 1.2.8
LogInit:  - other features:
LogInit:      CURL_VERSION_SSL
LogInit:      CURL_VERSION_LIBZ
LogInit:      CURL_VERSION_IPV6
LogInit:      CURL_VERSION_ASYNCHDNS
LogInit:      CURL_VERSION_LARGEFILE
LogInit:      CURL_VERSION_IDN
LogInit:  CurlRequestOptions (configurable via config and command line):
LogInit:  - bVerifyPeer = false  - Libcurl will NOT verify peer certificate
LogInit:  - bUseHttpProxy = false  - Libcurl will NOT use HTTP proxy
LogInit:  - bDontReuseConnections = false  - Libcurl will reuse connections
LogInit:  - CertBundlePath = nullptr  - Libcurl will use whatever was configured at build time.
LogInit:  - MaxHostConnections = 16  - Libcurl will limit the number of connections to a host
LogInit:  - LocalHostAddr = Default
LogInit:  - BufferSize = 65536
LogInit: WinSock: version 1.1 (2.2), MaxSocks=32767, MaxUdp=65467
LogInit: Build: ++UE4+Release-4.20-CL-4233996
LogInit: Engine Version: 4.20.1-4233996+++UE4+Release-4.20
LogInit: Compatible Engine Version: 4.20.0-4212847+++UE4+Release-4.20
LogInit: Net CL: 4212847
LogInit: OS: Windows 10 (), CPU: Intel(R) Core(TM) i5-7200U CPU @ 2.50GHz, GPU: Intel(R) HD Graphics 620
LogInit: Compiled (64-bit): Jul 26 2018 10:07:30
LogInit: Compiled with Visual C++: 19.13.26129.00
LogInit: Build Configuration: Development
LogInit: Branch Name: ++UE4+Release-4.20
LogInit: Command Line: -EpicPortal 
LogInit: Base Directory: E:/UnrealEngine/UE_4.20/Engine/Binaries/Win64/
LogInit: Installed Engine Build: 1
LogDevObjectVersion: Number of dev versions registered: 20
LogDevObjectVersion:   Dev-Blueprints (B0D832E4-1F89-4F0D-ACCF-7EB736FD4AA2): 10
LogDevObjectVersion:   Dev-Build (E1C64328-A22C-4D53-A36C-8E866417BD8C): 0
LogDevObjectVersion:   Dev-Core (375EC13C-06E4-48FB-B500-84F0262A717E): 2
LogDevObjectVersion:   Dev-Editor (E4B068ED-F494-42E9-A231-DA0B2E46BB41): 24
LogDevObjectVersion:   Dev-Framework (CFFC743F-43B0-4480-9391-14DF171D2073): 34
LogDevObjectVersion:   Dev-Mobile (B02B49B5-BB20-44E9-A304-32B752E40360): 2
LogDevObjectVersion:   Dev-Networking (A4E4105C-59A1-49B5-A7C5-40C4547EDFEE): 0
LogDevObjectVersion:   Dev-Online (39C831C9-5AE6-47DC-9A44-9C173E1C8E7C): 0
LogDevObjectVersion:   Dev-Physics (78F01B33-EBEA-4F98-B9B4-84EACCB95AA2): 0
LogDevObjectVersion:   Dev-Platform (6631380F-2D4D-43E0-8009-CF276956A95A): 0
LogDevObjectVersion:   Dev-Rendering (12F88B9F-8875-4AFC-A67C-D90C383ABD29): 26
LogDevObjectVersion:   Dev-Sequencer (7B5AE74C-D270-4C10-A958-57980B212A5A): 9
LogDevObjectVersion:   Dev-VR (D7296918-1DD6-4BDD-9DE2-64A83CC13884): 2
LogDevObjectVersion:   Dev-LoadTimes (C2A15278-BFE7-4AFE-6C17-90FF531DF755): 1
LogDevObjectVersion:   Private-Geometry (6EACA3D4-40EC-4CC1-B786-8BED09428FC5): 3
LogDevObjectVersion:   Dev-AnimPhys (29E575DD-E0A3-4627-9D10-D276232CDCEA): 17
LogDevObjectVersion:   Dev-ReflectionCapture (6B266CEC-1EC7-4B8F-A30B-E4D90942FC07): 1
LogDevObjectVersion:   Dev-Automation (0DF73D61-A23F-47EA-B727-89E90C41499A): 1
LogDevObjectVersion:   FortniteMain (601D1886-AC64-4F84-AA16-D3DE0DEAC7D6): 12
LogDevObjectVersion:   Dev-Enterprise (9DFFBCD6-494F-0158-E221-12823C92A888): 1
LogStreaming: Display: Took  0.000s to delete old logs.
LogInit: Presizing for max 8388607 objects, including 0 objects not considered by GC, pre-allocating 0 bytes for permanent pool.
LogInit: Object subsystem initialized
[2018.08.11-10.24.17:911][  0]LogInit: Selected Device Profile: [Windows]
[2018.08.11-10.24.17:911][  0]LogInit: Applying CVar settings loaded from the selected device profile: [Windows]
[2018.08.11-10.24.17:957][  0]LogHAL: Display: Platform has ~ 8 GB [8485310464 / 8589934592 / 8], which maps to Default [LargestMinGB=32, LargerMinGB=12, DefaultMinGB=8, SmallerMinGB=6, SmallestMinGB=0)
[2018.08.11-10.24.17:957][  0]LogInit: Setting Device Profile CVar: [[r.Vulkan.UseRealUBs:1]]
[2018.08.11-10.24.17:957][  0]LogInit: Going up to parent DeviceProfile []
[2018.08.11-10.24.17:958][  0]LogInit: Computer: DESKTOP-VRO2AJ2
[2018.08.11-10.24.17:958][  0]LogInit: User: Kirill
[2018.08.11-10.24.17:958][  0]LogInit: CPU Page size=4096, Cores=2
[2018.08.11-10.24.17:958][  0]LogInit: High frequency timer resolution =2.648436 MHz
[2018.08.11-10.24.17:958][  0]LogMemory: Memory total: Physical=7.9GB (8GB approx)
[2018.08.11-10.24.17:958][  0]LogMemory: Platform Memory Stats for Windows
[2018.08.11-10.24.17:958][  0]LogMemory: Process Physical Memory: 99.83 MB used, 99.83 MB peak
[2018.08.11-10.24.17:958][  0]LogMemory: Process Virtual Memory: 82.75 MB used, 82.75 MB peak
[2018.08.11-10.24.17:958][  0]LogMemory: Physical Memory: 4977.50 MB used,  3114.73 MB free, 8092.22 MB total
[2018.08.11-10.24.17:958][  0]LogMemory: Virtual Memory: 522.36 MB used,  3114.73 MB free, 134217728.00 MB total
[2018.08.11-10.24.17:981][  0]LogInit: Using OS detected language (ru-RU).
[2018.08.11-10.24.17:981][  0]LogInit: Using OS detected locale (ru-RU).
[2018.08.11-10.24.17:982][  0]LogTextLocalizationManager: No specific localization for 'ru-RU' exists, so the 'ru' localization will be used.
[2018.08.11-10.24.17:984][  0]LogStreaming: Display: Took  0.003s to InitEngineTextLocalization.
[2018.08.11-10.24.17:984][  0]LogInit: Setting process to per monitor DPI aware
[2018.08.11-10.24.18:029][  0]LogSlate: New Slate User Created.  User Index 0, Is Virtual User: 0
[2018.08.11-10.24.18:029][  0]LogSlate: Slate User Registered.  User Index 0, Is Virtual User: 0
[2018.08.11-10.24.18:302][  0]LogHMD: Failed to initialize OpenVR with code 110
[2018.08.11-10.24.18:302][  0]LogD3D11RHI: D3D11 adapters:
[2018.08.11-10.24.18:364][  0]LogD3D11RHI:    0. 'NVIDIA GeForce 940MX' (Feature Level 11_0)
[2018.08.11-10.24.18:364][  0]LogD3D11RHI:       2020/0/4046 MB DedicatedVideo/DedicatedSystem/SharedSystem, Outputs:1, VendorId:0x10de
[2018.08.11-10.24.18:376][  0]LogD3D11RHI:    1. 'Intel(R) HD Graphics 620' (Feature Level 11_0)
[2018.08.11-10.24.18:376][  0]LogD3D11RHI:       128/0/4046 MB DedicatedVideo/DedicatedSystem/SharedSystem, Outputs:0, VendorId:0x8086
[2018.08.11-10.24.18:380][  0]LogD3D11RHI:    2. 'Microsoft Basic Render Driver' (Feature Level 11_0)
[2018.08.11-10.24.18:380][  0]LogD3D11RHI:       0/0/4046 MB DedicatedVideo/DedicatedSystem/SharedSystem, Outputs:0, VendorId:0x1414
[2018.08.11-10.24.18:380][  0]LogD3D11RHI: Chosen D3D11 Adapter: 0
[2018.08.11-10.24.18:385][  0]LogD3D11RHI: Creating new Direct3DDevice
[2018.08.11-10.24.18:385][  0]LogD3D11RHI:     GPU DeviceId: 0x134d (for the marketing name, search the web for "GPU Device Id")
[2018.08.11-10.24.18:385][  0]LogWindows: EnumDisplayDevices:
[2018.08.11-10.24.18:385][  0]LogWindows:    0. 'Intel(R) HD Graphics 620' (P:1 D:1)
[2018.08.11-10.24.18:386][  0]LogWindows:    1. 'Intel(R) HD Graphics 620' (P:0 D:0)
[2018.08.11-10.24.18:386][  0]LogWindows:    2. 'Intel(R) HD Graphics 620' (P:0 D:0)
[2018.08.11-10.24.18:386][  0]LogWindows: DebugString: PrimaryIsNotTheChoosenAdapter PrimaryIsNotTheChoosenAdapter PrimaryIsNotTheChoosenAdapter FoundDriverCount:0 
[2018.08.11-10.24.18:386][  0]LogD3D11RHI:     Adapter Name: NVIDIA GeForce 940MX
[2018.08.11-10.24.18:386][  0]LogD3D11RHI:   Driver Version: Unknown (internal:Unknown, unified:Unknown)
[2018.08.11-10.24.18:386][  0]LogD3D11RHI:      Driver Date: Unknown
[2018.08.11-10.24.18:386][  0]LogRHI: Texture pool is 1414 MB (70% of 2020 MB)
[2018.08.11-10.24.18:416][  0]LogD3D11RHI: NvAPI_D3D_GetCurrentSLIState failed: 0xffffffff
[2018.08.11-10.24.18:416][  0]LogD3D11RHI: Async texture creation enabled
[2018.08.11-10.24.18:430][  0]LogD3D11RHI: GPU Timing Frequency: 1000.000000 (Debug: 2 1)
[2018.08.11-10.24.18:431][  0]LogShaderCompilers: Guid format shader working directory is 15 characters bigger than the processId version (../../../../../LudumDareProject/Intermediate/Shaders/WorkingDirectory/5264/).
[2018.08.11-10.24.18:431][  0]LogShaderCompilers: Cleaned the shader compiler working directory 'C:/Users/0311s/AppData/Local/Temp/UnrealShaderWorkingDir/F5A40D4744DE504B7921B5A490B71966/'.
[2018.08.11-10.24.19:263][  0]LogTemp: Display: Loaded TP AllDesktopTargetPlatform
[2018.08.11-10.24.19:277][  0]LogTemp: Display: Loaded TP MacClientTargetPlatform
[2018.08.11-10.24.19:294][  0]LogTemp: Display: Loaded TP MacNoEditorTargetPlatform
[2018.08.11-10.24.19:310][  0]LogTemp: Display: Loaded TP MacServerTargetPlatform
[2018.08.11-10.24.19:349][  0]LogTemp: Display: Loaded TP MacTargetPlatform
[2018.08.11-10.24.19:370][  0]LogTemp: Display: Loaded TP WindowsClientTargetPlatform
[2018.08.11-10.24.19:387][  0]LogTemp: Display: Loaded TP WindowsNoEditorTargetPlatform
[2018.08.11-10.24.19:402][  0]LogTemp: Display: Loaded TP WindowsServerTargetPlatform
[2018.08.11-10.24.19:411][  0]LogTemp: Display: Loaded TP WindowsTargetPlatform
[2018.08.11-10.24.19:531][  0]LogTemp: Display: Loaded TP AndroidTargetPlatform
[2018.08.11-10.24.19:531][  0]LogTemp: Display: Loaded TP AndroidTargetPlatform
[2018.08.11-10.24.19:531][  0]LogTemp: Display: Loaded TP AndroidTargetPlatform
[2018.08.11-10.24.19:531][  0]LogTemp: Display: Loaded TP AndroidTargetPlatform
[2018.08.11-10.24.19:531][  0]LogTemp: Display: Loaded TP AndroidTargetPlatform
[2018.08.11-10.24.19:531][  0]LogTemp: Display: Loaded TP AndroidTargetPlatform
[2018.08.11-10.24.19:531][  0]LogTemp: Display: Loaded TP AndroidTargetPlatform
[2018.08.11-10.24.19:531][  0]LogTemp: Display: Loaded TP AndroidTargetPlatform
[2018.08.11-10.24.19:531][  0]LogTemp: Display: Loaded TP AndroidTargetPlatform
[2018.08.11-10.24.19:531][  0]LogTemp: Display: Loaded TP AndroidTargetPlatform
[2018.08.11-10.24.19:531][  0]LogTemp: Display: Loaded TP AndroidTargetPlatform
[2018.08.11-10.24.19:531][  0]LogTemp: Display: Loaded TP AndroidTargetPlatform
[2018.08.11-10.24.19:531][  0]LogTemp: Display: Loaded TP AndroidTargetPlatform
[2018.08.11-10.24.19:531][  0]LogTemp: Display: Loaded TP AndroidTargetPlatform
[2018.08.11-10.24.19:531][  0]LogTemp: Display: Loaded TP AndroidTargetPlatform
[2018.08.11-10.24.19:531][  0]LogTemp: Display: Loaded TP AndroidTargetPlatform
[2018.08.11-10.24.19:531][  0]LogTemp: Display: Loaded TP AndroidTargetPlatform
[2018.08.11-10.24.19:531][  0]LogTemp: Display: Loaded TP AndroidTargetPlatform
[2018.08.11-10.24.19:533][  0]LogTemp: Display: Loaded TP HTML5TargetPlatform
[2018.08.11-10.24.19:618][  0]LogTemp: Display: Loaded TP IOSTargetPlatform
[2018.08.11-10.24.19:618][  0]LogTemp: Display: Loaded TP IOSTargetPlatform
[2018.08.11-10.24.19:645][  0]LogTemp: Display: Loaded TP TVOSTargetPlatform
[2018.08.11-10.24.19:645][  0]LogTemp: Display: Loaded TP TVOSTargetPlatform
[2018.08.11-10.24.19:661][  0]LogTemp: Display: Loaded TP LinuxClientTargetPlatform
[2018.08.11-10.24.19:674][  0]LogTemp: Display: Loaded TP LinuxNoEditorTargetPlatform
[2018.08.11-10.24.19:687][  0]LogTemp: Display: Loaded TP LinuxServerTargetPlatform
[2018.08.11-10.24.19:707][  0]LogTemp: Display: Loaded TP LinuxTargetPlatform
[2018.08.11-10.24.19:717][  0]LogTemp: Display: Loaded TP LuminTargetPlatform
[2018.08.11-10.24.19:717][  0]LogTargetPlatformManager: Display: Building Assets For Windows
[2018.08.11-10.24.19:781][  0]LogXGEController: Cannot use XGE Controller as Incredibuild is not installed on this machine.
[2018.08.11-10.24.19:781][  0]LogShaderCompilers: Cannot use XGE Shader Compiler as Incredibuild is not installed on this machine.
[2018.08.11-10.24.19:781][  0]LogShaderCompilers: Display: Using Local Shader Compiler.
[2018.08.11-10.24.22:097][  0]LogDerivedDataCache: Display: Max Cache Size: 512 MB
[2018.08.11-10.24.22:426][  0]LogDerivedDataCache: Loaded boot cache 0.33s 71MB C:/Users/0311s/AppData/Local/UnrealEngine/4.20/DerivedDataCache/Boot.ddc.
[2018.08.11-10.24.22:427][  0]LogDerivedDataCache: Display: Loaded Boot cache: C:/Users/0311s/AppData/Local/UnrealEngine/4.20/DerivedDataCache/Boot.ddc
[2018.08.11-10.24.22:427][  0]LogDerivedDataCache: FDerivedDataBackendGraph:  Pak pak cache file ../../../../../LudumDareProject/DerivedDataCache/DDC.ddp not found, will not use a pak cache.
[2018.08.11-10.24.22:427][  0]LogDerivedDataCache: Unable to find inner node Pak for hierarchical cache Hierarchy.
[2018.08.11-10.24.22:427][  0]LogDerivedDataCache: FDerivedDataBackendGraph:  CompressedPak pak cache file ../../../../../LudumDareProject/DerivedDataCache/Compressed.ddp not found, will not use a pak cache.
[2018.08.11-10.24.22:427][  0]LogDerivedDataCache: Unable to find inner node CompressedPak for hierarchical cache Hierarchy.
[2018.08.11-10.24.22:441][  0]LogDerivedDataCache: Display: Pak cache opened for reading ../../../Engine/DerivedDataCache/Compressed.ddp.
[2018.08.11-10.24.22:453][  0]LogDerivedDataCache: Using Local data cache path C:/Users/0311s/AppData/Local/UnrealEngine/Common/DerivedDataCache: Writable
[2018.08.11-10.24.22:453][  0]LogDerivedDataCache: Shared data cache path not found in *engine.ini, will not use an Shared cache.
[2018.08.11-10.24.22:453][  0]LogDerivedDataCache: Unable to find inner node Shared for hierarchical cache Hierarchy.
[2018.08.11-10.24.22:472][  0]LogMaterial: Verifying Global Shaders for PCD3D_SM5
[2018.08.11-10.24.22:473][  0]LogSlate: Using FreeType 2.6.0
[2018.08.11-10.24.22:508][  0]LogSlate: SlateFontServices - WITH_FREETYPE: 1, WITH_HARFBUZZ: 1
[2018.08.11-10.24.22:967][  0]LogAssetRegistry: FAssetRegistry took 0.0267 seconds to start up
[2018.08.11-10.24.23:322][  0]LogInit: Selected Device Profile: [Windows]
[2018.08.11-10.24.23:425][  0]LogSimplygon: Simplygon DLL not present - disabling.
[2018.08.11-10.24.23:429][  0]LogMeshReduction: Using SimplygonSwarm for distributed automatic mesh merging
[2018.08.11-10.24.23:429][  0]LogMeshReduction: Using ProxyLODMeshReduction for automatic mesh merging
[2018.08.11-10.24.23:429][  0]LogMeshReduction: Using QuadricMeshReduction for automatic static mesh reduction
[2018.08.11-10.24.23:429][  0]LogMeshReduction: No automatic skeletal mesh reduction module available
[2018.08.11-10.24.23:540][  0]LogNetVersion: LudumDare 1.0.0, NetCL: 4212847, EngineNetVer: 5, GameNetVer: 0 (Checksum: 2823323506)
[2018.08.11-10.24.24:122][  0]LogPackageLocalizationCache: Processed 11 localized package path(s) for 2 prioritized culture(s) in 0.141802 seconds
[2018.08.11-10.24.24:131][  0]LogUObjectArray: 38425 objects as part of root set at end of initial load.
[2018.08.11-10.24.24:131][  0]LogUObjectAllocator: 6690864 out of 0 bytes used by permanent object pool.
[2018.08.11-10.24.24:131][  0]LogUObjectArray: CloseDisregardForGC: 0/0 objects in disregard for GC pool
[2018.08.11-10.24.32:460][  0]LogTcpMessaging: Initializing TcpMessaging bridge
[2018.08.11-10.24.32:474][  0]LogUdpMessaging: Initializing bridge on interface 0.0.0.0:0 to multicast group 230.0.0.1:6666.
[2018.08.11-10.24.32:774][  0]SourceControl: Source control is disabled
[2018.08.11-10.24.32:774][  0]SourceControl: Source control is disabled
[2018.08.11-10.24.32:776][  0]SourceControl: Source control is disabled
[2018.08.11-10.24.32:777][  0]SourceControl: Source control is disabled
[2018.08.11-10.24.33:185][  0]LogAndroidPermission: UAndroidPermissionCallbackProxy::GetInstance
[2018.08.11-10.24.33:235][  0]LogOcInput: OculusInput pre-init called
[2018.08.11-10.24.33:330][  0]LogEngine: Initializing Engine...
[2018.08.11-10.24.33:332][  0]LogHMD: Failed to initialize OpenVR with code 110
[2018.08.11-10.24.33:333][  0]LogStats: UGameplayTagsManager::ConstructGameplayTagTree: ImportINI prefixes -  0.000 s
[2018.08.11-10.24.33:333][  0]LogStats: UGameplayTagsManager::ConstructGameplayTagTree: Construct from data asset -  0.000 s
[2018.08.11-10.24.33:333][  0]LogStats: UGameplayTagsManager::ConstructGameplayTagTree: ImportINI -  0.000 s
[2018.08.11-10.24.33:334][  0]LogStats: UGameplayTagsManager::ConstructGameplayTagTree: GameplayTagTreeChangedEvent.Broadcast -  0.000 s
[2018.08.11-10.24.33:580][  0]LogInit: Initializing FReadOnlyCVARCache
[2018.08.11-10.24.33:599][  0]LogAIModule: Creating AISystem for world Untitled
[2018.08.11-10.24.33:606][  0]LogInit: XAudio2 using 'Динамики (Conexant SmartAudio HD)' : 2 channels at 48 kHz using 32 bits per sample (channel mask 0x3)
[2018.08.11-10.24.34:657][  0]LogInit: FAudioDevice initialized.
[2018.08.11-10.24.34:657][  0]LogNetVersion: Set ProjectVersion to 1.0.0.0. Version Checksum will be recalculated on next use.
[2018.08.11-10.24.34:862][  0]LogDerivedDataCache: Saved boot cache 0.21s 71MB C:/Users/0311s/AppData/Local/UnrealEngine/4.20/DerivedDataCache/Boot.ddc.
[2018.08.11-10.24.34:867][  0]LogInit: Texture streaming: Enabled
[2018.08.11-10.24.34:884][  0]LogEngineSessionManager: EngineSessionManager initialized
[2018.08.11-10.24.34:899][  0]LogInit: Transaction tracking system initialized
[2018.08.11-10.24.34:924][  0]BlueprintLog: New page: Editor Load
[2018.08.11-10.24.35:043][  0]LocalizationService: Localization service is disabled
[2018.08.11-10.24.35:686][  0]LogCook: Display: Max memory allowance for cook 16384mb min free memory 0mb
[2018.08.11-10.24.35:686][  0]LogCook: Display: Mobile HDR setting 1
[2018.08.11-10.24.35:686][  0]LogGameplayTags: Display: UGameplayTagsManager::DoneAddingNativeTags. DelegateIsBound: 0
[2018.08.11-10.24.35:686][  0]LogStats: UGameplayTagsManager::ConstructGameplayTagTree: ImportINI prefixes -  0.000 s
[2018.08.11-10.24.35:686][  0]LogStats: UGameplayTagsManager::ConstructGameplayTagTree: Construct from data asset -  0.000 s
[2018.08.11-10.24.35:686][  0]LogStats: UGameplayTagsManager::ConstructGameplayTagTree: ImportINI -  0.000 s
[2018.08.11-10.24.35:686][  0]LogStats: UGameplayTagsManager::ConstructGameplayTagTree: GameplayTagTreeChangedEvent.Broadcast -  0.000 s
[2018.08.11-10.24.36:043][  0]LogFileCache: Scanning file cache for directory 'E:/LudumDareProject/Content/' took 0.02s
[2018.08.11-10.24.36:043][  0]SourceControl: Source control is disabled
[2018.08.11-10.24.36:043][  0]Cmd: MAP LOAD FILE="../../../../../LudumDareProject/Content/StarterContent/Maps/Minimal_Default.umap" TEMPLATE=0 SHOWPROGRESS=1 FEATURELEVEL=3
[2018.08.11-10.24.36:044][  0]LightingResults: New page: Lighting Build
[2018.08.11-10.24.36:047][  0]MapCheck: New page: Map Check
[2018.08.11-10.24.36:047][  0]LightingResults: New page: Lighting Build
[2018.08.11-10.24.36:478][  0]LogAIModule: Creating AISystem for world Minimal_Default
[2018.08.11-10.24.36:489][  0]LogEditorServer: Finished looking for orphan Actors (0.000 secs)
[2018.08.11-10.24.36:513][  0]Cmd: MAP CHECKDEP NOCLEARLOG
[2018.08.11-10.24.36:571][  0]MapCheck: Map check complete: 0 Error(s), 0 Warning(s), took 58,278ms to complete.
[2018.08.11-10.24.36:571][  0]LogFileHelpers: Loading map 'Minimal_Default' took 0.528
[2018.08.11-10.24.36:657][  0]LogWindowsTextInputMethodSystem: Display: IME system now deactivated.
[2018.08.11-10.24.36:781][  0]LogSlate: Updating window title bar state: overlay mode, drag disabled, window buttons hidden, title bar hidden
[2018.08.11-10.24.36:792][  0]LogSlate: Updating window title bar state: overlay mode, drag disabled, window buttons hidden, title bar hidden
[2018.08.11-10.24.36:802][  0]LogSlate: Updating window title bar state: overlay mode, drag disabled, window buttons hidden, title bar hidden
[2018.08.11-10.24.36:812][  0]LogSlate: Updating window title bar state: overlay mode, drag disabled, window buttons hidden, title bar hidden
[2018.08.11-10.24.36:824][  0]LogCollectionManager: Loaded 0 collections in 0.001771 seconds
[2018.08.11-10.24.36:866][  0]LogFileCache: Scanning file cache for directory 'E:/LudumDareProject/Saved/Collections/' took 0.01s
[2018.08.11-10.24.36:866][  0]LogFileCache: Scanning file cache for directory 'E:/LudumDareProject/Content/Developers/Kirill/Collections/' took 0.01s
[2018.08.11-10.24.36:866][  0]LogFileCache: Scanning file cache for directory 'E:/LudumDareProject/Content/Collections/' took 0.01s
[2018.08.11-10.24.36:866][  0]LogCollectionManager: Rebuilt the GUID cache for 0 collections in 0.000002 seconds
[2018.08.11-10.24.36:878][  0]LogContentBrowser: Native class hierarchy populated in 0.0121 seconds. Added 2572 classes and 603 folders.
[2018.08.11-10.24.36:897][  0]LogContentBrowser: Native class hierarchy updated for 'WidgetCarousel' in 0.0003 seconds. Added 0 classes and 0 folders.
[2018.08.11-10.24.37:318][  0]LogContentBrowser: Native class hierarchy updated for 'AddContentDialog' in 0.0004 seconds. Added 0 classes and 0 folders.
[2018.08.11-10.24.37:323][  0]LogContentBrowser: Native class hierarchy updated for 'SceneOutliner' in 0.0003 seconds. Added 1 classes and 2 folders.
[2018.08.11-10.24.37:341][  0]LogSlate: Took 0.000515 seconds to synchronously load lazily loaded font '../../../Engine/Content/Slate/Fonts/Roboto-Regular.ttf' (155K)
[2018.08.11-10.24.37:344][  0]LogSlate: Took 0.000292 seconds to synchronously load lazily loaded font '../../../Engine/Content/Slate/Fonts/Roboto-Bold.ttf' (160K)
[2018.08.11-10.24.37:366][  0]LogSlate: Took 0.014734 seconds to synchronously load lazily loaded font '../../../Engine/Content/Editor/Slate/Fonts/FontAwesome.ttf' (139K)
[2018.08.11-10.24.37:467][  0]LogRenderer: Reallocating scene render targets to support 964x436 Format 10 NumSamples 1 (Frame:1).
[2018.08.11-10.24.37:641][  0]LogContentBrowser: Native class hierarchy updated for 'HierarchicalLODOutliner' in 0.0003 seconds. Added 0 classes and 0 folders.
[2018.08.11-10.24.37:641][  0]LogLoad: (Engine Initialization) Total time: 21.33 seconds
[2018.08.11-10.24.37:641][  0]LogLoad: (Engine Initialization) Total Blueprint compile time: 0.00 seconds
[2018.08.11-10.24.37:729][  0]LogContentStreaming: Texture pool size now 3000 MB
[2018.08.11-10.24.37:805][  1]LogAssetRegistry: Asset discovery search completed in 14.8605 seconds
[2018.08.11-10.24.37:808][  1]LogCollectionManager: Rebuilt the object cache for 0 collections in 0.000000 seconds (found 0 objects)
[2018.08.11-10.24.37:808][  1]LogCollectionManager: Fixed up redirectors for 0 collections in 0.000091 seconds (updated 0 objects)
[2018.08.11-10.24.41:834][206]LogSlate: Took 0.000243 seconds to synchronously load lazily loaded font '../../../Engine/Content/Slate/Fonts/Roboto-Light.ttf' (167K)
[2018.08.11-10.24.44:697][354]LogSlate: FSceneViewport::OnFocusLost() reason 0
[2018.08.11-10.26.23:870][943]LogSlate: Took 0.000288 seconds to synchronously load lazily loaded font '../../../Engine/Content/Slate/Fonts/Roboto-Light.ttf' (167K)
[2018.08.11-10.26.23:881][943]LogAssetEditorManager: Opening Asset editor for WidgetBlueprint /Game/UI/MainMenu.MainMenu
[2018.08.11-10.26.24:485][943]LogContentBrowser: Native class hierarchy updated for 'BlueprintGraph' in 0.0007 seconds. Added 116 classes and 0 folders.
[2018.08.11-10.26.25:345][943]LogSlate: Took 0.000287 seconds to synchronously load lazily loaded font '../../../Engine/Content/Slate/Fonts/Roboto-BoldCondensed.ttf' (158K)
[2018.08.11-10.27.24:163][816]LogSlate: Took 0.002131 seconds to synchronously load lazily loaded font '../../../Engine/Content/Slate/Fonts/DroidSansFallback.ttf' (3848K)
[2018.08.11-10.34.37:911][319]LogFileHelpers: Editor autosave (incl. sublevels) for '/Game/StarterContent/Maps/Minimal_Default' took 0.049
[2018.08.11-10.34.37:914][319]OBJ SavePackage: Generating thumbnails for [0] asset(s) in package [/Game/UI/MainMenu] ([1] browsable assets)...
[2018.08.11-10.34.37:914][319]OBJ SavePackage: Finished generating thumbnails for package [/Game/UI/MainMenu]
[2018.08.11-10.34.37:914][319]Cmd: OBJ SAVEPACKAGE PACKAGE="/Game/UI/MainMenu" FILE="../../../../../LudumDareProject/Saved/Autosaves/Game/UI/MainMenu_Auto1.uasset" SILENT=false AUTOSAVING=true
[2018.08.11-10.34.37:954][319]LogSavePackage: Moving '../../../../../LudumDareProject/Saved/MainMenu_Auto14C74A2734B2E2C7347F947B303CE1336.tmp' to '../../../../../LudumDareProject/Saved/Autosaves/Game/UI/MainMenu_Auto1.uasset'
[2018.08.11-10.34.37:956][319]LogFileHelpers: Auto-saving content packages took 0.044
[2018.08.11-10.38.28:729][147]LogSlate: Took 0.103386 seconds to synchronously load lazily loaded font '../../../Engine/Content/SlateDebug/Fonts/LastResort.ttf' (5269K)
[2018.08.11-10.46.53:189][740]LogFileHelpers: Editor autosave (incl. sublevels) for '/Game/StarterContent/Maps/Minimal_Default' took 0.043
[2018.08.11-10.46.53:191][740]OBJ SavePackage: Generating thumbnails for [0] asset(s) in package [/Game/UI/MainMenu] ([1] browsable assets)...
[2018.08.11-10.46.53:191][740]OBJ SavePackage: Finished generating thumbnails for package [/Game/UI/MainMenu]
[2018.08.11-10.46.53:191][740]Cmd: OBJ SAVEPACKAGE PACKAGE="/Game/UI/MainMenu" FILE="../../../../../LudumDareProject/Saved/Autosaves/Game/UI/MainMenu_Auto2.uasset" SILENT=false AUTOSAVING=true
[2018.08.11-10.46.53:258][740]LogSavePackage: Moving '../../../../../LudumDareProject/Saved/MainMenu_Auto29F20F43249B6CC7B29B08080DD4CA637.tmp' to '../../../../../LudumDareProject/Saved/Autosaves/Game/UI/MainMenu_Auto2.uasset'
[2018.08.11-10.46.53:260][740]LogFileHelpers: Auto-saving content packages took 0.070
[2018.08.11-10.49.10:593][900]LogSlate: Window 'Color Picker' being destroyed
[2018.08.11-10.49.21:978][241]LogSlate: Window 'Color Picker' being destroyed
[2018.08.11-10.49.58:484][885]LogD3D11RHI: Error: NvAPI_D3D11_SetDepthBoundsTest(1,0.000000, 1.000000) returned error code -1. **********PLEASE UPDATE YOUR VIDEO DRIVERS*********
[2018.08.11-10.53.34:655][311]LogWindowsTextInputMethodSystem: Display: IME system now deactivated.
[2018.08.11-10.53.34:655][311]LogWindowsTextInputMethodSystem: Display: IME system now deactivated.
[2018.08.11-10.53.46:253][623]LogFactory: FactoryCreateFile: Texture with ReimportTextureFactory (0 0 C:\Users\0311s\source\repos\WpfApp2\WpfApp2\resources\planeta-i-meteoritnyie-koltsa-meteorityi-yarkaya-zvezda-molniya.jpg)
[2018.08.11-10.53.46:491][623]LogTexture: Display: Building textures: planeta-i-meteoritnyie-koltsa-meteorityi-yarkaya-zvezda-molniya (AutoDXT, 2560X1600)
[2018.08.11-10.54.21:336][873]LogWindowsTextInputMethodSystem: Display: IME system now deactivated.
[2018.08.11-10.54.21:336][873]LogWindowsTextInputMethodSystem: Display: IME system now deactivated.
[2018.08.11-10.57.32:156][348]LogFileHelpers: Editor autosave (incl. sublevels) for '/Game/StarterContent/Maps/Minimal_Default' took 0.033
[2018.08.11-10.57.32:158][348]OBJ SavePackage: Generating thumbnails for [0] asset(s) in package [/Game/UI/MainMenu] ([1] browsable assets)...
[2018.08.11-10.57.32:158][348]OBJ SavePackage: Finished generating thumbnails for package [/Game/UI/MainMenu]
[2018.08.11-10.57.32:158][348]Cmd: OBJ SAVEPACKAGE PACKAGE="/Game/UI/MainMenu" FILE="../../../../../LudumDareProject/Saved/Autosaves/Game/UI/MainMenu_Auto3.uasset" SILENT=false AUTOSAVING=true
[2018.08.11-10.57.32:217][348]LogSavePackage: Moving '../../../../../LudumDareProject/Saved/MainMenu_Auto368E70606409AC139FC0EA2A9986331FD.tmp' to '../../../../../LudumDareProject/Saved/Autosaves/Game/UI/MainMenu_Auto3.uasset'
[2018.08.11-10.57.32:220][348]OBJ SavePackage: Generating thumbnails for [1] asset(s) in package [/Game/UI/planeta-i-meteoritnyie-koltsa-meteorityi-yarkaya-zvezda-molniya] ([1] browsable assets)...
[2018.08.11-10.57.32:278][348]OBJ SavePackage:     Rendered thumbnail for [Texture2D /Game/UI/planeta-i-meteoritnyie-koltsa-meteorityi-yarkaya-zvezda-molniya.planeta-i-meteoritnyie-koltsa-meteorityi-yarkaya-zvezda-molniya]
[2018.08.11-10.57.32:278][348]OBJ SavePackage: Finished generating thumbnails for package [/Game/UI/planeta-i-meteoritnyie-koltsa-meteorityi-yarkaya-zvezda-molniya]
[2018.08.11-10.57.32:349][348]LogSavePackage: Moving '../../../../../LudumDareProject/Saved/planeta-i-meteoritnyie-koltsa-meEEF12BB041C8F04419341D8D34F43D5C.tmp' to '../../../../../LudumDareProject/Saved/Autosaves/Game/UI/planeta-i-meteoritnyie-koltsa-meteorityi-yarkaya-zvezda-molniya_Auto3.uasset'
[2018.08.11-10.57.32:350][348]LogFileHelpers: Auto-saving content packages took 0.193
[2018.08.11-11.03.51:707][525]LogSlate: Window 'Color Picker' being destroyed
[2018.08.11-11.04.00:056][824]LogEditorTransaction: Undo Edit Render Opacity
[2018.08.11-11.04.00:740][846]LogEditorTransaction: Undo Edit Render Opacity
[2018.08.11-11.04.01:314][865]LogEditorTransaction: Undo Edit Render Opacity
[2018.08.11-11.04.49:727][711]LogSlate: Window 'Color Picker' being destroyed
[2018.08.11-11.04.52:384][808]LogEditorTransaction: Undo Edit Color and Opacity
[2018.08.11-11.04.55:878][926]Cmd: TRANSACTION UNDO
[2018.08.11-11.04.55:878][926]LogEditorTransaction: Undo Edit Render Opacity
[2018.08.11-11.05.33:476][283]LogEditorTransaction: Undo Edit Render Opacity
[2018.08.11-11.05.33:966][304]Cmd: TRANSACTION UNDO
[2018.08.11-11.05.33:966][304]LogEditorTransaction: Undo Edit Color Use Rule
[2018.08.11-11.05.35:350][362]Cmd: TRANSACTION REDO
[2018.08.11-11.05.35:350][362]LogEditorTransaction: Redo Edit Color Use Rule
[2018.08.11-11.07.47:832][460]LogFileHelpers: Editor autosave (incl. sublevels) for '/Game/StarterContent/Maps/Minimal_Default' took 0.035
[2018.08.11-11.07.47:834][460]OBJ SavePackage: Generating thumbnails for [0] asset(s) in package [/Game/UI/MainMenu] ([1] browsable assets)...
[2018.08.11-11.07.47:834][460]OBJ SavePackage: Finished generating thumbnails for package [/Game/UI/MainMenu]
[2018.08.11-11.07.47:834][460]Cmd: OBJ SAVEPACKAGE PACKAGE="/Game/UI/MainMenu" FILE="../../../../../LudumDareProject/Saved/Autosaves/Game/UI/MainMenu_Auto4.uasset" SILENT=false AUTOSAVING=true
[2018.08.11-11.07.47:856][460]LogSavePackage: Moving '../../../../../LudumDareProject/Saved/MainMenu_Auto45AB213934DEA2F3C30C471B93DCEE155.tmp' to '../../../../../LudumDareProject/Saved/Autosaves/Game/UI/MainMenu_Auto4.uasset'
[2018.08.11-11.07.47:857][460]LogFileHelpers: Auto-saving content packages took 0.025
[2018.08.11-11.09.16:768][279]LogSlate: Took 0.031392 seconds to synchronously load lazily loaded font '../../../Engine/Content/Slate/Fonts/Roboto-Italic.ttf' (157K)
[2018.08.11-11.10.11:209][ 17]LogAIModule: Creating AISystem for world World
[2018.08.11-11.10.11:212][ 17]LogAssetEditorManager: Opening Asset editor for World /Game/Level/World.World
[2018.08.11-11.10.14:160][ 17]LogSlate: Window 'Save Content' being destroyed
[2018.08.11-11.11.15:079][269]BlueprintLog: New page: Compile MainMenu
[2018.08.11-11.11.17:038][330]Cmd: OBJ SAVEPACKAGE PACKAGE="/Game/UI/MainMenu" FILE="../../../../../LudumDareProject/Content/UI/MainMenu.uasset" SILENT=true
[2018.08.11-11.11.17:119][330]LogSavePackage: Moving '../../../../../LudumDareProject/Saved/MainMenu2DE8C1F44232C4BA2B4B17819BF4CE24.tmp' to '../../../../../LudumDareProject/Content/UI/MainMenu.uasset'
[2018.08.11-11.11.18:920][395]LogSlate: Window 'MainMenu' being destroyed
[2018.08.11-11.11.18:940][395]LogSlate: Window 'MainMenu' being destroyed
[2018.08.11-11.11.45:965][918]LogAssetEditorManager: Opening Asset editor for LevelScriptBlueprint /Game/StarterContent/Maps/Minimal_Default.Minimal_Default:PersistentLevel.Minimal_Default
[2018.08.11-11.13.29:828][351]LogSlate: Took 0.026149 seconds to synchronously load lazily loaded font '../../../Engine/Content/Slate/Fonts/Roboto-BoldCondensedItalic.ttf' (160K)
[2018.08.11-11.15.44:721][234]BlueprintLog: New page: Compile Minimal_Default
[2018.08.11-11.15.46:639][276]LogSavePackage: Moving '../../../../../LudumDareProject/Saved/Minimal_Default624E13B04638E46DF4F03AA21BB9ECF1.tmp' to '../../../../../LudumDareProject/Content/StarterContent/Maps/Minimal_Default.umap'
[2018.08.11-11.15.46:672][276]LogFileHelpers: Saving map 'Minimal_Default' took 0.376
[2018.08.11-11.15.54:572][394]LogSlate: Window 'Minimal_Default - Level Blueprint Editor' being destroyed
[2018.08.11-11.15.54:592][394]LogSlate: Window 'Minimal_Default - Level Blueprint Editor' being destroyed
[2018.08.11-11.17.09:857][548]LogSlate: Prevented a slow task dialog from being summoned while a context menu was open
[2018.08.11-11.17.43:937][575]LogTemp: Repeating last play command: Selected Viewport
[2018.08.11-11.17.44:085][575]LogBlueprintUserMessages: Early PlayInEditor Detection: Level '/Game/StarterContent/Maps/Minimal_Default.Minimal_Default:PersistentLevel' has LevelScriptBlueprint '/Game/StarterContent/Maps/Minimal_Default.Minimal_Default:PersistentLevel.Minimal_Default' with GeneratedClass '/Game/StarterContent/Maps/Minimal_Default.Minimal_Default_C' with ClassGeneratedBy '/Game/StarterContent/Maps/Minimal_Default.Minimal_Default:PersistentLevel.Minimal_Default'
[2018.08.11-11.17.44:115][575]LogPlayLevel: PlayLevel: No blueprints needed recompiling
[2018.08.11-11.17.44:219][575]PIE: New page: PIE session: Minimal_Default (11 авг. 2018 г., 17:17:44)
[2018.08.11-11.17.44:237][575]LogPlayLevel: Creating play world package: /Game/StarterContent/Maps/UEDPIE_0_Minimal_Default
[2018.08.11-11.17.44:304][575]LogPlayLevel: PIE: StaticDuplicateObject took: (0.067044s)
[2018.08.11-11.17.44:328][575]LogAIModule: Creating AISystem for world Minimal_Default
[2018.08.11-11.17.44:351][575]LogPlayLevel: PIE: World Init took: (0.024836s)
[2018.08.11-11.17.44:351][575]LogPlayLevel: PIE: Created PIE world by copying editor world from /Game/StarterContent/Maps/Minimal_Default.Minimal_Default to /Game/StarterContent/Maps/UEDPIE_0_Minimal_Default.Minimal_Default (0.114205s)
[2018.08.11-11.17.44:570][575]LogInit: XAudio2 using 'Динамики (Conexant SmartAudio HD)' : 2 channels at 48 kHz using 32 bits per sample (channel mask 0x3)
[2018.08.11-11.17.45:581][575]LogInit: FAudioDevice initialized.
[2018.08.11-11.17.45:687][575]LogLoad: Game class is 'GameMode'
[2018.08.11-11.17.45:688][575]LogWorld: Bringing World /Game/StarterContent/Maps/UEDPIE_0_Minimal_Default.Minimal_Default up for play (max tick rate 60) at 2018.08.11-14.17.45
[2018.08.11-11.17.45:707][575]LogWorld: Bringing up level for play took: 0.019579
[2018.08.11-11.17.46:021][575]LogContentBrowser: Native class hierarchy updated for 'MovieSceneCapture' in 0.0010 seconds. Added 10 classes and 0 folders.
[2018.08.11-11.17.46:056][575]LogGameMode: Display: Match State Changed from EnteringMap to WaitingToStart
[2018.08.11-11.17.46:063][575]LogGameState: Match State Changed from EnteringMap to WaitingToStart
[2018.08.11-11.17.46:063][575]LogGameMode: Display: Match State Changed from WaitingToStart to InProgress
[2018.08.11-11.17.46:177][575]LogGameState: Match State Changed from WaitingToStart to InProgress
[2018.08.11-11.17.46:177][575]PIE: Play in editor start time for /Game/StarterContent/Maps/UEDPIE_0_Minimal_Default 2,071
[2018.08.11-11.17.46:177][575]LogBlueprintUserMessages: Late PlayInEditor Detection: Level '/Game/StarterContent/Maps/Minimal_Default.Minimal_Default:PersistentLevel' has LevelScriptBlueprint '/Game/StarterContent/Maps/Minimal_Default.Minimal_Default:PersistentLevel.Minimal_Default' with GeneratedClass '/Game/StarterContent/Maps/Minimal_Default.Minimal_Default_C' with ClassGeneratedBy '/Game/StarterContent/Maps/Minimal_Default.Minimal_Default:PersistentLevel.Minimal_Default'
[2018.08.11-11.17.48:863][691]LogGameMode: Display: Match State Changed from InProgress to LeavingMap
[2018.08.11-11.17.48:863][691]LogGameState: Match State Changed from InProgress to LeavingMap
[2018.08.11-11.17.48:864][691]LogNet: Browse: /Game/Level/World
[2018.08.11-11.17.48:864][691]LogLoad: LoadMap: /Game/Level/World
[2018.08.11-11.17.48:972][691]LogPlayLevel: Creating play world package: /Game/Level/UEDPIE_0_World
[2018.08.11-11.17.48:973][691]LogPlayLevel: PIE: StaticDuplicateObject took: (0.000768s)
[2018.08.11-11.17.48:974][691]LogAIModule: Creating AISystem for world World
[2018.08.11-11.17.48:974][691]LogPlayLevel: PIE: World Init took: (0.000812s)
[2018.08.11-11.17.48:974][691]LogPlayLevel: PIE: Created PIE world by copying editor world from /Game/Level/World.World to /Game/Level/UEDPIE_0_World.World (0.001786s)
[2018.08.11-11.17.48:974][691]LogLoad: Game class is 'GameModeBase'
[2018.08.11-11.17.48:975][691]LogWorld: Bringing World /Game/Level/UEDPIE_0_World.World up for play (max tick rate 60) at 2018.08.11-14.17.48
[2018.08.11-11.17.48:975][691]LogWorld: Bringing up level for play took: 0.000624
[2018.08.11-11.17.48:976][691]LogGameMode: FindPlayerStart: PATHS NOT DEFINED or NO PLAYERSTART with positive rating
[2018.08.11-11.17.48:977][691]LogLoad: Took 0.112412 seconds to LoadMap(/Game/Level/UEDPIE_0_World)
[2018.08.11-11.17.52:824][917]LogBlueprintUserMessages: Early EndPlayMap Detection: Level '/Game/StarterContent/Maps/Minimal_Default.Minimal_Default:PersistentLevel' has LevelScriptBlueprint '/Game/StarterContent/Maps/Minimal_Default.Minimal_Default:PersistentLevel.Minimal_Default' with GeneratedClass '/Game/StarterContent/Maps/Minimal_Default.Minimal_Default_C' with ClassGeneratedBy '/Game/StarterContent/Maps/Minimal_Default.Minimal_Default:PersistentLevel.Minimal_Default'
[2018.08.11-11.17.52:854][917]LogSlate: Updating window title bar state: overlay mode, drag disabled, window buttons hidden, title bar hidden
[2018.08.11-11.17.52:918][917]LogPlayLevel: Display: Shutting down PIE online subsystems
[2018.08.11-11.17.52:918][917]LogBlueprintUserMessages: Late EndPlayMap Detection: Level '/Game/StarterContent/Maps/Minimal_Default.Minimal_Default:PersistentLevel' has LevelScriptBlueprint '/Game/StarterContent/Maps/Minimal_Default.Minimal_Default:PersistentLevel.Minimal_Default' with GeneratedClass '/Game/StarterContent/Maps/Minimal_Default.Minimal_Default_C' with ClassGeneratedBy '/Game/StarterContent/Maps/Minimal_Default.Minimal_Default:PersistentLevel.Minimal_Default'
[2018.08.11-11.17.52:962][917]LogSlate: Updating window title bar state: overlay mode, drag disabled, window buttons hidden, title bar hidden
[2018.08.11-11.17.52:976][918]LogPlayLevel: Display: Destroying online subsystem :Context_5
[2018.08.11-11.17.55:143][ 40]LogTemp: Repeating last play command: Selected Viewport
[2018.08.11-11.17.55:158][ 40]LogBlueprintUserMessages: Early PlayInEditor Detection: Level '/Game/StarterContent/Maps/Minimal_Default.Minimal_Default:PersistentLevel' has LevelScriptBlueprint '/Game/StarterContent/Maps/Minimal_Default.Minimal_Default:PersistentLevel.Minimal_Default' with GeneratedClass '/Game/StarterContent/Maps/Minimal_Default.Minimal_Default_C' with ClassGeneratedBy '/Game/StarterContent/Maps/Minimal_Default.Minimal_Default:PersistentLevel.Minimal_Default'
[2018.08.11-11.17.55:158][ 40]LogPlayLevel: PlayLevel: No blueprints needed recompiling
[2018.08.11-11.17.55:158][ 40]PIE: New page: PIE session: Minimal_Default (11 авг. 2018 г., 17:17:55)
[2018.08.11-11.17.55:158][ 40]LogPlayLevel: Creating play world package: /Game/StarterContent/Maps/UEDPIE_0_Minimal_Default
[2018.08.11-11.17.55:162][ 40]LogPlayLevel: PIE: StaticDuplicateObject took: (0.003977s)
[2018.08.11-11.17.55:163][ 40]LogAIModule: Creating AISystem for world Minimal_Default
[2018.08.11-11.17.55:164][ 40]LogPlayLevel: PIE: World Init took: (0.001376s)
[2018.08.11-11.17.55:164][ 40]LogPlayLevel: PIE: Created PIE world by copying editor world from /Game/StarterContent/Maps/Minimal_Default.Minimal_Default to /Game/StarterContent/Maps/UEDPIE_0_Minimal_Default.Minimal_Default (0.005532s)
[2018.08.11-11.17.55:192][ 40]LogInit: XAudio2 using 'Динамики (Conexant SmartAudio HD)' : 2 channels at 48 kHz using 32 bits per sample (channel mask 0x3)
[2018.08.11-11.17.56:203][ 40]LogInit: FAudioDevice initialized.
[2018.08.11-11.17.56:233][ 40]LogLoad: Game class is 'GameMode'
[2018.08.11-11.17.56:234][ 40]LogWorld: Bringing World /Game/StarterContent/Maps/UEDPIE_0_Minimal_Default.Minimal_Default up for play (max tick rate 60) at 2018.08.11-14.17.56
[2018.08.11-11.17.56:235][ 40]LogWorld: Bringing up level for play took: 0.000868
[2018.08.11-11.17.56:247][ 40]LogGameMode: Display: Match State Changed from EnteringMap to WaitingToStart
[2018.08.11-11.17.56:247][ 40]LogGameState: Match State Changed from EnteringMap to WaitingToStart
[2018.08.11-11.17.56:247][ 40]LogGameMode: Display: Match State Changed from WaitingToStart to InProgress
[2018.08.11-11.17.56:249][ 40]LogGameState: Match State Changed from WaitingToStart to InProgress
[2018.08.11-11.17.56:249][ 40]PIE: Play in editor start time for /Game/StarterContent/Maps/UEDPIE_0_Minimal_Default 0,142
[2018.08.11-11.17.56:249][ 40]LogBlueprintUserMessages: Late PlayInEditor Detection: Level '/Game/StarterContent/Maps/Minimal_Default.Minimal_Default:PersistentLevel' has LevelScriptBlueprint '/Game/StarterContent/Maps/Minimal_Default.Minimal_Default:PersistentLevel.Minimal_Default' with GeneratedClass '/Game/StarterContent/Maps/Minimal_Default.Minimal_Default_C' with ClassGeneratedBy '/Game/StarterContent/Maps/Minimal_Default.Minimal_Default:PersistentLevel.Minimal_Default'
[2018.08.11-11.18.07:381][683]LogBlueprintUserMessages: Early EndPlayMap Detection: Level '/Game/StarterContent/Maps/Minimal_Default.Minimal_Default:PersistentLevel' has LevelScriptBlueprint '/Game/StarterContent/Maps/Minimal_Default.Minimal_Default:PersistentLevel.Minimal_Default' with GeneratedClass '/Game/StarterContent/Maps/Minimal_Default.Minimal_Default_C' with ClassGeneratedBy '/Game/StarterContent/Maps/Minimal_Default.Minimal_Default:PersistentLevel.Minimal_Default'
[2018.08.11-11.18.07:381][683]LogSlate: Updating window title bar state: overlay mode, drag disabled, window buttons hidden, title bar hidden
[2018.08.11-11.18.07:438][683]LogPlayLevel: Display: Shutting down PIE online subsystems
[2018.08.11-11.18.07:439][683]LogBlueprintUserMessages: Late EndPlayMap Detection: Level '/Game/StarterContent/Maps/Minimal_Default.Minimal_Default:PersistentLevel' has LevelScriptBlueprint '/Game/StarterContent/Maps/Minimal_Default.Minimal_Default:PersistentLevel.Minimal_Default' with GeneratedClass '/Game/StarterContent/Maps/Minimal_Default.Minimal_Default_C' with ClassGeneratedBy '/Game/StarterContent/Maps/Minimal_Default.Minimal_Default:PersistentLevel.Minimal_Default'
[2018.08.11-11.18.07:469][683]LogSlate: Updating window title bar state: overlay mode, drag disabled, window buttons hidden, title bar hidden
[2018.08.11-11.18.07:484][684]LogPlayLevel: Display: Destroying online subsystem :Context_6
[2018.08.11-11.18.08:728][754]LogTemp: Repeating last play command: Selected Viewport
[2018.08.11-11.18.08:742][754]LogBlueprintUserMessages: Early PlayInEditor Detection: Level '/Game/StarterContent/Maps/Minimal_Default.Minimal_Default:PersistentLevel' has LevelScriptBlueprint '/Game/StarterContent/Maps/Minimal_Default.Minimal_Default:PersistentLevel.Minimal_Default' with GeneratedClass '/Game/StarterContent/Maps/Minimal_Default.Minimal_Default_C' with ClassGeneratedBy '/Game/StarterContent/Maps/Minimal_Default.Minimal_Default:PersistentLevel.Minimal_Default'
[2018.08.11-11.18.08:743][754]LogPlayLevel: PlayLevel: No blueprints needed recompiling
[2018.08.11-11.18.08:743][754]PIE: New page: PIE session: Minimal_Default (11 авг. 2018 г., 17:18:08)
[2018.08.11-11.18.08:743][754]LogPlayLevel: Creating play world package: /Game/StarterContent/Maps/UEDPIE_0_Minimal_Default
[2018.08.11-11.18.08:749][754]LogPlayLevel: PIE: StaticDuplicateObject took: (0.006404s)
[2018.08.11-11.18.08:750][754]LogAIModule: Creating AISystem for world Minimal_Default
[2018.08.11-11.18.08:751][754]LogPlayLevel: PIE: World Init took: (0.001198s)
[2018.08.11-11.18.08:751][754]LogPlayLevel: PIE: Created PIE world by copying editor world from /Game/StarterContent/Maps/Minimal_Default.Minimal_Default to /Game/StarterContent/Maps/UEDPIE_0_Minimal_Default.Minimal_Default (0.007821s)
[2018.08.11-11.18.08:781][754]LogInit: XAudio2 using 'Динамики (Conexant SmartAudio HD)' : 2 channels at 48 kHz using 32 bits per sample (channel mask 0x3)
[2018.08.11-11.18.09:792][754]LogInit: FAudioDevice initialized.
[2018.08.11-11.18.09:823][754]LogLoad: Game class is 'FunctionalTestGameMode'
[2018.08.11-11.18.09:824][754]LogWorld: Bringing World /Game/StarterContent/Maps/UEDPIE_0_Minimal_Default.Minimal_Default up for play (max tick rate 60) at 2018.08.11-14.18.09
[2018.08.11-11.18.09:824][754]LogWorld: Bringing up level for play took: 0.000837
[2018.08.11-11.18.09:838][754]PIE: Play in editor start time for /Game/StarterContent/Maps/UEDPIE_0_Minimal_Default 1,732
[2018.08.11-11.18.09:839][754]LogBlueprintUserMessages: Late PlayInEditor Detection: Level '/Game/StarterContent/Maps/Minimal_Default.Minimal_Default:PersistentLevel' has LevelScriptBlueprint '/Game/StarterContent/Maps/Minimal_Default.Minimal_Default:PersistentLevel.Minimal_Default' with GeneratedClass '/Game/StarterContent/Maps/Minimal_Default.Minimal_Default_C' with ClassGeneratedBy '/Game/StarterContent/Maps/Minimal_Default.Minimal_Default:PersistentLevel.Minimal_Default'
[2018.08.11-11.18.12:322][897]LogNet: Browse: /Game/Level/World
[2018.08.11-11.18.12:322][897]LogLoad: LoadMap: /Game/Level/World
[2018.08.11-11.18.12:356][897]LogPlayLevel: Creating play world package: /Game/Level/UEDPIE_0_World
[2018.08.11-11.18.12:357][897]LogPlayLevel: PIE: StaticDuplicateObject took: (0.000612s)
[2018.08.11-11.18.12:357][897]LogAIModule: Creating AISystem for world World
[2018.08.11-11.18.12:357][897]LogPlayLevel: PIE: World Init took: (0.000749s)
[2018.08.11-11.18.12:357][897]LogPlayLevel: PIE: Created PIE world by copying editor world from /Game/Level/World.World to /Game/Level/UEDPIE_0_World.World (0.001540s)
[2018.08.11-11.18.12:357][897]LogLoad: Game class is 'GameModeBase'
[2018.08.11-11.18.12:358][897]LogWorld: Bringing World /Game/Level/UEDPIE_0_World.World up for play (max tick rate 60) at 2018.08.11-14.18.12
[2018.08.11-11.18.12:359][897]LogWorld: Bringing up level for play took: 0.000770
[2018.08.11-11.18.12:359][897]LogGameMode: FindPlayerStart: PATHS NOT DEFINED or NO PLAYERSTART with positive rating
[2018.08.11-11.18.12:360][897]LogLoad: Took 0.037909 seconds to LoadMap(/Game/Level/UEDPIE_0_World)
[2018.08.11-11.18.28:358][556]LogBlueprintUserMessages: Early EndPlayMap Detection: Level '/Game/StarterContent/Maps/Minimal_Default.Minimal_Default:PersistentLevel' has LevelScriptBlueprint '/Game/StarterContent/Maps/Minimal_Default.Minimal_Default:PersistentLevel.Minimal_Default' with GeneratedClass '/Game/StarterContent/Maps/Minimal_Default.Minimal_Default_C' with ClassGeneratedBy '/Game/StarterContent/Maps/Minimal_Default.Minimal_Default:PersistentLevel.Minimal_Default'
[2018.08.11-11.18.28:359][556]LogSlate: Updating window title bar state: overlay mode, drag disabled, window buttons hidden, title bar hidden
[2018.08.11-11.18.28:397][556]LogPlayLevel: Display: Shutting down PIE online subsystems
[2018.08.11-11.18.28:397][556]LogBlueprintUserMessages: Late EndPlayMap Detection: Level '/Game/StarterContent/Maps/Minimal_Default.Minimal_Default:PersistentLevel' has LevelScriptBlueprint '/Game/StarterContent/Maps/Minimal_Default.Minimal_Default:PersistentLevel.Minimal_Default' with GeneratedClass '/Game/StarterContent/Maps/Minimal_Default.Minimal_Default_C' with ClassGeneratedBy '/Game/StarterContent/Maps/Minimal_Default.Minimal_Default:PersistentLevel.Minimal_Default'
[2018.08.11-11.18.28:426][556]LogSlate: Updating window title bar state: overlay mode, drag disabled, window buttons hidden, title bar hidden
[2018.08.11-11.18.28:495][557]LogPlayLevel: Display: Destroying online subsystem :Context_7
[2018.08.11-11.18.30:453][663]LogTemp: Repeating last play command: Selected Viewport
[2018.08.11-11.18.30:468][663]LogBlueprintUserMessages: Early PlayInEditor Detection: Level '/Game/StarterContent/Maps/Minimal_Default.Minimal_Default:PersistentLevel' has LevelScriptBlueprint '/Game/StarterContent/Maps/Minimal_Default.Minimal_Default:PersistentLevel.Minimal_Default' with GeneratedClass '/Game/StarterContent/Maps/Minimal_Default.Minimal_Default_C' with ClassGeneratedBy '/Game/StarterContent/Maps/Minimal_Default.Minimal_Default:PersistentLevel.Minimal_Default'
[2018.08.11-11.18.30:468][663]LogPlayLevel: PlayLevel: No blueprints needed recompiling
[2018.08.11-11.18.30:468][663]PIE: New page: PIE session: Minimal_Default (11 авг. 2018 г., 17:18:30)
[2018.08.11-11.18.30:468][663]LogPlayLevel: Creating play world package: /Game/StarterContent/Maps/UEDPIE_0_Minimal_Default
[2018.08.11-11.18.30:472][663]LogPlayLevel: PIE: StaticDuplicateObject took: (0.004094s)
[2018.08.11-11.18.30:473][663]LogAIModule: Creating AISystem for world Minimal_Default
[2018.08.11-11.18.30:473][663]LogPlayLevel: PIE: World Init took: (0.000990s)
[2018.08.11-11.18.30:473][663]LogPlayLevel: PIE: Created PIE world by copying editor world from /Game/StarterContent/Maps/Minimal_Default.Minimal_Default to /Game/StarterContent/Maps/UEDPIE_0_Minimal_Default.Minimal_Default (0.005245s)
[2018.08.11-11.18.30:502][663]LogInit: XAudio2 using 'Динамики (Conexant SmartAudio HD)' : 2 channels at 48 kHz using 32 bits per sample (channel mask 0x3)
[2018.08.11-11.18.31:513][663]LogInit: FAudioDevice initialized.
[2018.08.11-11.18.31:545][663]LogLoad: Game class is 'RenderToTexture_Game_C'
[2018.08.11-11.18.31:546][663]LogWorld: Bringing World /Game/StarterContent/Maps/UEDPIE_0_Minimal_Default.Minimal_Default up for play (max tick rate 60) at 2018.08.11-14.18.31
[2018.08.11-11.18.31:546][663]LogWorld: Bringing up level for play took: 0.000875
[2018.08.11-11.18.31:559][663]LogGameMode: Display: Match State Changed from EnteringMap to WaitingToStart
[2018.08.11-11.18.31:559][663]LogGameState: Match State Changed from EnteringMap to WaitingToStart
[2018.08.11-11.18.31:559][663]LogGameMode: Display: Match State Changed from WaitingToStart to InProgress
[2018.08.11-11.18.31:626][663]LogGameState: Match State Changed from WaitingToStart to InProgress
[2018.08.11-11.18.31:626][663]PIE: Play in editor start time for /Game/StarterContent/Maps/UEDPIE_0_Minimal_Default 1,52
[2018.08.11-11.18.31:626][663]LogBlueprintUserMessages: Late PlayInEditor Detection: Level '/Game/StarterContent/Maps/Minimal_Default.Minimal_Default:PersistentLevel' has LevelScriptBlueprint '/Game/StarterContent/Maps/Minimal_Default.Minimal_Default:PersistentLevel.Minimal_Default' with GeneratedClass '/Game/StarterContent/Maps/Minimal_Default.Minimal_Default_C' with ClassGeneratedBy '/Game/StarterContent/Maps/Minimal_Default.Minimal_Default:PersistentLevel.Minimal_Default'
[2018.08.11-11.18.31:649][664]LogScript: Warning: Script Msg: Attempted to access index 0 from array 'CallFunc_GetAllActorsOfClass_OutActors' of length 0 in '/Engine/ArtTools/RenderToTexture/Blueprints/RenderToTexture_Pawn.RenderToTexture_Pawn_C:ExecuteUbergraph_RenderToTexture_Pawn'!
[2018.08.11-11.18.31:649][664]LogScript: Warning: Script Msg: Attempted to access index 0 from array 'CallFunc_GetAllActorsOfClass_OutActors' of length 0 in '/Engine/ArtTools/RenderToTexture/Blueprints/RenderToTexture_Pawn.RenderToTexture_Pawn_C:ExecuteUbergraph_RenderToTexture_Pawn'!
[2018.08.11-11.18.31:649][664]LogScript: Warning: Accessed None trying to read property CallFunc_Array_Get_Item
	RenderToTexture_Pawn_C /Game/StarterContent/Maps/UEDPIE_0_Minimal_Default.Minimal_Default:PersistentLevel.RenderToTexture_Pawn_C_0
	Function /Engine/ArtTools/RenderToTexture/Blueprints/RenderToTexture_Pawn.RenderToTexture_Pawn_C:ExecuteUbergraph_RenderToTexture_Pawn:1917
[2018.08.11-11.18.31:663][664]PIE: Error: Blueprint Runtime Error: "Accessed None trying to read property CallFunc_Array_Get_Item". Blueprint:  RenderToTexture_Pawn Function:  Execute Ubergraph Render to Texture Pawn Graph:  EventGraph Node:  Set OrthoWidth
[2018.08.11-11.18.31:663][664]LogScript: Warning: Script Msg: Attempted to access index 0 from array 'CallFunc_GetAllActorsOfClass_OutActors' of length 0 in '/Engine/ArtTools/RenderToTexture/Blueprints/RenderToTexture_Pawn.RenderToTexture_Pawn_C:ExecuteUbergraph_RenderToTexture_Pawn'!
[2018.08.11-11.18.31:663][664]LogScript: Warning: Accessed None trying to read property CallFunc_Array_Get_Item
	RenderToTexture_Pawn_C /Game/StarterContent/Maps/UEDPIE_0_Minimal_Default.Minimal_Default:PersistentLevel.RenderToTexture_Pawn_C_0
	Function /Engine/ArtTools/RenderToTexture/Blueprints/RenderToTexture_Pawn.RenderToTexture_Pawn_C:ExecuteUbergraph_RenderToTexture_Pawn:1981
[2018.08.11-11.18.31:663][664]PIE: Error: Blueprint Runtime Error: "Accessed None trying to read property CallFunc_Array_Get_Item". Blueprint:  RenderToTexture_Pawn Function:  Execute Ubergraph Render to Texture Pawn Graph:  EventGraph Node:  SetWorldLocation
[2018.08.11-11.18.31:663][664]LogScript: Warning: Accessed None
	RenderToTexture_Pawn_C /Game/StarterContent/Maps/UEDPIE_0_Minimal_Default.Minimal_Default:PersistentLevel.RenderToTexture_Pawn_C_0
	Function /Engine/ArtTools/RenderToTexture/Blueprints/RenderToTexture_Pawn.RenderToTexture_Pawn_C:ExecuteUbergraph_RenderToTexture_Pawn:1996
[2018.08.11-11.18.31:663][664]PIE: Error: Blueprint Runtime Error: "Accessed None". Blueprint:  RenderToTexture_Pawn Function:  Execute Ubergraph Render to Texture Pawn Graph:  EventGraph Node:  SetWorldLocation
[2018.08.11-11.18.31:663][664]LogScript: Warning: Script Msg: Attempted to access index 0 from array 'CallFunc_GetAllActorsOfClass_OutActors' of length 0 in '/Engine/ArtTools/RenderToTexture/Blueprints/RenderToTexture_Pawn.RenderToTexture_Pawn_C:ExecuteUbergraph_RenderToTexture_Pawn'!
[2018.08.11-11.18.31:663][664]LogScript: Warning: Accessed None trying to read property CallFunc_Array_Get_Item
	RenderToTexture_Pawn_C /Game/StarterContent/Maps/UEDPIE_0_Minimal_Default.Minimal_Default:PersistentLevel.RenderToTexture_Pawn_C_0
	Function /Engine/ArtTools/RenderToTexture/Blueprints/RenderToTexture_Pawn.RenderToTexture_Pawn_C:ExecuteUbergraph_RenderToTexture_Pawn:1A36
[2018.08.11-11.18.31:663][664]PIE: Error: Blueprint Runtime Error: "Accessed None trying to read property CallFunc_Array_Get_Item". Blueprint:  RenderToTexture_Pawn Function:  Execute Ubergraph Render to Texture Pawn Graph:  EventGraph Node:  SetWorldRotation
[2018.08.11-11.18.31:663][664]LogScript: Warning: Accessed None
	RenderToTexture_Pawn_C /Game/StarterContent/Maps/UEDPIE_0_Minimal_Default.Minimal_Default:PersistentLevel.RenderToTexture_Pawn_C_0
	Function /Engine/ArtTools/RenderToTexture/Blueprints/RenderToTexture_Pawn.RenderToTexture_Pawn_C:ExecuteUbergraph_RenderToTexture_Pawn:1A4B
[2018.08.11-11.18.31:664][664]PIE: Error: Blueprint Runtime Error: "Accessed None". Blueprint:  RenderToTexture_Pawn Function:  Execute Ubergraph Render to Texture Pawn Graph:  EventGraph Node:  SetWorldRotation
[2018.08.11-11.18.31:670][664]Cmd: r.BufferVisualizationDumpFrames 1
[2018.08.11-11.18.31:678][664]r.BufferVisualizationDumpFrames = "1"
[2018.08.11-11.18.31:694][664]LogScript: Warning: Accessed None trying to read property Generator
	RenderToTexture_Pawn_C /Game/StarterContent/Maps/UEDPIE_0_Minimal_Default.Minimal_Default:PersistentLevel.RenderToTexture_Pawn_C_0
	Function /Engine/ArtTools/RenderToTexture/Blueprints/RenderToTexture_Pawn.RenderToTexture_Pawn_C:ExecuteUbergraph_RenderToTexture_Pawn:1B09
[2018.08.11-11.18.31:694][664]PIE: Error: Blueprint Runtime Error: "Accessed None trying to read property Generator". Blueprint:  RenderToTexture_Pawn Function:  Execute Ubergraph Render to Texture Pawn Graph:  EventGraph Node:  Execute Console Command
[2018.08.11-11.18.31:694][664]LogScript: Warning: Script Msg: Attempted to access index 0 from array 'CallFunc_GetAllActorsOfClass_OutActors' of length 0 in '/Engine/ArtTools/RenderToTexture/Blueprints/RenderToTexture_Pawn.RenderToTexture_Pawn_C:ExecuteUbergraph_RenderToTexture_Pawn'!
[2018.08.11-11.18.31:694][664]LogScript: Warning: Accessed None trying to read property CallFunc_Array_Get_Item
	RenderToTexture_Pawn_C /Game/StarterContent/Maps/UEDPIE_0_Minimal_Default.Minimal_Default:PersistentLevel.RenderToTexture_Pawn_C_0
	Function /Engine/ArtTools/RenderToTexture/Blueprints/RenderToTexture_Pawn.RenderToTexture_Pawn_C:ExecuteUbergraph_RenderToTexture_Pawn:1B69
[2018.08.11-11.18.31:695][664]PIE: Error: Blueprint Runtime Error: "Accessed None trying to read property CallFunc_Array_Get_Item". Blueprint:  RenderToTexture_Pawn Function:  Execute Ubergraph Render to Texture Pawn Graph:  EventGraph Node:  Branch
[2018.08.11-11.18.31:695][664]Cmd: r.BufferVisualizationDumpFramesAsHDR 0
[2018.08.11-11.18.31:695][664]r.BufferVisualizationDumpFramesAsHDR = "0"
[2018.08.11-11.18.33:843][783]LogGameMode: Display: Match State Changed from InProgress to LeavingMap
[2018.08.11-11.18.33:843][783]LogGameState: Match State Changed from InProgress to LeavingMap
[2018.08.11-11.18.33:843][783]LogNet: Browse: /Game/Level/World
[2018.08.11-11.18.33:843][783]LogLoad: LoadMap: /Game/Level/World
[2018.08.11-11.18.33:873][783]LogPlayLevel: Creating play world package: /Game/Level/UEDPIE_0_World
[2018.08.11-11.18.33:873][783]LogPlayLevel: PIE: StaticDuplicateObject took: (0.000589s)
[2018.08.11-11.18.33:874][783]LogAIModule: Creating AISystem for world World
[2018.08.11-11.18.33:874][783]LogPlayLevel: PIE: World Init took: (0.000719s)
[2018.08.11-11.18.33:874][783]LogPlayLevel: PIE: Created PIE world by copying editor world from /Game/Level/World.World to /Game/Level/UEDPIE_0_World.World (0.001468s)
[2018.08.11-11.18.33:874][783]LogLoad: Game class is 'GameModeBase'
[2018.08.11-11.18.33:875][783]LogWorld: Bringing World /Game/Level/UEDPIE_0_World.World up for play (max tick rate 60) at 2018.08.11-14.18.33
[2018.08.11-11.18.33:876][783]LogWorld: Bringing up level for play took: 0.000813
[2018.08.11-11.18.33:876][783]LogGameMode: FindPlayerStart: PATHS NOT DEFINED or NO PLAYERSTART with positive rating
[2018.08.11-11.18.33:877][783]LogLoad: Took 0.034584 seconds to LoadMap(/Game/Level/UEDPIE_0_World)
[2018.08.11-11.18.37:257][977]LogBlueprintUserMessages: Early EndPlayMap Detection: Level '/Game/StarterContent/Maps/Minimal_Default.Minimal_Default:PersistentLevel' has LevelScriptBlueprint '/Game/StarterContent/Maps/Minimal_Default.Minimal_Default:PersistentLevel.Minimal_Default' with GeneratedClass '/Game/StarterContent/Maps/Minimal_Default.Minimal_Default_C' with ClassGeneratedBy '/Game/StarterContent/Maps/Minimal_Default.Minimal_Default:PersistentLevel.Minimal_Default'
[2018.08.11-11.18.37:257][977]LogSlate: Updating window title bar state: overlay mode, drag disabled, window buttons hidden, title bar hidden
[2018.08.11-11.18.37:294][977]LogPlayLevel: Display: Shutting down PIE online subsystems
[2018.08.11-11.18.37:294][977]LogBlueprintUserMessages: Late EndPlayMap Detection: Level '/Game/StarterContent/Maps/Minimal_Default.Minimal_Default:PersistentLevel' has LevelScriptBlueprint '/Game/StarterContent/Maps/Minimal_Default.Minimal_Default:PersistentLevel.Minimal_Default' with GeneratedClass '/Game/StarterContent/Maps/Minimal_Default.Minimal_Default_C' with ClassGeneratedBy '/Game/StarterContent/Maps/Minimal_Default.Minimal_Default:PersistentLevel.Minimal_Default'
[2018.08.11-11.18.37:321][977]LogSlate: Updating window title bar state: overlay mode, drag disabled, window buttons hidden, title bar hidden
[2018.08.11-11.18.37:358][979]LogPlayLevel: Display: Destroying online subsystem :Context_8
[2018.08.11-11.18.39:169][ 60]LogSlate: Prevented a slow task dialog from being summoned while a context menu was open
[2018.08.11-11.18.42:894][276]LogTemp: Repeating last play command: Selected Viewport
[2018.08.11-11.18.42:909][276]LogBlueprintUserMessages: Early PlayInEditor Detection: Level '/Game/StarterContent/Maps/Minimal_Default.Minimal_Default:PersistentLevel' has LevelScriptBlueprint '/Game/StarterContent/Maps/Minimal_Default.Minimal_Default:PersistentLevel.Minimal_Default' with GeneratedClass '/Game/StarterContent/Maps/Minimal_Default.Minimal_Default_C' with ClassGeneratedBy '/Game/StarterContent/Maps/Minimal_Default.Minimal_Default:PersistentLevel.Minimal_Default'
[2018.08.11-11.18.42:909][276]LogPlayLevel: PlayLevel: No blueprints needed recompiling
[2018.08.11-11.18.42:909][276]PIE: New page: PIE session: Minimal_Default (11 авг. 2018 г., 17:18:42)
[2018.08.11-11.18.42:909][276]LogPlayLevel: Creating play world package: /Game/StarterContent/Maps/UEDPIE_0_Minimal_Default
[2018.08.11-11.18.42:913][276]LogPlayLevel: PIE: StaticDuplicateObject took: (0.003434s)
[2018.08.11-11.18.42:914][276]LogAIModule: Creating AISystem for world Minimal_Default
[2018.08.11-11.18.42:914][276]LogPlayLevel: PIE: World Init took: (0.001053s)
[2018.08.11-11.18.42:914][276]LogPlayLevel: PIE: Created PIE world by copying editor world from /Game/StarterContent/Maps/Minimal_Default.Minimal_Default to /Game/StarterContent/Maps/UEDPIE_0_Minimal_Default.Minimal_Default (0.004684s)
[2018.08.11-11.18.42:942][276]LogInit: XAudio2 using 'Динамики (Conexant SmartAudio HD)' : 2 channels at 48 kHz using 32 bits per sample (channel mask 0x3)
[2018.08.11-11.18.43:952][276]LogInit: FAudioDevice initialized.
[2018.08.11-11.18.43:987][276]LogLoad: Game class is 'GameMode'
[2018.08.11-11.18.43:988][276]LogWorld: Bringing World /Game/StarterContent/Maps/UEDPIE_0_Minimal_Default.Minimal_Default up for play (max tick rate 60) at 2018.08.11-14.18.43
[2018.08.11-11.18.43:988][276]LogWorld: Bringing up level for play took: 0.001067
[2018.08.11-11.18.44:000][276]LogGameMode: Display: Match State Changed from EnteringMap to WaitingToStart
[2018.08.11-11.18.44:001][276]LogGameState: Match State Changed from EnteringMap to WaitingToStart
[2018.08.11-11.18.44:001][276]LogGameMode: Display: Match State Changed from WaitingToStart to InProgress
[2018.08.11-11.18.44:002][276]LogGameState: Match State Changed from WaitingToStart to InProgress
[2018.08.11-11.18.44:002][276]PIE: Play in editor start time for /Game/StarterContent/Maps/UEDPIE_0_Minimal_Default 1,896
[2018.08.11-11.18.44:002][276]LogBlueprintUserMessages: Late PlayInEditor Detection: Level '/Game/StarterContent/Maps/Minimal_Default.Minimal_Default:PersistentLevel' has LevelScriptBlueprint '/Game/StarterContent/Maps/Minimal_Default.Minimal_Default:PersistentLevel.Minimal_Default' with GeneratedClass '/Game/StarterContent/Maps/Minimal_Default.Minimal_Default_C' with ClassGeneratedBy '/Game/StarterContent/Maps/Minimal_Default.Minimal_Default:PersistentLevel.Minimal_Default'
[2018.08.11-11.19.07:773][585]LogSlate: FSceneViewport::OnFocusLost() reason 0
[2018.08.11-11.19.07:910][592]LogGameMode: Display: Match State Changed from InProgress to LeavingMap
[2018.08.11-11.19.07:910][592]LogGameState: Match State Changed from InProgress to LeavingMap
[2018.08.11-11.19.07:910][592]LogNet: Browse: /Game/Level/World
[2018.08.11-11.19.07:927][592]LogLoad: LoadMap: /Game/Level/World
[2018.08.11-11.19.07:960][592]LogPlayLevel: Creating play world package: /Game/Level/UEDPIE_0_World
[2018.08.11-11.19.07:961][592]LogPlayLevel: PIE: StaticDuplicateObject took: (0.000640s)
[2018.08.11-11.19.07:961][592]LogAIModule: Creating AISystem for world World
[2018.08.11-11.19.07:961][592]LogPlayLevel: PIE: World Init took: (0.000689s)
[2018.08.11-11.19.07:961][592]LogPlayLevel: PIE: Created PIE world by copying editor world from /Game/Level/World.World to /Game/Level/UEDPIE_0_World.World (0.001501s)
[2018.08.11-11.19.07:961][592]LogLoad: Game class is 'GameModeBase'
[2018.08.11-11.19.07:962][592]LogWorld: Bringing World /Game/Level/UEDPIE_0_World.World up for play (max tick rate 60) at 2018.08.11-14.19.07
[2018.08.11-11.19.07:963][592]LogWorld: Bringing up level for play took: 0.000506
[2018.08.11-11.19.07:963][592]LogGameMode: FindPlayerStart: PATHS NOT DEFINED or NO PLAYERSTART with positive rating
[2018.08.11-11.19.07:964][592]LogLoad: Took 0.036672 seconds to LoadMap(/Game/Level/UEDPIE_0_World)
[2018.08.11-11.19.12:462][861]LogBlueprintUserMessages: Early EndPlayMap Detection: Level '/Game/StarterContent/Maps/Minimal_Default.Minimal_Default:PersistentLevel' has LevelScriptBlueprint '/Game/StarterContent/Maps/Minimal_Default.Minimal_Default:PersistentLevel.Minimal_Default' with GeneratedClass '/Game/StarterContent/Maps/Minimal_Default.Minimal_Default_C' with ClassGeneratedBy '/Game/StarterContent/Maps/Minimal_Default.Minimal_Default:PersistentLevel.Minimal_Default'
[2018.08.11-11.19.12:462][861]LogSlate: Updating window title bar state: overlay mode, drag disabled, window buttons hidden, title bar hidden
[2018.08.11-11.19.12:501][861]LogPlayLevel: Display: Shutting down PIE online subsystems
[2018.08.11-11.19.12:502][861]LogBlueprintUserMessages: Late EndPlayMap Detection: Level '/Game/StarterContent/Maps/Minimal_Default.Minimal_Default:PersistentLevel' has LevelScriptBlueprint '/Game/StarterContent/Maps/Minimal_Default.Minimal_Default:PersistentLevel.Minimal_Default' with GeneratedClass '/Game/StarterContent/Maps/Minimal_Default.Minimal_Default_C' with ClassGeneratedBy '/Game/StarterContent/Maps/Minimal_Default.Minimal_Default:PersistentLevel.Minimal_Default'
[2018.08.11-11.19.12:529][861]LogSlate: Updating window title bar state: overlay mode, drag disabled, window buttons hidden, title bar hidden
[2018.08.11-11.19.12:576][864]LogPlayLevel: Display: Destroying online subsystem :Context_9
[2018.08.11-11.19.14:636][980]LogTemp: Repeating last play command: Selected Viewport
[2018.08.11-11.19.14:652][980]LogBlueprintUserMessages: Early PlayInEditor Detection: Level '/Game/StarterContent/Maps/Minimal_Default.Minimal_Default:PersistentLevel' has LevelScriptBlueprint '/Game/StarterContent/Maps/Minimal_Default.Minimal_Default:PersistentLevel.Minimal_Default' with GeneratedClass '/Game/StarterContent/Maps/Minimal_Default.Minimal_Default_C' with ClassGeneratedBy '/Game/StarterContent/Maps/Minimal_Default.Minimal_Default:PersistentLevel.Minimal_Default'
[2018.08.11-11.19.14:652][980]LogPlayLevel: PlayLevel: No blueprints needed recompiling
[2018.08.11-11.19.14:652][980]PIE: New page: PIE session: Minimal_Default (11 авг. 2018 г., 17:19:14)
[2018.08.11-11.19.14:652][980]LogPlayLevel: Creating play world package: /Game/StarterContent/Maps/UEDPIE_0_Minimal_Default
[2018.08.11-11.19.14:656][980]LogPlayLevel: PIE: StaticDuplicateObject took: (0.003413s)
[2018.08.11-11.19.14:657][980]LogAIModule: Creating AISystem for world Minimal_Default
[2018.08.11-11.19.14:657][980]LogPlayLevel: PIE: World Init took: (0.001198s)
[2018.08.11-11.19.14:657][980]LogPlayLevel: PIE: Created PIE world by copying editor world from /Game/StarterContent/Maps/Minimal_Default.Minimal_Default to /Game/StarterContent/Maps/UEDPIE_0_Minimal_Default.Minimal_Default (0.004883s)
[2018.08.11-11.19.14:687][980]LogInit: XAudio2 using 'Динамики (Conexant SmartAudio HD)' : 2 channels at 48 kHz using 32 bits per sample (channel mask 0x3)
[2018.08.11-11.19.15:703][980]LogInit: FAudioDevice initialized.
[2018.08.11-11.19.15:734][980]LogLoad: Game class is 'GameMode'
[2018.08.11-11.19.15:735][980]LogWorld: Bringing World /Game/StarterContent/Maps/UEDPIE_0_Minimal_Default.Minimal_Default up for play (max tick rate 60) at 2018.08.11-14.19.15
[2018.08.11-11.19.15:735][980]LogWorld: Bringing up level for play took: 0.000902
[2018.08.11-11.19.15:747][980]LogGameMode: Display: Match State Changed from EnteringMap to WaitingToStart
[2018.08.11-11.19.15:747][980]LogGameState: Match State Changed from EnteringMap to WaitingToStart
[2018.08.11-11.19.15:747][980]LogGameMode: Display: Match State Changed from WaitingToStart to InProgress
[2018.08.11-11.19.15:748][980]LogGameState: Match State Changed from WaitingToStart to InProgress
[2018.08.11-11.19.15:749][980]PIE: Play in editor start time for /Game/StarterContent/Maps/UEDPIE_0_Minimal_Default 1,642
[2018.08.11-11.19.15:749][980]LogBlueprintUserMessages: Late PlayInEditor Detection: Level '/Game/StarterContent/Maps/Minimal_Default.Minimal_Default:PersistentLevel' has LevelScriptBlueprint '/Game/StarterContent/Maps/Minimal_Default.Minimal_Default:PersistentLevel.Minimal_Default' with GeneratedClass '/Game/StarterContent/Maps/Minimal_Default.Minimal_Default_C' with ClassGeneratedBy '/Game/StarterContent/Maps/Minimal_Default.Minimal_Default:PersistentLevel.Minimal_Default'
[2018.08.11-11.19.17:333][ 70]LogSlate: Updating window title bar state: overlay mode, drag disabled, window buttons hidden, title bar hidden
[2018.08.11-11.19.17:333][ 70]LogBlueprintUserMessages: Early EndPlayMap Detection: Level '/Game/StarterContent/Maps/Minimal_Default.Minimal_Default:PersistentLevel' has LevelScriptBlueprint '/Game/StarterContent/Maps/Minimal_Default.Minimal_Default:PersistentLevel.Minimal_Default' with GeneratedClass '/Game/StarterContent/Maps/Minimal_Default.Minimal_Default_C' with ClassGeneratedBy '/Game/StarterContent/Maps/Minimal_Default.Minimal_Default:PersistentLevel.Minimal_Default'
[2018.08.11-11.19.17:368][ 70]LogPlayLevel: Display: Shutting down PIE online subsystems
[2018.08.11-11.19.17:369][ 70]LogBlueprintUserMessages: Late EndPlayMap Detection: Level '/Game/StarterContent/Maps/Minimal_Default.Minimal_Default:PersistentLevel' has LevelScriptBlueprint '/Game/StarterContent/Maps/Minimal_Default.Minimal_Default:PersistentLevel.Minimal_Default' with GeneratedClass '/Game/StarterContent/Maps/Minimal_Default.Minimal_Default_C' with ClassGeneratedBy '/Game/StarterContent/Maps/Minimal_Default.Minimal_Default:PersistentLevel.Minimal_Default'
[2018.08.11-11.19.17:396][ 70]LogSlate: Updating window title bar state: overlay mode, drag disabled, window buttons hidden, title bar hidden
[2018.08.11-11.19.17:436][ 71]LogPlayLevel: Display: Destroying online subsystem :Context_10
[2018.08.11-11.19.22:732][357]LogTemp: Repeating last play command: Selected Viewport
[2018.08.11-11.19.22:754][357]LogBlueprintUserMessages: Early PlayInEditor Detection: Level '/Game/StarterContent/Maps/Minimal_Default.Minimal_Default:PersistentLevel' has LevelScriptBlueprint '/Game/StarterContent/Maps/Minimal_Default.Minimal_Default:PersistentLevel.Minimal_Default' with GeneratedClass '/Game/StarterContent/Maps/Minimal_Default.Minimal_Default_C' with ClassGeneratedBy '/Game/StarterContent/Maps/Minimal_Default.Minimal_Default:PersistentLevel.Minimal_Default'
[2018.08.11-11.19.22:754][357]LogPlayLevel: PlayLevel: No blueprints needed recompiling
[2018.08.11-11.19.22:755][357]PIE: New page: PIE session: Minimal_Default (11 авг. 2018 г., 17:19:22)
[2018.08.11-11.19.22:755][357]LogPlayLevel: Creating play world package: /Game/StarterContent/Maps/UEDPIE_0_Minimal_Default
[2018.08.11-11.19.22:759][357]LogPlayLevel: PIE: StaticDuplicateObject took: (0.003713s)
[2018.08.11-11.19.22:759][357]LogAIModule: Creating AISystem for world Minimal_Default
[2018.08.11-11.19.22:760][357]LogPlayLevel: PIE: World Init took: (0.001038s)
[2018.08.11-11.19.22:760][357]LogPlayLevel: PIE: Created PIE world by copying editor world from /Game/StarterContent/Maps/Minimal_Default.Minimal_Default to /Game/StarterContent/Maps/UEDPIE_0_Minimal_Default.Minimal_Default (0.004947s)
[2018.08.11-11.19.22:791][357]LogInit: XAudio2 using 'Динамики (Conexant SmartAudio HD)' : 2 channels at 48 kHz using 32 bits per sample (channel mask 0x3)
[2018.08.11-11.19.23:802][357]LogInit: FAudioDevice initialized.
[2018.08.11-11.19.23:832][357]LogLoad: Game class is 'GameMode'
[2018.08.11-11.19.23:833][357]LogWorld: Bringing World /Game/StarterContent/Maps/UEDPIE_0_Minimal_Default.Minimal_Default up for play (max tick rate 60) at 2018.08.11-14.19.23
[2018.08.11-11.19.23:834][357]LogWorld: Bringing up level for play took: 0.001010
[2018.08.11-11.19.23:846][357]LogGameMode: Display: Match State Changed from EnteringMap to WaitingToStart
[2018.08.11-11.19.23:847][357]LogGameState: Match State Changed from EnteringMap to WaitingToStart
[2018.08.11-11.19.23:847][357]LogGameMode: Display: Match State Changed from WaitingToStart to InProgress
[2018.08.11-11.19.23:848][357]LogGameState: Match State Changed from WaitingToStart to InProgress
[2018.08.11-11.19.23:848][357]PIE: Play in editor start time for /Game/StarterContent/Maps/UEDPIE_0_Minimal_Default 1,742
[2018.08.11-11.19.23:848][357]LogBlueprintUserMessages: Late PlayInEditor Detection: Level '/Game/StarterContent/Maps/Minimal_Default.Minimal_Default:PersistentLevel' has LevelScriptBlueprint '/Game/StarterContent/Maps/Minimal_Default.Minimal_Default:PersistentLevel.Minimal_Default' with GeneratedClass '/Game/StarterContent/Maps/Minimal_Default.Minimal_Default_C' with ClassGeneratedBy '/Game/StarterContent/Maps/Minimal_Default.Minimal_Default:PersistentLevel.Minimal_Default'
[2018.08.11-11.19.26:289][487]LogSlate: Updating window title bar state: overlay mode, drag disabled, window buttons hidden, title bar hidden
[2018.08.11-11.19.26:289][487]LogBlueprintUserMessages: Early EndPlayMap Detection: Level '/Game/StarterContent/Maps/Minimal_Default.Minimal_Default:PersistentLevel' has LevelScriptBlueprint '/Game/StarterContent/Maps/Minimal_Default.Minimal_Default:PersistentLevel.Minimal_Default' with GeneratedClass '/Game/StarterContent/Maps/Minimal_Default.Minimal_Default_C' with ClassGeneratedBy '/Game/StarterContent/Maps/Minimal_Default.Minimal_Default:PersistentLevel.Minimal_Default'
[2018.08.11-11.19.26:333][487]LogPlayLevel: Display: Shutting down PIE online subsystems
[2018.08.11-11.19.26:333][487]LogBlueprintUserMessages: Late EndPlayMap Detection: Level '/Game/StarterContent/Maps/Minimal_Default.Minimal_Default:PersistentLevel' has LevelScriptBlueprint '/Game/StarterContent/Maps/Minimal_Default.Minimal_Default:PersistentLevel.Minimal_Default' with GeneratedClass '/Game/StarterContent/Maps/Minimal_Default.Minimal_Default_C' with ClassGeneratedBy '/Game/StarterContent/Maps/Minimal_Default.Minimal_Default:PersistentLevel.Minimal_Default'
[2018.08.11-11.19.26:360][487]LogSlate: Updating window title bar state: overlay mode, drag disabled, window buttons hidden, title bar hidden
[2018.08.11-11.19.26:402][488]LogPlayLevel: Display: Destroying online subsystem :Context_11
[2018.08.11-11.19.28:302][585]LogTemp: Repeating last play command: Selected Viewport
[2018.08.11-11.19.28:320][585]LogBlueprintUserMessages: Early PlayInEditor Detection: Level '/Game/StarterContent/Maps/Minimal_Default.Minimal_Default:PersistentLevel' has LevelScriptBlueprint '/Game/StarterContent/Maps/Minimal_Default.Minimal_Default:PersistentLevel.Minimal_Default' with GeneratedClass '/Game/StarterContent/Maps/Minimal_Default.Minimal_Default_C' with ClassGeneratedBy '/Game/StarterContent/Maps/Minimal_Default.Minimal_Default:PersistentLevel.Minimal_Default'
[2018.08.11-11.19.28:320][585]LogPlayLevel: PlayLevel: No blueprints needed recompiling
[2018.08.11-11.19.28:320][585]PIE: New page: PIE session: Minimal_Default (11 авг. 2018 г., 17:19:28)
[2018.08.11-11.19.28:321][585]LogPlayLevel: Creating play world package: /Game/StarterContent/Maps/UEDPIE_0_Minimal_Default
[2018.08.11-11.19.28:324][585]LogPlayLevel: PIE: StaticDuplicateObject took: (0.003513s)
[2018.08.11-11.19.28:325][585]LogAIModule: Creating AISystem for world Minimal_Default
[2018.08.11-11.19.28:325][585]LogPlayLevel: PIE: World Init took: (0.000916s)
[2018.08.11-11.19.28:325][585]LogPlayLevel: PIE: Created PIE world by copying editor world from /Game/StarterContent/Maps/Minimal_Default.Minimal_Default to /Game/StarterContent/Maps/UEDPIE_0_Minimal_Default.Minimal_Default (0.004591s)
[2018.08.11-11.19.28:355][585]LogInit: XAudio2 using 'Динамики (Conexant SmartAudio HD)' : 2 channels at 48 kHz using 32 bits per sample (channel mask 0x3)
[2018.08.11-11.19.29:367][585]LogInit: FAudioDevice initialized.
[2018.08.11-11.19.29:399][585]LogLoad: Game class is 'GameMode'
[2018.08.11-11.19.29:400][585]LogWorld: Bringing World /Game/StarterContent/Maps/UEDPIE_0_Minimal_Default.Minimal_Default up for play (max tick rate 60) at 2018.08.11-14.19.29
[2018.08.11-11.19.29:401][585]LogWorld: Bringing up level for play took: 0.000999
[2018.08.11-11.19.29:413][585]LogGameMode: Display: Match State Changed from EnteringMap to WaitingToStart
[2018.08.11-11.19.29:413][585]LogGameState: Match State Changed from EnteringMap to WaitingToStart
[2018.08.11-11.19.29:413][585]LogGameMode: Display: Match State Changed from WaitingToStart to InProgress
[2018.08.11-11.19.29:415][585]LogGameState: Match State Changed from WaitingToStart to InProgress
[2018.08.11-11.19.29:415][585]PIE: Play in editor start time for /Game/StarterContent/Maps/UEDPIE_0_Minimal_Default 1,309
[2018.08.11-11.19.29:415][585]LogBlueprintUserMessages: Late PlayInEditor Detection: Level '/Game/StarterContent/Maps/Minimal_Default.Minimal_Default:PersistentLevel' has LevelScriptBlueprint '/Game/StarterContent/Maps/Minimal_Default.Minimal_Default:PersistentLevel.Minimal_Default' with GeneratedClass '/Game/StarterContent/Maps/Minimal_Default.Minimal_Default_C' with ClassGeneratedBy '/Game/StarterContent/Maps/Minimal_Default.Minimal_Default:PersistentLevel.Minimal_Default'
[2018.08.11-11.19.30:591][644]LogGameMode: Display: Match State Changed from InProgress to LeavingMap
[2018.08.11-11.19.30:591][644]LogGameState: Match State Changed from InProgress to LeavingMap
[2018.08.11-11.19.30:591][644]LogNet: Browse: /Game/Level/World
[2018.08.11-11.19.30:598][644]LogLoad: LoadMap: /Game/Level/World
[2018.08.11-11.19.30:632][644]LogPlayLevel: Creating play world package: /Game/Level/UEDPIE_0_World
[2018.08.11-11.19.30:633][644]LogPlayLevel: PIE: StaticDuplicateObject took: (0.000565s)
[2018.08.11-11.19.30:633][644]LogAIModule: Creating AISystem for world World
[2018.08.11-11.19.30:633][644]LogPlayLevel: PIE: World Init took: (0.000726s)
[2018.08.11-11.19.30:634][644]LogPlayLevel: PIE: Created PIE world by copying editor world from /Game/Level/World.World to /Game/Level/UEDPIE_0_World.World (0.001488s)
[2018.08.11-11.19.30:634][644]LogLoad: Game class is 'GameModeBase'
[2018.08.11-11.19.30:634][644]LogWorld: Bringing World /Game/Level/UEDPIE_0_World.World up for play (max tick rate 60) at 2018.08.11-14.19.30
[2018.08.11-11.19.30:635][644]LogWorld: Bringing up level for play took: 0.000600
[2018.08.11-11.19.30:635][644]LogGameMode: FindPlayerStart: PATHS NOT DEFINED or NO PLAYERSTART with positive rating
[2018.08.11-11.19.30:636][644]LogLoad: Took 0.038050 seconds to LoadMap(/Game/Level/UEDPIE_0_World)
[2018.08.11-11.19.32:784][773]LogBlueprintUserMessages: Early EndPlayMap Detection: Level '/Game/StarterContent/Maps/Minimal_Default.Minimal_Default:PersistentLevel' has LevelScriptBlueprint '/Game/StarterContent/Maps/Minimal_Default.Minimal_Default:PersistentLevel.Minimal_Default' with GeneratedClass '/Game/StarterContent/Maps/Minimal_Default.Minimal_Default_C' with ClassGeneratedBy '/Game/StarterContent/Maps/Minimal_Default.Minimal_Default:PersistentLevel.Minimal_Default'
[2018.08.11-11.19.32:785][773]LogSlate: Updating window title bar state: overlay mode, drag disabled, window buttons hidden, title bar hidden
[2018.08.11-11.19.32:821][773]LogPlayLevel: Display: Shutting down PIE online subsystems
[2018.08.11-11.19.32:821][773]LogBlueprintUserMessages: Late EndPlayMap Detection: Level '/Game/StarterContent/Maps/Minimal_Default.Minimal_Default:PersistentLevel' has LevelScriptBlueprint '/Game/StarterContent/Maps/Minimal_Default.Minimal_Default:PersistentLevel.Minimal_Default' with GeneratedClass '/Game/StarterContent/Maps/Minimal_Default.Minimal_Default_C' with ClassGeneratedBy '/Game/StarterContent/Maps/Minimal_Default.Minimal_Default:PersistentLevel.Minimal_Default'
[2018.08.11-11.19.32:847][773]LogSlate: Updating window title bar state: overlay mode, drag disabled, window buttons hidden, title bar hidden
[2018.08.11-11.19.32:895][776]LogPlayLevel: Display: Destroying online subsystem :Context_12
[2018.08.11-13.05.37:231][313]LogHttp: Warning: 000001DD62AAA980: request failed, libcurl error: 6 (Couldn't resolve host name)
[2018.08.11-13.05.37:231][313]LogHttp: Warning: 000001DD62AAA980: libcurl info message cache 0 (Connection 22 seems to be dead!)
[2018.08.11-13.05.37:231][313]LogHttp: Warning: 000001DD62AAA980: libcurl info message cache 1 (Closing connection 22)
[2018.08.11-13.05.37:231][313]LogHttp: Warning: 000001DD62AAA980: libcurl info message cache 2 (Could not resolve host: datarouter.ol.epicgames.com)
[2018.08.11-13.05.37:231][313]LogHttp: Warning: 000001DD62AAA980: libcurl info message cache 3 (Closing connection 23)
[2018.08.11-13.05.46:498][338]LogSavePackage: Moving '../../../../../LudumDareProject/Saved/Minimal_Default_Auto594DEA599480DCAECB143289DB301AF1B.tmp' to '../../../../../LudumDareProject/Saved/Autosaves/Game/StarterContent/Maps/Minimal_Default_Auto5.umap'
[2018.08.11-13.05.46:501][338]LogFileHelpers: Editor autosave (incl. sublevels) for '/Game/StarterContent/Maps/Minimal_Default' took 0.793
[2018.08.11-13.05.46:501][338]LogFileHelpers: Editor autosave (incl. sublevels) for all levels took 0.793
[2018.08.11-13.08.47:061][440]LogWindowsTextInputMethodSystem: Display: IME system now deactivated.
[2018.08.11-13.08.47:061][440]LogWindowsTextInputMethodSystem: Display: IME system now deactivated.
[2018.08.11-13.12.40:801][160]LogWindowsTextInputMethodSystem: Display: IME system now deactivated.
[2018.08.11-13.12.40:801][160]LogWindowsTextInputMethodSystem: Display: IME system now deactivated.
[2018.08.11-13.15.40:646][610]LogSlate: Window 'Source Control Login' being destroyed
[2018.08.11-13.25.16:810][702]LogWindowsTextInputMethodSystem: Display: IME system now deactivated.
[2018.08.11-13.25.16:810][702]LogWindowsTextInputMethodSystem: Display: IME system now deactivated.
